running develop
/usr/lib/python3/dist-packages/setuptools/command/easy_install.py:158: EasyInstallDeprecationWarning: easy_install command is deprecated. Use build and pip and other standards-based tools.
  warnings.warn(
Removing /home/jelly/h10_sim/h10_sim/install/control/lib/python3.10/site-packages/control.egg-link (link to .)
running egg_info
writing ../build/control/control.egg-info/PKG-INFO
writing dependency_links to ../build/control/control.egg-info/dependency_links.txt
writing entry points to ../build/control/control.egg-info/entry_points.txt
writing requirements to ../build/control/control.egg-info/requires.txt
writing top-level names to ../build/control/control.egg-info/top_level.txt
reading manifest file '../build/control/control.egg-info/SOURCES.txt'
writing manifest file '../build/control/control.egg-info/SOURCES.txt'
running build
running build_py
creating /home/jelly/h10_sim/h10_sim/build/control/build
creating /home/jelly/h10_sim/h10_sim/build/control/build/lib
creating /home/jelly/h10_sim/h10_sim/build/control/build/lib/control
copying control/imu_sub.py -> /home/jelly/h10_sim/h10_sim/build/control/build/lib/control
copying control/__init__.py -> /home/jelly/h10_sim/h10_sim/build/control/build/lib/control
running install
running install_lib
creating /home/jelly/h10_sim/h10_sim/install/control/lib/python3.10/site-packages/control
copying /home/jelly/h10_sim/h10_sim/build/control/build/lib/control/imu_sub.py -> /home/jelly/h10_sim/h10_sim/install/control/lib/python3.10/site-packages/control
copying /home/jelly/h10_sim/h10_sim/build/control/build/lib/control/__init__.py -> /home/jelly/h10_sim/h10_sim/install/control/lib/python3.10/site-packages/control
byte-compiling /home/jelly/h10_sim/h10_sim/install/control/lib/python3.10/site-packages/control/imu_sub.py to imu_sub.cpython-310.pyc
byte-compiling /home/jelly/h10_sim/h10_sim/install/control/lib/python3.10/site-packages/control/__init__.py to __init__.cpython-310.pyc
running install_data
copying resource/control -> /home/jelly/h10_sim/h10_sim/install/control/share/ament_index/resource_index/packages
copying package.xml -> /home/jelly/h10_sim/h10_sim/install/control/share/control
running install_egg_info
Copying ../build/control/control.egg-info to /home/jelly/h10_sim/h10_sim/install/control/lib/python3.10/site-packages/control-0.0.0-py3.10.egg-info
running install_scripts
Installing IMU script to /home/jelly/h10_sim/h10_sim/install/control/lib/control
writing list of installed files to '/home/jelly/h10_sim/h10_sim/build/control/install.log'
