[1.079s] Invoking command in '/home/jelly/h10/h10_sim/h10_sim/control': PYTHONPATH=/home/jelly/h10/h10_sim/h10_sim/build/control/prefix_override:/usr/lib/python3/dist-packages/colcon_core/task/python/colcon_distutils_commands:/home/jelly/h10/h10_sim/h10_sim/install/control/lib/python3.10/site-packages:${PYTHONPATH} /usr/bin/python3 -W ignore:setup.py install is deprecated setup.py egg_info --egg-base ../build/control build --build-base /home/jelly/h10/h10_sim/h10_sim/build/control/build install --record /home/jelly/h10/h10_sim/h10_sim/build/control/install.log --single-version-externally-managed install_data
[1.462s] running egg_info
[1.463s] creating ../build/control/control.egg-info
[1.463s] writing ../build/control/control.egg-info/PKG-INFO
[1.463s] writing dependency_links to ../build/control/control.egg-info/dependency_links.txt
[1.463s] writing entry points to ../build/control/control.egg-info/entry_points.txt
[1.464s] writing requirements to ../build/control/control.egg-info/requires.txt
[1.464s] writing top-level names to ../build/control/control.egg-info/top_level.txt
[1.464s] writing manifest file '../build/control/control.egg-info/SOURCES.txt'
[1.466s] reading manifest file '../build/control/control.egg-info/SOURCES.txt'
[1.467s] writing manifest file '../build/control/control.egg-info/SOURCES.txt'
[1.468s] running build
[1.468s] running build_py
[1.468s] creating /home/jelly/h10/h10_sim/h10_sim/build/control/build
[1.468s] creating /home/jelly/h10/h10_sim/h10_sim/build/control/build/lib
[1.468s] creating /home/jelly/h10/h10_sim/h10_sim/build/control/build/lib/control
[1.468s] copying control/imu_sub.py -> /home/jelly/h10/h10_sim/h10_sim/build/control/build/lib/control
[1.470s] copying control/__init__.py -> /home/jelly/h10/h10_sim/h10_sim/build/control/build/lib/control
[1.470s] running install
[1.471s] running install_lib
[1.472s] creating /home/jelly/h10/h10_sim/h10_sim/install/control/lib/python3.10/site-packages/control
[1.472s] copying /home/jelly/h10/h10_sim/h10_sim/build/control/build/lib/control/imu_sub.py -> /home/jelly/h10/h10_sim/h10_sim/install/control/lib/python3.10/site-packages/control
[1.472s] copying /home/jelly/h10/h10_sim/h10_sim/build/control/build/lib/control/__init__.py -> /home/jelly/h10/h10_sim/h10_sim/install/control/lib/python3.10/site-packages/control
[1.473s] byte-compiling /home/jelly/h10/h10_sim/h10_sim/install/control/lib/python3.10/site-packages/control/imu_sub.py to imu_sub.cpython-310.pyc
[1.474s] byte-compiling /home/jelly/h10/h10_sim/h10_sim/install/control/lib/python3.10/site-packages/control/__init__.py to __init__.cpython-310.pyc
[1.474s] running install_data
[1.474s] creating /home/jelly/h10/h10_sim/h10_sim/install/control/share/ament_index
[1.474s] creating /home/jelly/h10/h10_sim/h10_sim/install/control/share/ament_index/resource_index
[1.474s] creating /home/jelly/h10/h10_sim/h10_sim/install/control/share/ament_index/resource_index/packages
[1.474s] copying resource/control -> /home/jelly/h10/h10_sim/h10_sim/install/control/share/ament_index/resource_index/packages
[1.474s] copying package.xml -> /home/jelly/h10/h10_sim/h10_sim/install/control/share/control
[1.474s] running install_egg_info
[1.478s] Copying ../build/control/control.egg-info to /home/jelly/h10/h10_sim/h10_sim/install/control/lib/python3.10/site-packages/control-0.0.0-py3.10.egg-info
[1.479s] running install_scripts
[1.512s] Installing IMU script to /home/jelly/h10/h10_sim/h10_sim/install/control/lib/control
[1.513s] writing list of installed files to '/home/jelly/h10/h10_sim/h10_sim/build/control/install.log'
[1.547s] Invoked command in '/home/jelly/h10/h10_sim/h10_sim/control' returned '0': PYTHONPATH=/home/jelly/h10/h10_sim/h10_sim/build/control/prefix_override:/usr/lib/python3/dist-packages/colcon_core/task/python/colcon_distutils_commands:/home/jelly/h10/h10_sim/h10_sim/install/control/lib/python3.10/site-packages:${PYTHONPATH} /usr/bin/python3 -W ignore:setup.py install is deprecated setup.py egg_info --egg-base ../build/control build --build-base /home/jelly/h10/h10_sim/h10_sim/build/control/build install --record /home/jelly/h10/h10_sim/h10_sim/build/control/install.log --single-version-externally-managed install_data
