[1.111s] Invoking command in '/home/jelly/h10_sim/h10_sim/build/control': PYTHONPATH=/home/jelly/h10_sim/h10_sim/build/control/prefix_override:/usr/lib/python3/dist-packages/colcon_core/task/python/colcon_distutils_commands:/home/jelly/h10_sim/h10_sim/install/control/lib/python3.10/site-packages:${PYTHONPATH} /usr/bin/python3 -W ignore:setup.py install is deprecated setup.py develop --editable --build-directory /home/jelly/h10_sim/h10_sim/build/control/build --no-deps symlink_data --force
[1.569s] running develop
[1.569s] /usr/lib/python3/dist-packages/setuptools/command/easy_install.py:158: EasyInstallDeprecationWarning: easy_install command is deprecated. Use build and pip and other standards-based tools.
[1.569s]   warnings.warn(
[1.883s] running egg_info
[1.883s] writing control.egg-info/PKG-INFO
[1.884s] writing dependency_links to control.egg-info/dependency_links.txt
[1.884s] writing entry points to control.egg-info/entry_points.txt
[1.884s] writing requirements to control.egg-info/requires.txt
[1.884s] writing top-level names to control.egg-info/top_level.txt
[1.887s] reading manifest file 'control.egg-info/SOURCES.txt'
[1.888s] writing manifest file 'control.egg-info/SOURCES.txt'
[1.891s] running build_ext
[1.891s] Creating /home/jelly/h10_sim/h10_sim/install/control/lib/python3.10/site-packages/control.egg-link (link to .)
[1.892s] Installing IMU script to /home/jelly/h10_sim/h10_sim/install/control/lib/control
[1.893s] 
[1.893s] Installed /home/jelly/h10_sim/h10_sim/build/control
[1.893s] running symlink_data
[1.893s] symbolically linking /home/jelly/h10_sim/h10_sim/build/control/resource/control -> /home/jelly/h10_sim/h10_sim/install/control/share/ament_index/resource_index/packages
[1.894s] symbolically linking /home/jelly/h10_sim/h10_sim/build/control/package.xml -> /home/jelly/h10_sim/h10_sim/install/control/share/control
[1.933s] Invoked command in '/home/jelly/h10_sim/h10_sim/build/control' returned '0': PYTHONPATH=/home/jelly/h10_sim/h10_sim/build/control/prefix_override:/usr/lib/python3/dist-packages/colcon_core/task/python/colcon_distutils_commands:/home/jelly/h10_sim/h10_sim/install/control/lib/python3.10/site-packages:${PYTHONPATH} /usr/bin/python3 -W ignore:setup.py install is deprecated setup.py develop --editable --build-directory /home/jelly/h10_sim/h10_sim/build/control/build --no-deps symlink_data --force
