[0.018s] Invoking command in '/home/jelly/h10/h10_sim/h10_sim/build/simple_auv': /usr/bin/cmake --build /home/jelly/h10/h10_sim/h10_sim/build/simple_auv -- -j8 -l8
[0.103s] Invoked command in '/home/jelly/h10/h10_sim/h10_sim/build/simple_auv' returned '0': /usr/bin/cmake --build /home/jelly/h10/h10_sim/h10_sim/build/simple_auv -- -j8 -l8
[0.170s] Invoking command in '/home/jelly/h10/h10_sim/h10_sim/build/simple_auv': /usr/bin/cmake --install /home/jelly/h10/h10_sim/h10_sim/build/simple_auv
[0.181s] -- Install configuration: ""
[0.182s] -- Up-to-date: /home/jelly/h10/h10_sim/h10_sim/install/simple_auv/share/simple_auv/models
[0.182s] -- Up-to-date: /home/jelly/h10/h10_sim/h10_sim/install/simple_auv/share/simple_auv/models/dynamics
[0.183s] -- Up-to-date: /home/jelly/h10/h10_sim/h10_sim/install/simple_auv/share/simple_auv/models/dynamics/model.sdf
[0.183s] -- Up-to-date: /home/jelly/h10/h10_sim/h10_sim/install/simple_auv/share/simple_auv/models/dynamics/model.config
[0.183s] -- Up-to-date: /home/jelly/h10/h10_sim/h10_sim/install/simple_auv/share/simple_auv/models/geometry
[0.183s] -- Up-to-date: /home/jelly/h10/h10_sim/h10_sim/install/simple_auv/share/simple_auv/models/geometry/model.sdf
[0.183s] -- Up-to-date: /home/jelly/h10/h10_sim/h10_sim/install/simple_auv/share/simple_auv/models/geometry/model.config
[0.183s] -- Up-to-date: /home/jelly/h10/h10_sim/h10_sim/install/simple_auv/share/simple_auv/models/geometry/meshes
[0.184s] -- Up-to-date: /home/jelly/h10/h10_sim/h10_sim/install/simple_auv/share/simple_auv/models/geometry/meshes/master assembly.SLDASM
[0.184s] -- Up-to-date: /home/jelly/h10/h10_sim/h10_sim/install/simple_auv/share/simple_auv/models/geometry/meshes/auv_flipped.dae
[0.184s] -- Up-to-date: /home/jelly/h10/h10_sim/h10_sim/install/simple_auv/share/simple_auv/models/geometry/meshes/auv.blend
[0.184s] -- Up-to-date: /home/jelly/h10/h10_sim/h10_sim/install/simple_auv/share/simple_auv/models/geometry/meshes/master assembly (COM at origin).SLDASM
[0.184s] -- Up-to-date: /home/jelly/h10/h10_sim/h10_sim/install/simple_auv/share/simple_auv/models/geometry/meshes/auv.dae
[0.184s] -- Up-to-date: /home/jelly/h10/h10_sim/h10_sim/install/simple_auv/share/simple_auv/models/auv
[0.185s] -- Up-to-date: /home/jelly/h10/h10_sim/h10_sim/install/simple_auv/share/simple_auv/models/auv/model.sdf
[0.185s] -- Up-to-date: /home/jelly/h10/h10_sim/h10_sim/install/simple_auv/share/simple_auv/models/auv/model.config
[0.185s] -- Up-to-date: /home/jelly/h10/h10_sim/h10_sim/install/simple_auv/share/simple_auv/worlds
[0.185s] -- Up-to-date: /home/jelly/h10/h10_sim/h10_sim/install/simple_auv/share/simple_auv/worlds/h10pool.config
[0.185s] -- Up-to-date: /home/jelly/h10/h10_sim/h10_sim/install/simple_auv/share/simple_auv/worlds/media
[0.185s] -- Up-to-date: /home/jelly/h10/h10_sim/h10_sim/install/simple_auv/share/simple_auv/worlds/media/materials
[0.185s] -- Up-to-date: /home/jelly/h10/h10_sim/h10_sim/install/simple_auv/share/simple_auv/worlds/media/materials/scripts
[0.186s] -- Up-to-date: /home/jelly/h10/h10_sim/h10_sim/install/simple_auv/share/simple_auv/worlds/media/materials/scripts/colors.material
[0.186s] -- Up-to-date: /home/jelly/h10/h10_sim/h10_sim/install/simple_auv/share/simple_auv/worlds/media/materials/scripts/tiles.material
[0.186s] -- Up-to-date: /home/jelly/h10/h10_sim/h10_sim/install/simple_auv/share/simple_auv/worlds/media/materials/scripts/water.material
[0.186s] -- Up-to-date: /home/jelly/h10/h10_sim/h10_sim/install/simple_auv/share/simple_auv/worlds/h10pool.sdf
[0.186s] -- Up-to-date: /home/jelly/h10/h10_sim/h10_sim/install/simple_auv/share/simple_auv/hooks
[0.186s] -- Up-to-date: /home/jelly/h10/h10_sim/h10_sim/install/simple_auv/share/simple_auv/hooks/hook.dsv
[0.186s] -- Up-to-date: /home/jelly/h10/h10_sim/h10_sim/install/simple_auv/share/simple_auv/hooks/custom_setup.sh
[0.187s] -- Up-to-date: /home/jelly/h10/h10_sim/h10_sim/install/simple_auv/./custom_setup.sh
[0.189s] Invoked command in '/home/jelly/h10/h10_sim/h10_sim/build/simple_auv' returned '0': /usr/bin/cmake --install /home/jelly/h10/h10_sim/h10_sim/build/simple_auv
