[0.365s] DEBUG:colcon:Command line arguments: ['/usr/bin/colcon', 'build']
[0.365s] DEBUG:colcon:Parsed command line arguments: Namespace(log_base=None, log_level=None, verb_name='build', build_base='build', install_base='install', merge_install=False, symlink_install=False, test_result_base=None, continue_on_error=False, executor='parallel', parallel_workers=8, event_handlers=None, ignore_user_meta=False, metas=['./colcon.meta'], base_paths=['.'], packages_ignore=None, packages_ignore_regex=None, paths=None, packages_up_to=None, packages_up_to_regex=None, packages_above=None, packages_above_and_dependencies=None, packages_above_depth=None, packages_select_by_dep=None, packages_skip_by_dep=None, packages_skip_up_to=None, packages_select_build_failed=False, packages_skip_build_finished=False, packages_select_test_failures=False, packages_skip_test_passed=False, packages_select=None, packages_skip=None, packages_select_regex=None, packages_skip_regex=None, packages_start=None, packages_end=None, allow_overriding=[], cmake_args=None, cmake_target=None, cmake_target_skip_unavailable=False, cmake_clean_cache=False, cmake_clean_first=False, cmake_force_configure=False, ament_cmake_args=None, catkin_cmake_args=None, catkin_skip_building_tests=False, verb_parser=<colcon_defaults.argument_parser.defaults.DefaultArgumentsDecorator object at 0x7c96921e19c0>, verb_extension=<colcon_core.verb.build.BuildVerb object at 0x7c9692353820>, main=<bound method BuildVerb.main of <colcon_core.verb.build.BuildVerb object at 0x7c9692353820>>)
[0.797s] Level 1:colcon.colcon_core.package_discovery:discover_packages(colcon_meta) check parameters
[0.797s] Level 1:colcon.colcon_core.package_discovery:discover_packages(recursive) check parameters
[0.797s] Level 1:colcon.colcon_core.package_discovery:discover_packages(ignore) check parameters
[0.797s] Level 1:colcon.colcon_core.package_discovery:discover_packages(path) check parameters
[0.797s] Level 1:colcon.colcon_core.package_discovery:discover_packages(colcon_meta) discover
[0.797s] Level 1:colcon.colcon_core.package_discovery:discover_packages(recursive) discover
[0.797s] INFO:colcon.colcon_core.package_discovery:Crawling recursively for packages in '/home/jelly/h10/h10_sim/h10_sim'
[0.797s] Level 1:colcon.colcon_core.package_identification:_identify(.) by extensions ['ignore', 'ignore_ament_install']
[0.798s] Level 1:colcon.colcon_core.package_identification:_identify(.) by extension 'ignore'
[0.798s] Level 1:colcon.colcon_core.package_identification:_identify(.) by extension 'ignore_ament_install'
[0.798s] Level 1:colcon.colcon_core.package_identification:_identify(.) by extensions ['colcon_pkg']
[0.798s] Level 1:colcon.colcon_core.package_identification:_identify(.) by extension 'colcon_pkg'
[0.798s] Level 1:colcon.colcon_core.package_identification:_identify(.) by extensions ['colcon_meta']
[0.798s] Level 1:colcon.colcon_core.package_identification:_identify(.) by extension 'colcon_meta'
[0.798s] Level 1:colcon.colcon_core.package_identification:_identify(.) by extensions ['ros']
[0.798s] Level 1:colcon.colcon_core.package_identification:_identify(.) by extension 'ros'
[0.819s] Level 1:colcon.colcon_core.package_identification:_identify(.) by extensions ['cmake', 'python']
[0.819s] Level 1:colcon.colcon_core.package_identification:_identify(.) by extension 'cmake'
[0.819s] Level 1:colcon.colcon_core.package_identification:_identify(.) by extension 'python'
[0.820s] Level 1:colcon.colcon_core.package_identification:_identify(.) by extensions ['python_setup_py']
[0.820s] Level 1:colcon.colcon_core.package_identification:_identify(.) by extension 'python_setup_py'
[0.820s] Level 1:colcon.colcon_core.package_identification:_identify(build) by extensions ['ignore', 'ignore_ament_install']
[0.820s] Level 1:colcon.colcon_core.package_identification:_identify(build) by extension 'ignore'
[0.820s] Level 1:colcon.colcon_core.package_identification:_identify(build) ignored
[0.821s] Level 1:colcon.colcon_core.package_identification:_identify(gazebo) by extensions ['ignore', 'ignore_ament_install']
[0.821s] Level 1:colcon.colcon_core.package_identification:_identify(gazebo) by extension 'ignore'
[0.821s] Level 1:colcon.colcon_core.package_identification:_identify(gazebo) by extension 'ignore_ament_install'
[0.821s] Level 1:colcon.colcon_core.package_identification:_identify(gazebo) by extensions ['colcon_pkg']
[0.821s] Level 1:colcon.colcon_core.package_identification:_identify(gazebo) by extension 'colcon_pkg'
[0.821s] Level 1:colcon.colcon_core.package_identification:_identify(gazebo) by extensions ['colcon_meta']
[0.821s] Level 1:colcon.colcon_core.package_identification:_identify(gazebo) by extension 'colcon_meta'
[0.821s] Level 1:colcon.colcon_core.package_identification:_identify(gazebo) by extensions ['ros']
[0.821s] Level 1:colcon.colcon_core.package_identification:_identify(gazebo) by extension 'ros'
[0.826s] DEBUG:colcon.colcon_core.package_identification:Package 'gazebo' with type 'ros.catkin' and name 'simple_auv'
[0.826s] Level 1:colcon.colcon_core.package_identification:_identify(install) by extensions ['ignore', 'ignore_ament_install']
[0.826s] Level 1:colcon.colcon_core.package_identification:_identify(install) by extension 'ignore'
[0.827s] Level 1:colcon.colcon_core.package_identification:_identify(install) ignored
[0.827s] Level 1:colcon.colcon_core.package_identification:_identify(log) by extensions ['ignore', 'ignore_ament_install']
[0.827s] Level 1:colcon.colcon_core.package_identification:_identify(log) by extension 'ignore'
[0.827s] Level 1:colcon.colcon_core.package_identification:_identify(log) ignored
[0.827s] Level 1:colcon.colcon_core.package_discovery:discover_packages(recursive) using defaults
[0.827s] Level 1:colcon.colcon_core.package_discovery:discover_packages(ignore) discover
[0.827s] Level 1:colcon.colcon_core.package_discovery:discover_packages(ignore) using defaults
[0.827s] Level 1:colcon.colcon_core.package_discovery:discover_packages(path) discover
[0.827s] Level 1:colcon.colcon_core.package_discovery:discover_packages(path) using defaults
[0.874s] Level 1:colcon.colcon_core.package_discovery:discover_packages(prefix_path) check parameters
[0.874s] Level 1:colcon.colcon_core.package_discovery:discover_packages(prefix_path) discover
[0.893s] DEBUG:colcon.colcon_installed_package_information.package_discovery:Found 321 installed packages in /opt/ros/humble
[0.896s] Level 1:colcon.colcon_core.package_discovery:discover_packages(prefix_path) using defaults
[0.968s] Level 5:colcon.colcon_core.verb:set package 'simple_auv' build argument 'cmake_args' from command line to 'None'
[0.968s] Level 5:colcon.colcon_core.verb:set package 'simple_auv' build argument 'cmake_target' from command line to 'None'
[0.968s] Level 5:colcon.colcon_core.verb:set package 'simple_auv' build argument 'cmake_target_skip_unavailable' from command line to 'False'
[0.968s] Level 5:colcon.colcon_core.verb:set package 'simple_auv' build argument 'cmake_clean_cache' from command line to 'False'
[0.968s] Level 5:colcon.colcon_core.verb:set package 'simple_auv' build argument 'cmake_clean_first' from command line to 'False'
[0.968s] Level 5:colcon.colcon_core.verb:set package 'simple_auv' build argument 'cmake_force_configure' from command line to 'False'
[0.968s] Level 5:colcon.colcon_core.verb:set package 'simple_auv' build argument 'ament_cmake_args' from command line to 'None'
[0.969s] Level 5:colcon.colcon_core.verb:set package 'simple_auv' build argument 'catkin_cmake_args' from command line to 'None'
[0.969s] Level 5:colcon.colcon_core.verb:set package 'simple_auv' build argument 'catkin_skip_building_tests' from command line to 'False'
[0.969s] DEBUG:colcon.colcon_core.verb:Building package 'simple_auv' with the following arguments: {'ament_cmake_args': None, 'build_base': '/home/jelly/h10/h10_sim/h10_sim/build/simple_auv', 'catkin_cmake_args': None, 'catkin_skip_building_tests': False, 'cmake_args': None, 'cmake_clean_cache': False, 'cmake_clean_first': False, 'cmake_force_configure': False, 'cmake_target': None, 'cmake_target_skip_unavailable': False, 'install_base': '/home/jelly/h10/h10_sim/h10_sim/install/simple_auv', 'merge_install': False, 'path': '/home/jelly/h10/h10_sim/h10_sim/gazebo', 'symlink_install': False, 'test_result_base': None}
[0.969s] INFO:colcon.colcon_core.executor:Executing jobs using 'parallel' executor
[0.970s] DEBUG:colcon.colcon_parallel_executor.executor.parallel:run_until_complete
[0.971s] INFO:colcon.colcon_ros.task.catkin.build:Building ROS package in '/home/jelly/h10/h10_sim/h10_sim/gazebo' with build type 'catkin'
[0.971s] INFO:colcon.colcon_cmake.task.cmake.build:Building CMake package in '/home/jelly/h10/h10_sim/h10_sim/gazebo'
[0.978s] INFO:colcon.colcon_core.plugin_system:Skipping extension 'colcon_core.shell.bat': Not used on non-Windows systems
[0.978s] INFO:colcon.colcon_core.shell:Skip shell extension 'powershell' for command environment: Not usable outside of PowerShell
[0.978s] DEBUG:colcon.colcon_core.shell:Skip shell extension 'dsv' for command environment
[0.990s] DEBUG:colcon.colcon_core.event_handler.log_command:Invoking command in '/home/jelly/h10/h10_sim/h10_sim/build/simple_auv': /usr/bin/cmake --build /home/jelly/h10/h10_sim/h10_sim/build/simple_auv -- -j8 -l8
[1.074s] DEBUG:colcon.colcon_core.event_handler.log_command:Invoked command in '/home/jelly/h10/h10_sim/h10_sim/build/simple_auv' returned '0': /usr/bin/cmake --build /home/jelly/h10/h10_sim/h10_sim/build/simple_auv -- -j8 -l8
[1.141s] DEBUG:colcon.colcon_core.event_handler.log_command:Invoking command in '/home/jelly/h10/h10_sim/h10_sim/build/simple_auv': /usr/bin/cmake --install /home/jelly/h10/h10_sim/h10_sim/build/simple_auv
[1.161s] DEBUG:colcon.colcon_core.event_handler.log_command:Invoked command in '/home/jelly/h10/h10_sim/h10_sim/build/simple_auv' returned '0': /usr/bin/cmake --install /home/jelly/h10/h10_sim/h10_sim/build/simple_auv
[1.186s] Level 1:colcon.colcon_core.shell:create_environment_hook('simple_auv', 'ros_package_path')
[1.187s] INFO:colcon.colcon_core.shell:Creating environment hook '/home/jelly/h10/h10_sim/h10_sim/install/simple_auv/share/simple_auv/hook/ros_package_path.ps1'
[1.188s] INFO:colcon.colcon_core.shell:Creating environment descriptor '/home/jelly/h10/h10_sim/h10_sim/install/simple_auv/share/simple_auv/hook/ros_package_path.dsv'
[1.189s] INFO:colcon.colcon_core.shell:Creating environment hook '/home/jelly/h10/h10_sim/h10_sim/install/simple_auv/share/simple_auv/hook/ros_package_path.sh'
[1.191s] Level 1:colcon.colcon_core.shell:create_environment_hook('simple_auv', 'pkg_config_path')
[1.191s] INFO:colcon.colcon_core.shell:Creating environment hook '/home/jelly/h10/h10_sim/h10_sim/install/simple_auv/share/simple_auv/hook/pkg_config_path.ps1'
[1.192s] INFO:colcon.colcon_core.shell:Creating environment descriptor '/home/jelly/h10/h10_sim/h10_sim/install/simple_auv/share/simple_auv/hook/pkg_config_path.dsv'
[1.192s] INFO:colcon.colcon_core.shell:Creating environment hook '/home/jelly/h10/h10_sim/h10_sim/install/simple_auv/share/simple_auv/hook/pkg_config_path.sh'
[1.197s] Level 1:colcon.colcon_core.shell:create_environment_hook('simple_auv', 'pkg_config_path_multiarch')
[1.197s] INFO:colcon.colcon_core.shell:Creating environment hook '/home/jelly/h10/h10_sim/h10_sim/install/simple_auv/share/simple_auv/hook/pkg_config_path_multiarch.ps1'
[1.198s] INFO:colcon.colcon_core.shell:Creating environment descriptor '/home/jelly/h10/h10_sim/h10_sim/install/simple_auv/share/simple_auv/hook/pkg_config_path_multiarch.dsv'
[1.199s] INFO:colcon.colcon_core.shell:Creating environment hook '/home/jelly/h10/h10_sim/h10_sim/install/simple_auv/share/simple_auv/hook/pkg_config_path_multiarch.sh'
[1.200s] Level 1:colcon.colcon_core.environment:create_environment_scripts_only(simple_auv)
[1.209s] Level 1:colcon.colcon_core.environment:checking '/home/jelly/h10/h10_sim/h10_sim/install/simple_auv' for CMake module files
[1.209s] Level 1:colcon.colcon_core.environment:checking '/home/jelly/h10/h10_sim/h10_sim/install/simple_auv' for CMake config files
[1.211s] Level 1:colcon.colcon_core.environment:checking '/home/jelly/h10/h10_sim/h10_sim/install/simple_auv/bin'
[1.211s] Level 1:colcon.colcon_core.environment:checking '/home/jelly/h10/h10_sim/h10_sim/install/simple_auv/lib/pkgconfig/simple_auv.pc'
[1.212s] Level 1:colcon.colcon_core.environment:checking '/home/jelly/h10/h10_sim/h10_sim/install/simple_auv/lib/python3.10/site-packages'
[1.212s] Level 1:colcon.colcon_core.environment:checking '/home/jelly/h10/h10_sim/h10_sim/install/simple_auv/bin'
[1.212s] INFO:colcon.colcon_core.shell:Creating package script '/home/jelly/h10/h10_sim/h10_sim/install/simple_auv/share/simple_auv/package.ps1'
[1.214s] INFO:colcon.colcon_core.shell:Creating package descriptor '/home/jelly/h10/h10_sim/h10_sim/install/simple_auv/share/simple_auv/package.dsv'
[1.215s] INFO:colcon.colcon_core.shell:Creating package script '/home/jelly/h10/h10_sim/h10_sim/install/simple_auv/share/simple_auv/package.sh'
[1.217s] INFO:colcon.colcon_core.shell:Creating package script '/home/jelly/h10/h10_sim/h10_sim/install/simple_auv/share/simple_auv/package.bash'
[1.218s] INFO:colcon.colcon_core.shell:Creating package script '/home/jelly/h10/h10_sim/h10_sim/install/simple_auv/share/simple_auv/package.zsh'
[1.220s] Level 1:colcon.colcon_core.environment:create_file_with_runtime_dependencies(/home/jelly/h10/h10_sim/h10_sim/install/simple_auv/share/colcon-core/packages/simple_auv)
[1.220s] DEBUG:colcon.colcon_parallel_executor.executor.parallel:closing loop
[1.221s] DEBUG:colcon.colcon_parallel_executor.executor.parallel:loop closed
[1.221s] DEBUG:colcon.colcon_parallel_executor.executor.parallel:run_until_complete finished with '0'
[1.221s] DEBUG:colcon.colcon_core.event_reactor:joining thread
[1.230s] INFO:colcon.colcon_core.plugin_system:Skipping extension 'colcon_notification.desktop_notification.terminal_notifier': Not used on non-Darwin systems
[1.230s] INFO:colcon.colcon_core.plugin_system:Skipping extension 'colcon_notification.desktop_notification.win32': Not used on non-Windows systems
[1.230s] INFO:colcon.colcon_notification.desktop_notification:Sending desktop notification using 'notify2'
[1.252s] DEBUG:colcon.colcon_core.event_reactor:joined thread
[1.252s] INFO:colcon.colcon_core.shell:Creating prefix script '/home/jelly/h10/h10_sim/h10_sim/install/local_setup.ps1'
[1.254s] INFO:colcon.colcon_core.shell:Creating prefix util module '/home/jelly/h10/h10_sim/h10_sim/install/_local_setup_util_ps1.py'
[1.257s] INFO:colcon.colcon_core.shell:Creating prefix chain script '/home/jelly/h10/h10_sim/h10_sim/install/setup.ps1'
[1.258s] INFO:colcon.colcon_core.shell:Creating prefix script '/home/jelly/h10/h10_sim/h10_sim/install/local_setup.sh'
[1.259s] INFO:colcon.colcon_core.shell:Creating prefix util module '/home/jelly/h10/h10_sim/h10_sim/install/_local_setup_util_sh.py'
[1.260s] INFO:colcon.colcon_core.shell:Creating prefix chain script '/home/jelly/h10/h10_sim/h10_sim/install/setup.sh'
[1.262s] INFO:colcon.colcon_core.shell:Creating prefix script '/home/jelly/h10/h10_sim/h10_sim/install/local_setup.bash'
[1.263s] INFO:colcon.colcon_core.shell:Creating prefix chain script '/home/jelly/h10/h10_sim/h10_sim/install/setup.bash'
[1.265s] INFO:colcon.colcon_core.shell:Creating prefix script '/home/jelly/h10/h10_sim/h10_sim/install/local_setup.zsh'
[1.265s] INFO:colcon.colcon_core.shell:Creating prefix chain script '/home/jelly/h10/h10_sim/h10_sim/install/setup.zsh'
