[0.179s] DEBUG:colcon:Command line arguments: ['/usr/bin/colcon', 'build']
[0.180s] DEBUG:colcon:Parsed command line arguments: Namespace(log_base=None, log_level=None, verb_name='build', build_base='build', install_base='install', merge_install=False, symlink_install=False, test_result_base=None, continue_on_error=False, executor='parallel', parallel_workers=8, event_handlers=None, ignore_user_meta=False, metas=['./colcon.meta'], base_paths=['.'], packages_ignore=None, packages_ignore_regex=None, paths=None, packages_up_to=None, packages_up_to_regex=None, packages_above=None, packages_above_and_dependencies=None, packages_above_depth=None, packages_select_by_dep=None, packages_skip_by_dep=None, packages_skip_up_to=None, packages_select_build_failed=False, packages_skip_build_finished=False, packages_select_test_failures=False, packages_skip_test_passed=False, packages_select=None, packages_skip=None, packages_select_regex=None, packages_skip_regex=None, packages_start=None, packages_end=None, allow_overriding=[], cmake_args=None, cmake_target=None, cmake_target_skip_unavailable=False, cmake_clean_cache=False, cmake_clean_first=False, cmake_force_configure=False, ament_cmake_args=None, catkin_cmake_args=None, catkin_skip_building_tests=False, verb_parser=<colcon_defaults.argument_parser.defaults.DefaultArgumentsDecorator object at 0x77f52f9f6680>, verb_extension=<colcon_core.verb.build.BuildVerb object at 0x77f52fb623b0>, main=<bound method BuildVerb.main of <colcon_core.verb.build.BuildVerb object at 0x77f52fb623b0>>)
[0.481s] Level 1:colcon.colcon_core.package_discovery:discover_packages(colcon_meta) check parameters
[0.481s] Level 1:colcon.colcon_core.package_discovery:discover_packages(recursive) check parameters
[0.481s] Level 1:colcon.colcon_core.package_discovery:discover_packages(ignore) check parameters
[0.481s] Level 1:colcon.colcon_core.package_discovery:discover_packages(path) check parameters
[0.481s] Level 1:colcon.colcon_core.package_discovery:discover_packages(colcon_meta) discover
[0.481s] Level 1:colcon.colcon_core.package_discovery:discover_packages(recursive) discover
[0.481s] INFO:colcon.colcon_core.package_discovery:Crawling recursively for packages in '/home/jelly/h10_sim/h10_sim'
[0.481s] Level 1:colcon.colcon_core.package_identification:_identify(.) by extensions ['ignore', 'ignore_ament_install']
[0.482s] Level 1:colcon.colcon_core.package_identification:_identify(.) by extension 'ignore'
[0.482s] Level 1:colcon.colcon_core.package_identification:_identify(.) by extension 'ignore_ament_install'
[0.482s] Level 1:colcon.colcon_core.package_identification:_identify(.) by extensions ['colcon_pkg']
[0.482s] Level 1:colcon.colcon_core.package_identification:_identify(.) by extension 'colcon_pkg'
[0.482s] Level 1:colcon.colcon_core.package_identification:_identify(.) by extensions ['colcon_meta']
[0.482s] Level 1:colcon.colcon_core.package_identification:_identify(.) by extension 'colcon_meta'
[0.482s] Level 1:colcon.colcon_core.package_identification:_identify(.) by extensions ['ros']
[0.482s] Level 1:colcon.colcon_core.package_identification:_identify(.) by extension 'ros'
[0.501s] Level 1:colcon.colcon_core.package_identification:_identify(.) by extensions ['cmake', 'python']
[0.501s] Level 1:colcon.colcon_core.package_identification:_identify(.) by extension 'cmake'
[0.501s] Level 1:colcon.colcon_core.package_identification:_identify(.) by extension 'python'
[0.501s] Level 1:colcon.colcon_core.package_identification:_identify(.) by extensions ['python_setup_py']
[0.501s] Level 1:colcon.colcon_core.package_identification:_identify(.) by extension 'python_setup_py'
[0.502s] Level 1:colcon.colcon_core.package_identification:_identify(build) by extensions ['ignore', 'ignore_ament_install']
[0.502s] Level 1:colcon.colcon_core.package_identification:_identify(build) by extension 'ignore'
[0.502s] Level 1:colcon.colcon_core.package_identification:_identify(build) ignored
[0.502s] Level 1:colcon.colcon_core.package_identification:_identify(control) by extensions ['ignore', 'ignore_ament_install']
[0.502s] Level 1:colcon.colcon_core.package_identification:_identify(control) by extension 'ignore'
[0.502s] Level 1:colcon.colcon_core.package_identification:_identify(control) by extension 'ignore_ament_install'
[0.502s] Level 1:colcon.colcon_core.package_identification:_identify(control) by extensions ['colcon_pkg']
[0.502s] Level 1:colcon.colcon_core.package_identification:_identify(control) by extension 'colcon_pkg'
[0.503s] Level 1:colcon.colcon_core.package_identification:_identify(control) by extensions ['colcon_meta']
[0.503s] Level 1:colcon.colcon_core.package_identification:_identify(control) by extension 'colcon_meta'
[0.503s] Level 1:colcon.colcon_core.package_identification:_identify(control) by extensions ['ros']
[0.503s] Level 1:colcon.colcon_core.package_identification:_identify(control) by extension 'ros'
[0.507s] DEBUG:colcon.colcon_core.package_identification:Package 'control' with type 'ros.ament_python' and name 'control'
[0.508s] Level 1:colcon.colcon_core.package_identification:_identify(gazebo) by extensions ['ignore', 'ignore_ament_install']
[0.508s] Level 1:colcon.colcon_core.package_identification:_identify(gazebo) by extension 'ignore'
[0.508s] Level 1:colcon.colcon_core.package_identification:_identify(gazebo) by extension 'ignore_ament_install'
[0.508s] Level 1:colcon.colcon_core.package_identification:_identify(gazebo) by extensions ['colcon_pkg']
[0.508s] Level 1:colcon.colcon_core.package_identification:_identify(gazebo) by extension 'colcon_pkg'
[0.508s] Level 1:colcon.colcon_core.package_identification:_identify(gazebo) by extensions ['colcon_meta']
[0.508s] Level 1:colcon.colcon_core.package_identification:_identify(gazebo) by extension 'colcon_meta'
[0.508s] Level 1:colcon.colcon_core.package_identification:_identify(gazebo) by extensions ['ros']
[0.508s] Level 1:colcon.colcon_core.package_identification:_identify(gazebo) by extension 'ros'
[0.509s] DEBUG:colcon.colcon_core.package_identification:Package 'gazebo' with type 'ros.catkin' and name 'simple_auv'
[0.509s] Level 1:colcon.colcon_core.package_identification:_identify(install) by extensions ['ignore', 'ignore_ament_install']
[0.509s] Level 1:colcon.colcon_core.package_identification:_identify(install) by extension 'ignore'
[0.509s] Level 1:colcon.colcon_core.package_identification:_identify(install) ignored
[0.510s] Level 1:colcon.colcon_core.package_identification:_identify(log) by extensions ['ignore', 'ignore_ament_install']
[0.510s] Level 1:colcon.colcon_core.package_identification:_identify(log) by extension 'ignore'
[0.510s] Level 1:colcon.colcon_core.package_identification:_identify(log) ignored
[0.510s] Level 1:colcon.colcon_core.package_discovery:discover_packages(recursive) using defaults
[0.510s] Level 1:colcon.colcon_core.package_discovery:discover_packages(ignore) discover
[0.510s] Level 1:colcon.colcon_core.package_discovery:discover_packages(ignore) using defaults
[0.510s] Level 1:colcon.colcon_core.package_discovery:discover_packages(path) discover
[0.510s] Level 1:colcon.colcon_core.package_discovery:discover_packages(path) using defaults
[0.563s] Level 1:colcon.colcon_core.package_discovery:discover_packages(prefix_path) check parameters
[0.563s] Level 1:colcon.colcon_core.package_discovery:discover_packages(prefix_path) discover
[0.566s] DEBUG:colcon.colcon_installed_package_information.package_discovery:Found 3 installed packages in /home/jelly/h10_sim/h10_sim/install
[0.568s] DEBUG:colcon.colcon_installed_package_information.package_discovery:Found 313 installed packages in /opt/ros/humble
[0.571s] Level 1:colcon.colcon_core.package_discovery:discover_packages(prefix_path) using defaults
[0.638s] Level 5:colcon.colcon_core.verb:set package 'control' build argument 'cmake_args' from command line to 'None'
[0.638s] Level 5:colcon.colcon_core.verb:set package 'control' build argument 'cmake_target' from command line to 'None'
[0.638s] Level 5:colcon.colcon_core.verb:set package 'control' build argument 'cmake_target_skip_unavailable' from command line to 'False'
[0.638s] Level 5:colcon.colcon_core.verb:set package 'control' build argument 'cmake_clean_cache' from command line to 'False'
[0.638s] Level 5:colcon.colcon_core.verb:set package 'control' build argument 'cmake_clean_first' from command line to 'False'
[0.638s] Level 5:colcon.colcon_core.verb:set package 'control' build argument 'cmake_force_configure' from command line to 'False'
[0.638s] Level 5:colcon.colcon_core.verb:set package 'control' build argument 'ament_cmake_args' from command line to 'None'
[0.639s] Level 5:colcon.colcon_core.verb:set package 'control' build argument 'catkin_cmake_args' from command line to 'None'
[0.639s] Level 5:colcon.colcon_core.verb:set package 'control' build argument 'catkin_skip_building_tests' from command line to 'False'
[0.639s] DEBUG:colcon.colcon_core.verb:Building package 'control' with the following arguments: {'ament_cmake_args': None, 'build_base': '/home/jelly/h10_sim/h10_sim/build/control', 'catkin_cmake_args': None, 'catkin_skip_building_tests': False, 'cmake_args': None, 'cmake_clean_cache': False, 'cmake_clean_first': False, 'cmake_force_configure': False, 'cmake_target': None, 'cmake_target_skip_unavailable': False, 'install_base': '/home/jelly/h10_sim/h10_sim/install/control', 'merge_install': False, 'path': '/home/jelly/h10_sim/h10_sim/control', 'symlink_install': False, 'test_result_base': None}
[0.639s] Level 5:colcon.colcon_core.verb:set package 'simple_auv' build argument 'cmake_args' from command line to 'None'
[0.639s] Level 5:colcon.colcon_core.verb:set package 'simple_auv' build argument 'cmake_target' from command line to 'None'
[0.639s] Level 5:colcon.colcon_core.verb:set package 'simple_auv' build argument 'cmake_target_skip_unavailable' from command line to 'False'
[0.639s] Level 5:colcon.colcon_core.verb:set package 'simple_auv' build argument 'cmake_clean_cache' from command line to 'False'
[0.639s] Level 5:colcon.colcon_core.verb:set package 'simple_auv' build argument 'cmake_clean_first' from command line to 'False'
[0.639s] Level 5:colcon.colcon_core.verb:set package 'simple_auv' build argument 'cmake_force_configure' from command line to 'False'
[0.640s] Level 5:colcon.colcon_core.verb:set package 'simple_auv' build argument 'ament_cmake_args' from command line to 'None'
[0.640s] Level 5:colcon.colcon_core.verb:set package 'simple_auv' build argument 'catkin_cmake_args' from command line to 'None'
[0.640s] Level 5:colcon.colcon_core.verb:set package 'simple_auv' build argument 'catkin_skip_building_tests' from command line to 'False'
[0.640s] DEBUG:colcon.colcon_core.verb:Building package 'simple_auv' with the following arguments: {'ament_cmake_args': None, 'build_base': '/home/jelly/h10_sim/h10_sim/build/simple_auv', 'catkin_cmake_args': None, 'catkin_skip_building_tests': False, 'cmake_args': None, 'cmake_clean_cache': False, 'cmake_clean_first': False, 'cmake_force_configure': False, 'cmake_target': None, 'cmake_target_skip_unavailable': False, 'install_base': '/home/jelly/h10_sim/h10_sim/install/simple_auv', 'merge_install': False, 'path': '/home/jelly/h10_sim/h10_sim/gazebo', 'symlink_install': False, 'test_result_base': None}
[0.640s] INFO:colcon.colcon_core.executor:Executing jobs using 'parallel' executor
[0.641s] DEBUG:colcon.colcon_parallel_executor.executor.parallel:run_until_complete
[0.642s] INFO:colcon.colcon_ros.task.ament_python.build:Building ROS package in '/home/jelly/h10_sim/h10_sim/control' with build type 'ament_python'
[0.642s] Level 1:colcon.colcon_core.shell:create_environment_hook('control', 'ament_prefix_path')
[0.645s] INFO:colcon.colcon_core.plugin_system:Skipping extension 'colcon_core.shell.bat': Not used on non-Windows systems
[0.645s] INFO:colcon.colcon_core.shell:Creating environment hook '/home/jelly/h10_sim/h10_sim/install/control/share/control/hook/ament_prefix_path.ps1'
[0.646s] INFO:colcon.colcon_core.shell:Creating environment descriptor '/home/jelly/h10_sim/h10_sim/install/control/share/control/hook/ament_prefix_path.dsv'
[0.647s] INFO:colcon.colcon_core.shell:Creating environment hook '/home/jelly/h10_sim/h10_sim/install/control/share/control/hook/ament_prefix_path.sh'
[0.648s] INFO:colcon.colcon_core.shell:Skip shell extension 'powershell' for command environment: Not usable outside of PowerShell
[0.648s] DEBUG:colcon.colcon_core.shell:Skip shell extension 'dsv' for command environment
[0.653s] INFO:colcon.colcon_ros.task.catkin.build:Building ROS package in '/home/jelly/h10_sim/h10_sim/gazebo' with build type 'catkin'
[0.654s] INFO:colcon.colcon_cmake.task.cmake.build:Building CMake package in '/home/jelly/h10_sim/h10_sim/gazebo'
[0.654s] INFO:colcon.colcon_core.shell:Skip shell extension 'powershell' for command environment: Not usable outside of PowerShell
[0.654s] DEBUG:colcon.colcon_core.shell:Skip shell extension 'dsv' for command environment
[1.121s] INFO:colcon.colcon_core.task.python.build:Building Python package in '/home/jelly/h10_sim/h10_sim/control'
[1.121s] INFO:colcon.colcon_core.shell:Skip shell extension 'powershell' for command environment: Not usable outside of PowerShell
[1.121s] DEBUG:colcon.colcon_core.shell:Skip shell extension 'dsv' for command environment
[1.135s] DEBUG:colcon.colcon_core.event_handler.log_command:Invoking command in '/home/jelly/h10_sim/h10_sim/build/simple_auv': /usr/bin/cmake --build /home/jelly/h10_sim/h10_sim/build/simple_auv -- -j8 -l8
[1.188s] DEBUG:colcon.colcon_core.event_handler.log_command:Invoked command in '/home/jelly/h10_sim/h10_sim/build/simple_auv' returned '0': /usr/bin/cmake --build /home/jelly/h10_sim/h10_sim/build/simple_auv -- -j8 -l8
[1.257s] DEBUG:colcon.colcon_core.event_handler.log_command:Invoking command in '/home/jelly/h10_sim/h10_sim/build/simple_auv': /usr/bin/cmake --install /home/jelly/h10_sim/h10_sim/build/simple_auv
[1.273s] DEBUG:colcon.colcon_core.event_handler.log_command:Invoked command in '/home/jelly/h10_sim/h10_sim/build/simple_auv' returned '0': /usr/bin/cmake --install /home/jelly/h10_sim/h10_sim/build/simple_auv
[1.300s] Level 1:colcon.colcon_core.shell:create_environment_hook('simple_auv', 'ros_package_path')
[1.300s] INFO:colcon.colcon_core.shell:Creating environment hook '/home/jelly/h10_sim/h10_sim/install/simple_auv/share/simple_auv/hook/ros_package_path.ps1'
[1.301s] INFO:colcon.colcon_core.shell:Creating environment descriptor '/home/jelly/h10_sim/h10_sim/install/simple_auv/share/simple_auv/hook/ros_package_path.dsv'
[1.302s] INFO:colcon.colcon_core.shell:Creating environment hook '/home/jelly/h10_sim/h10_sim/install/simple_auv/share/simple_auv/hook/ros_package_path.sh'
[1.302s] Level 1:colcon.colcon_core.shell:create_environment_hook('simple_auv', 'pkg_config_path')
[1.303s] INFO:colcon.colcon_core.shell:Creating environment hook '/home/jelly/h10_sim/h10_sim/install/simple_auv/share/simple_auv/hook/pkg_config_path.ps1'
[1.303s] INFO:colcon.colcon_core.shell:Creating environment descriptor '/home/jelly/h10_sim/h10_sim/install/simple_auv/share/simple_auv/hook/pkg_config_path.dsv'
[1.304s] INFO:colcon.colcon_core.shell:Creating environment hook '/home/jelly/h10_sim/h10_sim/install/simple_auv/share/simple_auv/hook/pkg_config_path.sh'
[1.306s] Level 1:colcon.colcon_core.shell:create_environment_hook('simple_auv', 'pkg_config_path_multiarch')
[1.307s] INFO:colcon.colcon_core.shell:Creating environment hook '/home/jelly/h10_sim/h10_sim/install/simple_auv/share/simple_auv/hook/pkg_config_path_multiarch.ps1'
[1.307s] INFO:colcon.colcon_core.shell:Creating environment descriptor '/home/jelly/h10_sim/h10_sim/install/simple_auv/share/simple_auv/hook/pkg_config_path_multiarch.dsv'
[1.308s] INFO:colcon.colcon_core.shell:Creating environment hook '/home/jelly/h10_sim/h10_sim/install/simple_auv/share/simple_auv/hook/pkg_config_path_multiarch.sh'
[1.310s] Level 1:colcon.colcon_core.environment:create_environment_scripts_only(simple_auv)
[1.313s] Level 1:colcon.colcon_core.environment:checking '/home/jelly/h10_sim/h10_sim/install/simple_auv' for CMake module files
[1.314s] Level 1:colcon.colcon_core.environment:checking '/home/jelly/h10_sim/h10_sim/install/simple_auv' for CMake config files
[1.314s] Level 1:colcon.colcon_core.environment:checking '/home/jelly/h10_sim/h10_sim/install/simple_auv/bin'
[1.315s] Level 1:colcon.colcon_core.environment:checking '/home/jelly/h10_sim/h10_sim/install/simple_auv/lib/pkgconfig/simple_auv.pc'
[1.315s] Level 1:colcon.colcon_core.environment:checking '/home/jelly/h10_sim/h10_sim/install/simple_auv/lib/python3.10/site-packages'
[1.315s] Level 1:colcon.colcon_core.environment:checking '/home/jelly/h10_sim/h10_sim/install/simple_auv/bin'
[1.316s] INFO:colcon.colcon_core.shell:Creating package script '/home/jelly/h10_sim/h10_sim/install/simple_auv/share/simple_auv/package.ps1'
[1.318s] INFO:colcon.colcon_core.shell:Creating package descriptor '/home/jelly/h10_sim/h10_sim/install/simple_auv/share/simple_auv/package.dsv'
[1.319s] INFO:colcon.colcon_core.shell:Creating package script '/home/jelly/h10_sim/h10_sim/install/simple_auv/share/simple_auv/package.sh'
[1.320s] INFO:colcon.colcon_core.shell:Creating package script '/home/jelly/h10_sim/h10_sim/install/simple_auv/share/simple_auv/package.bash'
[1.321s] INFO:colcon.colcon_core.shell:Creating package script '/home/jelly/h10_sim/h10_sim/install/simple_auv/share/simple_auv/package.zsh'
[1.322s] Level 1:colcon.colcon_core.environment:create_file_with_runtime_dependencies(/home/jelly/h10_sim/h10_sim/install/simple_auv/share/colcon-core/packages/simple_auv)
[1.764s] DEBUG:colcon.colcon_core.event_handler.log_command:Invoking command in '/home/jelly/h10_sim/h10_sim/control': PYTHONPATH=/home/jelly/h10_sim/h10_sim/build/control/prefix_override:/usr/lib/python3/dist-packages/colcon_core/task/python/colcon_distutils_commands:/home/jelly/h10_sim/h10_sim/install/control/lib/python3.10/site-packages:${PYTHONPATH} /usr/bin/python3 -W ignore:setup.py install is deprecated setup.py egg_info --egg-base ../build/control build --build-base /home/jelly/h10_sim/h10_sim/build/control/build install --record /home/jelly/h10_sim/h10_sim/build/control/install.log --single-version-externally-managed install_data
[2.271s] Level 1:colcon.colcon_core.environment:checking '/home/jelly/h10_sim/h10_sim/install/control' for CMake module files
[2.272s] DEBUG:colcon.colcon_core.event_handler.log_command:Invoked command in '/home/jelly/h10_sim/h10_sim/control' returned '0': PYTHONPATH=/home/jelly/h10_sim/h10_sim/build/control/prefix_override:/usr/lib/python3/dist-packages/colcon_core/task/python/colcon_distutils_commands:/home/jelly/h10_sim/h10_sim/install/control/lib/python3.10/site-packages:${PYTHONPATH} /usr/bin/python3 -W ignore:setup.py install is deprecated setup.py egg_info --egg-base ../build/control build --build-base /home/jelly/h10_sim/h10_sim/build/control/build install --record /home/jelly/h10_sim/h10_sim/build/control/install.log --single-version-externally-managed install_data
[2.273s] Level 1:colcon.colcon_core.environment:checking '/home/jelly/h10_sim/h10_sim/install/control' for CMake config files
[2.273s] Level 1:colcon.colcon_core.environment:checking '/home/jelly/h10_sim/h10_sim/install/control/lib'
[2.274s] Level 1:colcon.colcon_core.environment:checking '/home/jelly/h10_sim/h10_sim/install/control/bin'
[2.274s] Level 1:colcon.colcon_core.environment:checking '/home/jelly/h10_sim/h10_sim/install/control/lib/pkgconfig/control.pc'
[2.275s] Level 1:colcon.colcon_core.environment:checking '/home/jelly/h10_sim/h10_sim/install/control/lib/python3.10/site-packages'
[2.275s] Level 1:colcon.colcon_core.shell:create_environment_hook('control', 'pythonpath')
[2.275s] INFO:colcon.colcon_core.shell:Creating environment hook '/home/jelly/h10_sim/h10_sim/install/control/share/control/hook/pythonpath.ps1'
[2.276s] INFO:colcon.colcon_core.shell:Creating environment descriptor '/home/jelly/h10_sim/h10_sim/install/control/share/control/hook/pythonpath.dsv'
[2.277s] INFO:colcon.colcon_core.shell:Creating environment hook '/home/jelly/h10_sim/h10_sim/install/control/share/control/hook/pythonpath.sh'
[2.278s] Level 1:colcon.colcon_core.environment:checking '/home/jelly/h10_sim/h10_sim/install/control/bin'
[2.278s] Level 1:colcon.colcon_core.environment:create_environment_scripts_only(control)
[2.279s] INFO:colcon.colcon_core.shell:Creating package script '/home/jelly/h10_sim/h10_sim/install/control/share/control/package.ps1'
[2.279s] INFO:colcon.colcon_core.shell:Creating package descriptor '/home/jelly/h10_sim/h10_sim/install/control/share/control/package.dsv'
[2.280s] INFO:colcon.colcon_core.shell:Creating package script '/home/jelly/h10_sim/h10_sim/install/control/share/control/package.sh'
[2.281s] INFO:colcon.colcon_core.shell:Creating package script '/home/jelly/h10_sim/h10_sim/install/control/share/control/package.bash'
[2.281s] INFO:colcon.colcon_core.shell:Creating package script '/home/jelly/h10_sim/h10_sim/install/control/share/control/package.zsh'
[2.282s] Level 1:colcon.colcon_core.environment:create_file_with_runtime_dependencies(/home/jelly/h10_sim/h10_sim/install/control/share/colcon-core/packages/control)
[2.282s] DEBUG:colcon.colcon_parallel_executor.executor.parallel:closing loop
[2.283s] DEBUG:colcon.colcon_parallel_executor.executor.parallel:loop closed
[2.283s] DEBUG:colcon.colcon_parallel_executor.executor.parallel:run_until_complete finished with '0'
[2.283s] DEBUG:colcon.colcon_core.event_reactor:joining thread
[2.291s] INFO:colcon.colcon_core.plugin_system:Skipping extension 'colcon_notification.desktop_notification.terminal_notifier': Not used on non-Darwin systems
[2.292s] INFO:colcon.colcon_core.plugin_system:Skipping extension 'colcon_notification.desktop_notification.win32': Not used on non-Windows systems
[2.292s] INFO:colcon.colcon_notification.desktop_notification:Sending desktop notification using 'notify2'
[2.305s] DEBUG:colcon.colcon_core.event_reactor:joined thread
[2.306s] INFO:colcon.colcon_core.shell:Creating prefix script '/home/jelly/h10_sim/h10_sim/install/local_setup.ps1'
[2.309s] INFO:colcon.colcon_core.shell:Creating prefix util module '/home/jelly/h10_sim/h10_sim/install/_local_setup_util_ps1.py'
[2.312s] INFO:colcon.colcon_core.shell:Creating prefix chain script '/home/jelly/h10_sim/h10_sim/install/setup.ps1'
[2.313s] INFO:colcon.colcon_core.shell:Creating prefix script '/home/jelly/h10_sim/h10_sim/install/local_setup.sh'
[2.314s] INFO:colcon.colcon_core.shell:Creating prefix util module '/home/jelly/h10_sim/h10_sim/install/_local_setup_util_sh.py'
[2.315s] INFO:colcon.colcon_core.shell:Creating prefix chain script '/home/jelly/h10_sim/h10_sim/install/setup.sh'
[2.317s] INFO:colcon.colcon_core.shell:Creating prefix script '/home/jelly/h10_sim/h10_sim/install/local_setup.bash'
[2.318s] INFO:colcon.colcon_core.shell:Creating prefix chain script '/home/jelly/h10_sim/h10_sim/install/setup.bash'
[2.319s] INFO:colcon.colcon_core.shell:Creating prefix script '/home/jelly/h10_sim/h10_sim/install/local_setup.zsh'
[2.320s] INFO:colcon.colcon_core.shell:Creating prefix chain script '/home/jelly/h10_sim/h10_sim/install/setup.zsh'
