[0.527s] Invoking command in '/home/jelly/h10_sim/h10_sim/build/simple_auv': /usr/bin/cmake /home/jelly/h10_sim/h10_sim/gazebo -DCATKIN_INSTALL_INTO_PREFIX_ROOT=0 -DCMAKE_INSTALL_PREFIX=/home/jelly/h10_sim/h10_sim/install/simple_auv
[0.547s] [0m/home/jelly/h10_sim/h10_sim[0m
[0.547s] [0m/home/jelly/h10_sim/h10_sim/gazebo[0m
[0.547s] [0m/home/jelly/h10_sim/h10_sim/build/simple_auv[0m
[0.548s] [0mCMAKE_INSTALL_PREFIX is: /home/jelly/h10_sim/h10_sim/install[0m
[0.548s] [0mInstalling models, worlds, and hooks directories to share/simple_auv[0m
[0.548s] -- Configuring done
[0.549s] -- Generating done
[0.550s] -- Build files have been written to: /home/jelly/h10_sim/h10_sim/build/simple_auv
[0.554s] Invoked command in '/home/jelly/h10_sim/h10_sim/build/simple_auv' returned '0': /usr/bin/cmake /home/jelly/h10_sim/h10_sim/gazebo -DCATKIN_INSTALL_INTO_PREFIX_ROOT=0 -DCMAKE_INSTALL_PREFIX=/home/jelly/h10_sim/h10_sim/install/simple_auv
[0.558s] Invoking command in '/home/jelly/h10_sim/h10_sim/build/simple_auv': /usr/bin/cmake --build /home/jelly/h10_sim/h10_sim/build/simple_auv -- -j8 -l8
[0.616s] Invoked command in '/home/jelly/h10_sim/h10_sim/build/simple_auv' returned '0': /usr/bin/cmake --build /home/jelly/h10_sim/h10_sim/build/simple_auv -- -j8 -l8
[0.686s] Invoking command in '/home/jelly/h10_sim/h10_sim/build/simple_auv': /usr/bin/cmake --install /home/jelly/h10_sim/h10_sim/build/simple_auv
[0.697s] -- Install configuration: ""
[0.697s] -- Up-to-date: /home/jelly/h10_sim/h10_sim/install/share/simple_auv/models
[0.697s] -- Up-to-date: /home/jelly/h10_sim/h10_sim/install/share/simple_auv/models/dynamics
[0.697s] -- Installing: /home/jelly/h10_sim/h10_sim/install/share/simple_auv/models/dynamics/model.sdf
[0.697s] -- Up-to-date: /home/jelly/h10_sim/h10_sim/install/share/simple_auv/models/dynamics/model.config
[0.697s] -- Up-to-date: /home/jelly/h10_sim/h10_sim/install/share/simple_auv/models/geometry
[0.698s] -- Installing: /home/jelly/h10_sim/h10_sim/install/share/simple_auv/models/geometry/model.sdf
[0.698s] -- Up-to-date: /home/jelly/h10_sim/h10_sim/install/share/simple_auv/models/geometry/model.config
[0.698s] -- Up-to-date: /home/jelly/h10_sim/h10_sim/install/share/simple_auv/models/geometry/meshes
[0.698s] -- Up-to-date: /home/jelly/h10_sim/h10_sim/install/share/simple_auv/models/geometry/meshes/master assembly.SLDASM
[0.698s] -- Up-to-date: /home/jelly/h10_sim/h10_sim/install/share/simple_auv/models/geometry/meshes/auv_flipped.dae
[0.698s] -- Up-to-date: /home/jelly/h10_sim/h10_sim/install/share/simple_auv/models/geometry/meshes/auv.blend
[0.699s] -- Up-to-date: /home/jelly/h10_sim/h10_sim/install/share/simple_auv/models/geometry/meshes/master assembly (COM at origin).SLDASM
[0.699s] -- Up-to-date: /home/jelly/h10_sim/h10_sim/install/share/simple_auv/models/geometry/meshes/auv.dae
[0.699s] -- Up-to-date: /home/jelly/h10_sim/h10_sim/install/share/simple_auv/models/auv
[0.699s] -- Up-to-date: /home/jelly/h10_sim/h10_sim/install/share/simple_auv/models/auv/model.sdf
[0.699s] -- Up-to-date: /home/jelly/h10_sim/h10_sim/install/share/simple_auv/models/auv/model.config
[0.699s] -- Up-to-date: /home/jelly/h10_sim/h10_sim/install/share/simple_auv/worlds
[0.699s] -- Up-to-date: /home/jelly/h10_sim/h10_sim/install/share/simple_auv/worlds/h10pool.config
[0.699s] -- Up-to-date: /home/jelly/h10_sim/h10_sim/install/share/simple_auv/worlds/media
[0.699s] -- Up-to-date: /home/jelly/h10_sim/h10_sim/install/share/simple_auv/worlds/media/materials
[0.699s] -- Up-to-date: /home/jelly/h10_sim/h10_sim/install/share/simple_auv/worlds/media/materials/scripts
[0.700s] -- Up-to-date: /home/jelly/h10_sim/h10_sim/install/share/simple_auv/worlds/media/materials/scripts/colors.material
[0.700s] -- Up-to-date: /home/jelly/h10_sim/h10_sim/install/share/simple_auv/worlds/media/materials/scripts/tiles.material
[0.700s] -- Up-to-date: /home/jelly/h10_sim/h10_sim/install/share/simple_auv/worlds/media/materials/scripts/water.material
[0.700s] -- Installing: /home/jelly/h10_sim/h10_sim/install/share/simple_auv/worlds/h10pool.sdf
[0.703s] Invoked command in '/home/jelly/h10_sim/h10_sim/build/simple_auv' returned '0': /usr/bin/cmake --install /home/jelly/h10_sim/h10_sim/build/simple_auv
