running egg_info
creating ../../build/controls_movement/controls_movement.egg-info
writing ../../build/controls_movement/controls_movement.egg-info/PKG-INFO
writing dependency_links to ../../build/controls_movement/controls_movement.egg-info/dependency_links.txt
writing entry points to ../../build/controls_movement/controls_movement.egg-info/entry_points.txt
writing requirements to ../../build/controls_movement/controls_movement.egg-info/requires.txt
writing top-level names to ../../build/controls_movement/controls_movement.egg-info/top_level.txt
writing manifest file '../../build/controls_movement/controls_movement.egg-info/SOURCES.txt'
reading manifest file '../../build/controls_movement/controls_movement.egg-info/SOURCES.txt'
writing manifest file '../../build/controls_movement/controls_movement.egg-info/SOURCES.txt'
running build
running build_py
creating /home/jelly/h10_sim/h10_sim/build/controls_movement/build
creating /home/jelly/h10_sim/h10_sim/build/controls_movement/build/lib
creating /home/jelly/h10_sim/h10_sim/build/controls_movement/build/lib/controls_movement
copying controls_movement/thruster_allocator_test.py -> /home/jelly/h10_sim/h10_sim/build/controls_movement/build/lib/controls_movement
copying controls_movement/driver.py -> /home/jelly/h10_sim/h10_sim/build/controls_movement/build/lib/controls_movement
copying controls_movement/pool_test_2.py -> /home/jelly/h10_sim/h10_sim/build/controls_movement/build/lib/controls_movement
copying controls_movement/thruster_allocator.py -> /home/jelly/h10_sim/h10_sim/build/controls_movement/build/lib/controls_movement
copying controls_movement/pool_test_1.py -> /home/jelly/h10_sim/h10_sim/build/controls_movement/build/lib/controls_movement
copying controls_movement/__init__.py -> /home/jelly/h10_sim/h10_sim/build/controls_movement/build/lib/controls_movement
running install
running install_lib
creating /home/jelly/h10_sim/h10_sim/install/controls_movement/lib/python3.10/site-packages/controls_movement
copying /home/jelly/h10_sim/h10_sim/build/controls_movement/build/lib/controls_movement/thruster_allocator_test.py -> /home/jelly/h10_sim/h10_sim/install/controls_movement/lib/python3.10/site-packages/controls_movement
copying /home/jelly/h10_sim/h10_sim/build/controls_movement/build/lib/controls_movement/driver.py -> /home/jelly/h10_sim/h10_sim/install/controls_movement/lib/python3.10/site-packages/controls_movement
copying /home/jelly/h10_sim/h10_sim/build/controls_movement/build/lib/controls_movement/pool_test_2.py -> /home/jelly/h10_sim/h10_sim/install/controls_movement/lib/python3.10/site-packages/controls_movement
copying /home/jelly/h10_sim/h10_sim/build/controls_movement/build/lib/controls_movement/thruster_allocator.py -> /home/jelly/h10_sim/h10_sim/install/controls_movement/lib/python3.10/site-packages/controls_movement
copying /home/jelly/h10_sim/h10_sim/build/controls_movement/build/lib/controls_movement/pool_test_1.py -> /home/jelly/h10_sim/h10_sim/install/controls_movement/lib/python3.10/site-packages/controls_movement
copying /home/jelly/h10_sim/h10_sim/build/controls_movement/build/lib/controls_movement/__init__.py -> /home/jelly/h10_sim/h10_sim/install/controls_movement/lib/python3.10/site-packages/controls_movement
byte-compiling /home/jelly/h10_sim/h10_sim/install/controls_movement/lib/python3.10/site-packages/controls_movement/thruster_allocator_test.py to thruster_allocator_test.cpython-310.pyc
byte-compiling /home/jelly/h10_sim/h10_sim/install/controls_movement/lib/python3.10/site-packages/controls_movement/driver.py to driver.cpython-310.pyc
byte-compiling /home/jelly/h10_sim/h10_sim/install/controls_movement/lib/python3.10/site-packages/controls_movement/pool_test_2.py to pool_test_2.cpython-310.pyc
byte-compiling /home/jelly/h10_sim/h10_sim/install/controls_movement/lib/python3.10/site-packages/controls_movement/thruster_allocator.py to thruster_allocator.cpython-310.pyc
byte-compiling /home/jelly/h10_sim/h10_sim/install/controls_movement/lib/python3.10/site-packages/controls_movement/pool_test_1.py to pool_test_1.cpython-310.pyc
byte-compiling /home/jelly/h10_sim/h10_sim/install/controls_movement/lib/python3.10/site-packages/controls_movement/__init__.py to __init__.cpython-310.pyc
running install_data
creating /home/jelly/h10_sim/h10_sim/install/controls_movement/share/ament_index
creating /home/jelly/h10_sim/h10_sim/install/controls_movement/share/ament_index/resource_index
creating /home/jelly/h10_sim/h10_sim/install/controls_movement/share/ament_index/resource_index/packages
copying resource/controls_movement -> /home/jelly/h10_sim/h10_sim/install/controls_movement/share/ament_index/resource_index/packages
copying package.xml -> /home/jelly/h10_sim/h10_sim/install/controls_movement/share/controls_movement
copying controls_movement/thrust_map.csv -> /home/jelly/h10_sim/h10_sim/install/controls_movement/share/controls_movement
running install_egg_info
Copying ../../build/controls_movement/controls_movement.egg-info to /home/jelly/h10_sim/h10_sim/install/controls_movement/lib/python3.10/site-packages/controls_movement-0.0.0-py3.10.egg-info
running install_scripts
Installing moveBack script to /home/jelly/h10_sim/h10_sim/install/controls_movement/lib/controls_movement
Installing moveDown script to /home/jelly/h10_sim/h10_sim/install/controls_movement/lib/controls_movement
Installing moveFront script to /home/jelly/h10_sim/h10_sim/install/controls_movement/lib/controls_movement
Installing moveLeft script to /home/jelly/h10_sim/h10_sim/install/controls_movement/lib/controls_movement
Installing moveRight script to /home/jelly/h10_sim/h10_sim/install/controls_movement/lib/controls_movement
Installing moveUp script to /home/jelly/h10_sim/h10_sim/install/controls_movement/lib/controls_movement
writing list of installed files to '/home/jelly/h10_sim/h10_sim/build/controls_movement/install.log'
