[0.495s] Invoking command in '/home/jelly/h10_sim/h10_sim/build/gazebo_camera_bridge': CMAKE_PREFIX_PATH=/home/jelly/h10_sim/h10_sim/install/control:/opt/ros/humble /usr/bin/cmake /home/jelly/h10_sim/h10_sim/gazebo_camera_bridge -DAMENT_CMAKE_SYMLINK_INSTALL=1 -DCMAKE_INSTALL_PREFIX=/home/jelly/h10_sim/h10_sim/install/gazebo_camera_bridge
[0.518s] -- Found ament_cmake: 1.3.10 (/opt/ros/humble/share/ament_cmake/cmake)
[0.748s] -- Override CMake install command with custom implementation using symlinks instead of copying resources
[0.760s] -- Found rclcpp: 16.0.10 (/opt/ros/humble/share/rclcpp/cmake)
[0.809s] -- Found rosidl_generator_c: 3.1.5 (/opt/ros/humble/share/rosidl_generator_c/cmake)
[0.814s] -- Found rosidl_adapter: 3.1.5 (/opt/ros/humble/share/rosidl_adapter/cmake)
[0.824s] -- Found rosidl_generator_cpp: 3.1.5 (/opt/ros/humble/share/rosidl_generator_cpp/cmake)
[0.840s] -- Using all available rosidl_typesupport_c: rosidl_typesupport_fastrtps_c;rosidl_typesupport_introspection_c
[0.861s] -- Using all available rosidl_typesupport_cpp: rosidl_typesupport_fastrtps_cpp;rosidl_typesupport_introspection_cpp
[0.915s] -- Found rmw_implementation_cmake: 6.1.2 (/opt/ros/humble/share/rmw_implementation_cmake/cmake)
[0.917s] -- Found rmw_fastrtps_cpp: 6.2.7 (/opt/ros/humble/share/rmw_fastrtps_cpp/cmake)
[1.105s] -- Using RMW implementation 'rmw_fastrtps_cpp' as default
[1.200s] -- Found sensor_msgs: 4.2.4 (/opt/ros/humble/share/sensor_msgs/cmake)
[1.277s] [31mCMake Error at CMakeLists.txt:10 (find_package):
[1.277s]   By not providing "Findgazebo.cmake" in CMAKE_MODULE_PATH this project has
[1.277s]   asked CMake to find a package configuration file provided by "gazebo", but
[1.277s]   CMake did not find one.
[1.277s] 
[1.278s]   Could not find a package configuration file provided by "gazebo" with any
[1.278s]   of the following names:
[1.278s] 
[1.278s]     gazeboConfig.cmake
[1.278s]     gazebo-config.cmake
[1.278s] 
[1.279s]   Add the installation prefix of "gazebo" to CMAKE_PREFIX_PATH or set
[1.279s]   "gazebo_DIR" to a directory containing one of the above files.  If "gazebo"
[1.279s]   provides a separate development package or SDK, be sure it has been
[1.279s]   installed.
[1.279s] 
[1.279s] [0m
[1.279s] -- Configuring incomplete, errors occurred!
[1.279s] See also "/home/jelly/h10_sim/h10_sim/build/gazebo_camera_bridge/CMakeFiles/CMakeOutput.log".
[1.289s] Invoked command in '/home/jelly/h10_sim/h10_sim/build/gazebo_camera_bridge' returned '1': CMAKE_PREFIX_PATH=/home/jelly/h10_sim/h10_sim/install/control:/opt/ros/humble /usr/bin/cmake /home/jelly/h10_sim/h10_sim/gazebo_camera_bridge -DAMENT_CMAKE_SYMLINK_INSTALL=1 -DCMAKE_INSTALL_PREFIX=/home/jelly/h10_sim/h10_sim/install/gazebo_camera_bridge
