/home/jelly/h10_sim/h10_sim/install/controls_movement/lib/python3.10/site-packages/controls_movement/thruster_allocator_test.py
/home/jelly/h10_sim/h10_sim/install/controls_movement/lib/python3.10/site-packages/controls_movement/driver.py
/home/jelly/h10_sim/h10_sim/install/controls_movement/lib/python3.10/site-packages/controls_movement/pool_test_2.py
/home/jelly/h10_sim/h10_sim/install/controls_movement/lib/python3.10/site-packages/controls_movement/thruster_allocator.py
/home/jelly/h10_sim/h10_sim/install/controls_movement/lib/python3.10/site-packages/controls_movement/pool_test_1.py
/home/jelly/h10_sim/h10_sim/install/controls_movement/lib/python3.10/site-packages/controls_movement/imu_sub.py
/home/jelly/h10_sim/h10_sim/install/controls_movement/lib/python3.10/site-packages/controls_movement/__init__.py
/home/jelly/h10_sim/h10_sim/install/controls_movement/lib/python3.10/site-packages/controls_movement/__pycache__/thruster_allocator_test.cpython-310.pyc
/home/jelly/h10_sim/h10_sim/install/controls_movement/lib/python3.10/site-packages/controls_movement/__pycache__/driver.cpython-310.pyc
/home/jelly/h10_sim/h10_sim/install/controls_movement/lib/python3.10/site-packages/controls_movement/__pycache__/pool_test_2.cpython-310.pyc
/home/jelly/h10_sim/h10_sim/install/controls_movement/lib/python3.10/site-packages/controls_movement/__pycache__/thruster_allocator.cpython-310.pyc
/home/jelly/h10_sim/h10_sim/install/controls_movement/lib/python3.10/site-packages/controls_movement/__pycache__/pool_test_1.cpython-310.pyc
/home/jelly/h10_sim/h10_sim/install/controls_movement/lib/python3.10/site-packages/controls_movement/__pycache__/imu_sub.cpython-310.pyc
/home/jelly/h10_sim/h10_sim/install/controls_movement/lib/python3.10/site-packages/controls_movement/__pycache__/__init__.cpython-310.pyc
/home/jelly/h10_sim/h10_sim/install/controls_movement/share/ament_index/resource_index/packages/controls_movement
/home/jelly/h10_sim/h10_sim/install/controls_movement/share/controls_movement/package.xml
/home/jelly/h10_sim/h10_sim/install/controls_movement/share/controls_movement/thrust_map.csv
/home/jelly/h10_sim/h10_sim/install/controls_movement/lib/python3.10/site-packages/controls_movement-0.0.0-py3.10.egg-info/zip-safe
/home/jelly/h10_sim/h10_sim/install/controls_movement/lib/python3.10/site-packages/controls_movement-0.0.0-py3.10.egg-info/PKG-INFO
/home/jelly/h10_sim/h10_sim/install/controls_movement/lib/python3.10/site-packages/controls_movement-0.0.0-py3.10.egg-info/top_level.txt
/home/jelly/h10_sim/h10_sim/install/controls_movement/lib/python3.10/site-packages/controls_movement-0.0.0-py3.10.egg-info/entry_points.txt
/home/jelly/h10_sim/h10_sim/install/controls_movement/lib/python3.10/site-packages/controls_movement-0.0.0-py3.10.egg-info/dependency_links.txt
/home/jelly/h10_sim/h10_sim/install/controls_movement/lib/python3.10/site-packages/controls_movement-0.0.0-py3.10.egg-info/requires.txt
/home/jelly/h10_sim/h10_sim/install/controls_movement/lib/python3.10/site-packages/controls_movement-0.0.0-py3.10.egg-info/SOURCES.txt
/home/jelly/h10_sim/h10_sim/install/controls_movement/lib/controls_movement/IMU
/home/jelly/h10_sim/h10_sim/install/controls_movement/lib/controls_movement/moveBack
/home/jelly/h10_sim/h10_sim/install/controls_movement/lib/controls_movement/moveDown
/home/jelly/h10_sim/h10_sim/install/controls_movement/lib/controls_movement/moveFront
/home/jelly/h10_sim/h10_sim/install/controls_movement/lib/controls_movement/moveLeft
/home/jelly/h10_sim/h10_sim/install/controls_movement/lib/controls_movement/moveRight
/home/jelly/h10_sim/h10_sim/install/controls_movement/lib/controls_movement/moveUp
