running egg_info
writing ../../build/controls_movement/controls_movement.egg-info/PKG-INFO
writing dependency_links to ../../build/controls_movement/controls_movement.egg-info/dependency_links.txt
writing entry points to ../../build/controls_movement/controls_movement.egg-info/entry_points.txt
writing requirements to ../../build/controls_movement/controls_movement.egg-info/requires.txt
writing top-level names to ../../build/controls_movement/controls_movement.egg-info/top_level.txt
reading manifest file '../../build/controls_movement/controls_movement.egg-info/SOURCES.txt'
writing manifest file '../../build/controls_movement/controls_movement.egg-info/SOURCES.txt'
running build
running build_py
running install
running install_lib
running install_data
running install_egg_info
removing '/home/jelly/h10_sim/h10_sim/install/controls_movement/lib/python3.10/site-packages/controls_movement-0.0.0-py3.10.egg-info' (and everything under it)
Copying ../../build/controls_movement/controls_movement.egg-info to /home/jelly/h10_sim/h10_sim/install/controls_movement/lib/python3.10/site-packages/controls_movement-0.0.0-py3.10.egg-info
running install_scripts
Installing IMU - script to /home/jelly/h10_sim/h10_sim/install/controls_movement/lib/controls_movement
Installing moveBack script to /home/jelly/h10_sim/h10_sim/install/controls_movement/lib/controls_movement
Installing moveDown script to /home/jelly/h10_sim/h10_sim/install/controls_movement/lib/controls_movement
Installing moveFront script to /home/jelly/h10_sim/h10_sim/install/controls_movement/lib/controls_movement
Installing moveLeft script to /home/jelly/h10_sim/h10_sim/install/controls_movement/lib/controls_movement
Installing moveRight script to /home/jelly/h10_sim/h10_sim/install/controls_movement/lib/controls_movement
Installing moveUp script to /home/jelly/h10_sim/h10_sim/install/controls_movement/lib/controls_movement
writing list of installed files to '/home/jelly/h10_sim/h10_sim/build/controls_movement/install.log'
