[0.466s] Invoking command in '/home/jelly/h10_sim/h10_sim/build/simple_auv': /usr/bin/cmake /home/jelly/h10_sim/h10_sim/gazebo -DCATKIN_INSTALL_INTO_PREFIX_ROOT=0 -DCMAKE_INSTALL_PREFIX=/home/jelly/h10_sim/h10_sim/install/simple_auv
[0.485s] [0m/home/jelly/h10_sim/h10_sim[0m
[0.485s] [0m/home/jelly/h10_sim/h10_sim/gazebo[0m
[0.485s] [0m/home/jelly/h10_sim/h10_sim/build/simple_auv[0m
[0.485s] [0mCMAKE_INSTALL_PREFIX is: /home/jelly/h10_sim/h10_sim/install[0m
[0.485s] [0mInstalling models, worlds, and hooks directories to share/simple_auv[0m
[0.486s] -- Configuring done
[0.486s] -- Generating done
[0.487s] -- Build files have been written to: /home/jelly/h10_sim/h10_sim/build/simple_auv
[0.490s] Invoked command in '/home/jelly/h10_sim/h10_sim/build/simple_auv' returned '0': /usr/bin/cmake /home/jelly/h10_sim/h10_sim/gazebo -DCATKIN_INSTALL_INTO_PREFIX_ROOT=0 -DCMAKE_INSTALL_PREFIX=/home/jelly/h10_sim/h10_sim/install/simple_auv
[0.493s] Invoking command in '/home/jelly/h10_sim/h10_sim/build/simple_auv': /usr/bin/cmake --build /home/jelly/h10_sim/h10_sim/build/simple_auv -- -j8 -l8
[0.547s] Invoked command in '/home/jelly/h10_sim/h10_sim/build/simple_auv' returned '0': /usr/bin/cmake --build /home/jelly/h10_sim/h10_sim/build/simple_auv -- -j8 -l8
[0.615s] Invoking command in '/home/jelly/h10_sim/h10_sim/build/simple_auv': /usr/bin/cmake --install /home/jelly/h10_sim/h10_sim/build/simple_auv
[0.625s] -- Install configuration: ""
[0.626s] -- Up-to-date: /home/jelly/h10_sim/h10_sim/install/share/simple_auv/models
[0.626s] -- Up-to-date: /home/jelly/h10_sim/h10_sim/install/share/simple_auv/models/dynamics
[0.626s] -- Up-to-date: /home/jelly/h10_sim/h10_sim/install/share/simple_auv/models/dynamics/model.sdf
[0.626s] -- Up-to-date: /home/jelly/h10_sim/h10_sim/install/share/simple_auv/models/dynamics/model.config
[0.627s] -- Up-to-date: /home/jelly/h10_sim/h10_sim/install/share/simple_auv/models/geometry
[0.627s] -- Up-to-date: /home/jelly/h10_sim/h10_sim/install/share/simple_auv/models/geometry/model.sdf
[0.627s] -- Up-to-date: /home/jelly/h10_sim/h10_sim/install/share/simple_auv/models/geometry/model.config
[0.627s] -- Up-to-date: /home/jelly/h10_sim/h10_sim/install/share/simple_auv/models/geometry/meshes
[0.627s] -- Up-to-date: /home/jelly/h10_sim/h10_sim/install/share/simple_auv/models/geometry/meshes/master assembly.SLDASM
[0.628s] -- Up-to-date: /home/jelly/h10_sim/h10_sim/install/share/simple_auv/models/geometry/meshes/auv_flipped.dae
[0.628s] -- Up-to-date: /home/jelly/h10_sim/h10_sim/install/share/simple_auv/models/geometry/meshes/auv.blend
[0.628s] -- Up-to-date: /home/jelly/h10_sim/h10_sim/install/share/simple_auv/models/geometry/meshes/master assembly (COM at origin).SLDASM
[0.628s] -- Up-to-date: /home/jelly/h10_sim/h10_sim/install/share/simple_auv/models/geometry/meshes/auv.dae
[0.629s] -- Up-to-date: /home/jelly/h10_sim/h10_sim/install/share/simple_auv/models/auv
[0.629s] -- Up-to-date: /home/jelly/h10_sim/h10_sim/install/share/simple_auv/models/auv/model.sdf
[0.629s] -- Up-to-date: /home/jelly/h10_sim/h10_sim/install/share/simple_auv/models/auv/model.config
[0.630s] -- Up-to-date: /home/jelly/h10_sim/h10_sim/install/share/simple_auv/worlds
[0.630s] -- Up-to-date: /home/jelly/h10_sim/h10_sim/install/share/simple_auv/worlds/h10pool.config
[0.630s] -- Up-to-date: /home/jelly/h10_sim/h10_sim/install/share/simple_auv/worlds/media
[0.630s] -- Up-to-date: /home/jelly/h10_sim/h10_sim/install/share/simple_auv/worlds/media/materials
[0.631s] -- Up-to-date: /home/jelly/h10_sim/h10_sim/install/share/simple_auv/worlds/media/materials/scripts
[0.632s] -- Up-to-date: /home/jelly/h10_sim/h10_sim/install/share/simple_auv/worlds/media/materials/scripts/colors.material
[0.632s] -- Up-to-date: /home/jelly/h10_sim/h10_sim/install/share/simple_auv/worlds/media/materials/scripts/tiles.material
[0.633s] -- Up-to-date: /home/jelly/h10_sim/h10_sim/install/share/simple_auv/worlds/media/materials/scripts/water.material
[0.633s] -- Up-to-date: /home/jelly/h10_sim/h10_sim/install/share/simple_auv/worlds/h10pool.sdf
[0.633s] Invoked command in '/home/jelly/h10_sim/h10_sim/build/simple_auv' returned '0': /usr/bin/cmake --install /home/jelly/h10_sim/h10_sim/build/simple_auv
