[1.258s] Invoking command in '/home/jelly/h10_sim/h10_sim/build/control': PYTHONPATH=/home/jelly/h10_sim/h10_sim/build/control/prefix_override:/usr/lib/python3/dist-packages/colcon_core/task/python/colcon_distutils_commands:/home/jelly/h10_sim/h10_sim/install/control/lib/python3.10/site-packages:${PYTHONPATH} /usr/bin/python3 -W ignore:setup.py install is deprecated setup.py develop --editable --build-directory /home/jelly/h10_sim/h10_sim/build/control/build --no-deps symlink_data
[1.780s] running develop
[1.781s] /usr/lib/python3/dist-packages/setuptools/command/easy_install.py:158: EasyInstallDeprecationWarning: easy_install command is deprecated. Use build and pip and other standards-based tools.
[1.781s]   warnings.warn(
[2.132s] running egg_info
[2.132s] creating control.egg-info
[2.133s] writing control.egg-info/PKG-INFO
[2.133s] writing dependency_links to control.egg-info/dependency_links.txt
[2.133s] writing entry points to control.egg-info/entry_points.txt
[2.133s] writing requirements to control.egg-info/requires.txt
[2.133s] writing top-level names to control.egg-info/top_level.txt
[2.134s] writing manifest file 'control.egg-info/SOURCES.txt'
[2.137s] reading manifest file 'control.egg-info/SOURCES.txt'
[2.138s] writing manifest file 'control.egg-info/SOURCES.txt'
[2.141s] running build_ext
[2.141s] Creating /home/jelly/h10_sim/h10_sim/install/control/lib/python3.10/site-packages/control.egg-link (link to .)
[2.143s] Installing IMU script to /home/jelly/h10_sim/h10_sim/install/control/lib/control
[2.143s] 
[2.143s] Installed /home/jelly/h10_sim/h10_sim/build/control
[2.143s] running symlink_data
[2.143s] creating /home/jelly/h10_sim/h10_sim/install/control/share/ament_index
[2.144s] creating /home/jelly/h10_sim/h10_sim/install/control/share/ament_index/resource_index
[2.144s] creating /home/jelly/h10_sim/h10_sim/install/control/share/ament_index/resource_index/packages
[2.144s] symbolically linking /home/jelly/h10_sim/h10_sim/build/control/resource/control -> /home/jelly/h10_sim/h10_sim/install/control/share/ament_index/resource_index/packages
[2.144s] symbolically linking /home/jelly/h10_sim/h10_sim/build/control/package.xml -> /home/jelly/h10_sim/h10_sim/install/control/share/control
[2.190s] Invoked command in '/home/jelly/h10_sim/h10_sim/build/control' returned '0': PYTHONPATH=/home/jelly/h10_sim/h10_sim/build/control/prefix_override:/usr/lib/python3/dist-packages/colcon_core/task/python/colcon_distutils_commands:/home/jelly/h10_sim/h10_sim/install/control/lib/python3.10/site-packages:${PYTHONPATH} /usr/bin/python3 -W ignore:setup.py install is deprecated setup.py develop --editable --build-directory /home/jelly/h10_sim/h10_sim/build/control/build --no-deps symlink_data
