[0.473s] Invoking command in '/home/jelly/h10_sim/h10_sim/build/simple_auv': /usr/bin/cmake /home/jelly/h10_sim/h10_sim/gazebo -DCATKIN_INSTALL_INTO_PREFIX_ROOT=0 -DCATKIN_SYMLINK_INSTALL=ON -DCMAKE_INSTALL_PREFIX=/home/jelly/h10_sim/h10_sim/install/simple_auv
[0.490s] [0m/home/jelly/h10_sim/h10_sim[0m
[0.490s] [0m/home/jelly/h10_sim/h10_sim/gazebo[0m
[0.490s] [0m/home/jelly/h10_sim/h10_sim/build/simple_auv[0m
[0.490s] [0mCMAKE_INSTALL_PREFIX is: /home/jelly/h10_sim/h10_sim/install[0m
[0.491s] [0mInstalling models, worlds, and hooks directories to share/simple_auv[0m
[0.491s] -- Configuring done
[0.492s] -- Generating done
[0.493s] -- Build files have been written to: /home/jelly/h10_sim/h10_sim/build/simple_auv
[0.495s] Invoked command in '/home/jelly/h10_sim/h10_sim/build/simple_auv' returned '0': /usr/bin/cmake /home/jelly/h10_sim/h10_sim/gazebo -DCATKIN_INSTALL_INTO_PREFIX_ROOT=0 -DCATKIN_SYMLINK_INSTALL=ON -DCMAKE_INSTALL_PREFIX=/home/jelly/h10_sim/h10_sim/install/simple_auv
[0.498s] Invoking command in '/home/jelly/h10_sim/h10_sim/build/simple_auv': /usr/bin/cmake --build /home/jelly/h10_sim/h10_sim/build/simple_auv -- -j8 -l8
[0.551s] Invoked command in '/home/jelly/h10_sim/h10_sim/build/simple_auv' returned '0': /usr/bin/cmake --build /home/jelly/h10_sim/h10_sim/build/simple_auv -- -j8 -l8
[0.619s] Invoking command in '/home/jelly/h10_sim/h10_sim/build/simple_auv': /usr/bin/cmake --install /home/jelly/h10_sim/h10_sim/build/simple_auv
[0.630s] -- Install configuration: ""
[0.631s] -- Up-to-date: /home/jelly/h10_sim/h10_sim/install/share/simple_auv/models
[0.631s] -- Up-to-date: /home/jelly/h10_sim/h10_sim/install/share/simple_auv/models/dynamics
[0.631s] -- Up-to-date: /home/jelly/h10_sim/h10_sim/install/share/simple_auv/models/dynamics/model.sdf
[0.631s] -- Up-to-date: /home/jelly/h10_sim/h10_sim/install/share/simple_auv/models/dynamics/model.config
[0.631s] -- Up-to-date: /home/jelly/h10_sim/h10_sim/install/share/simple_auv/models/geometry
[0.631s] -- Up-to-date: /home/jelly/h10_sim/h10_sim/install/share/simple_auv/models/geometry/model.sdf
[0.631s] -- Up-to-date: /home/jelly/h10_sim/h10_sim/install/share/simple_auv/models/geometry/model.config
[0.631s] -- Up-to-date: /home/jelly/h10_sim/h10_sim/install/share/simple_auv/models/geometry/meshes
[0.631s] -- Up-to-date: /home/jelly/h10_sim/h10_sim/install/share/simple_auv/models/geometry/meshes/master assembly.SLDASM
[0.631s] -- Up-to-date: /home/jelly/h10_sim/h10_sim/install/share/simple_auv/models/geometry/meshes/auv_flipped.dae
[0.632s] -- Up-to-date: /home/jelly/h10_sim/h10_sim/install/share/simple_auv/models/geometry/meshes/auv.blend
[0.632s] -- Up-to-date: /home/jelly/h10_sim/h10_sim/install/share/simple_auv/models/geometry/meshes/master assembly (COM at origin).SLDASM
[0.632s] -- Up-to-date: /home/jelly/h10_sim/h10_sim/install/share/simple_auv/models/geometry/meshes/auv.dae
[0.632s] -- Up-to-date: /home/jelly/h10_sim/h10_sim/install/share/simple_auv/models/auv
[0.632s] -- Up-to-date: /home/jelly/h10_sim/h10_sim/install/share/simple_auv/models/auv/model.sdf
[0.632s] -- Up-to-date: /home/jelly/h10_sim/h10_sim/install/share/simple_auv/models/auv/model.config
[0.632s] -- Up-to-date: /home/jelly/h10_sim/h10_sim/install/share/simple_auv/worlds
[0.632s] -- Up-to-date: /home/jelly/h10_sim/h10_sim/install/share/simple_auv/worlds/h10pool.config
[0.632s] -- Up-to-date: /home/jelly/h10_sim/h10_sim/install/share/simple_auv/worlds/media
[0.632s] -- Up-to-date: /home/jelly/h10_sim/h10_sim/install/share/simple_auv/worlds/media/materials
[0.633s] -- Up-to-date: /home/jelly/h10_sim/h10_sim/install/share/simple_auv/worlds/media/materials/scripts
[0.633s] -- Up-to-date: /home/jelly/h10_sim/h10_sim/install/share/simple_auv/worlds/media/materials/scripts/colors.material
[0.633s] -- Up-to-date: /home/jelly/h10_sim/h10_sim/install/share/simple_auv/worlds/media/materials/scripts/tiles.material
[0.633s] -- Up-to-date: /home/jelly/h10_sim/h10_sim/install/share/simple_auv/worlds/media/materials/scripts/water.material
[0.633s] -- Installing: /home/jelly/h10_sim/h10_sim/install/share/simple_auv/worlds/h10pool.sdf
[0.634s] Invoked command in '/home/jelly/h10_sim/h10_sim/build/simple_auv' returned '0': /usr/bin/cmake --install /home/jelly/h10_sim/h10_sim/build/simple_auv
