[1.070s] Invoking command in '/home/jelly/h10_sim/h10_sim/control/controls_movement': PYTHONPATH=/home/jelly/h10_sim/h10_sim/build/controls_movement/prefix_override:/usr/lib/python3/dist-packages/colcon_core/task/python/colcon_distutils_commands:/home/jelly/h10_sim/h10_sim/install/controls_movement/lib/python3.10/site-packages:${PYTHONPATH} /usr/bin/python3 -W ignore:setup.py install is deprecated -W ignore:easy_install command is deprecated setup.py egg_info --egg-base ../../build/controls_movement build --build-base /home/jelly/h10_sim/h10_sim/build/controls_movement/build install --record /home/jelly/h10_sim/h10_sim/build/controls_movement/install.log --single-version-externally-managed install_data
[1.494s] running egg_info
[1.495s] writing ../../build/controls_movement/controls_movement.egg-info/PKG-INFO
[1.495s] writing dependency_links to ../../build/controls_movement/controls_movement.egg-info/dependency_links.txt
[1.495s] writing entry points to ../../build/controls_movement/controls_movement.egg-info/entry_points.txt
[1.495s] writing requirements to ../../build/controls_movement/controls_movement.egg-info/requires.txt
[1.495s] writing top-level names to ../../build/controls_movement/controls_movement.egg-info/top_level.txt
[1.498s] reading manifest file '../../build/controls_movement/controls_movement.egg-info/SOURCES.txt'
[1.500s] writing manifest file '../../build/controls_movement/controls_movement.egg-info/SOURCES.txt'
[1.500s] running build
[1.500s] running build_py
[1.500s] copying controls_movement/imu_sub.py -> /home/jelly/h10_sim/h10_sim/build/controls_movement/build/lib/controls_movement
[1.501s] running install
[1.502s] running install_lib
[1.503s] copying /home/jelly/h10_sim/h10_sim/build/controls_movement/build/lib/controls_movement/imu_sub.py -> /home/jelly/h10_sim/h10_sim/install/controls_movement/lib/python3.10/site-packages/controls_movement
[1.504s] byte-compiling /home/jelly/h10_sim/h10_sim/install/controls_movement/lib/python3.10/site-packages/controls_movement/imu_sub.py to imu_sub.cpython-310.pyc
[1.505s] running install_data
[1.505s] running install_egg_info
[1.508s] removing '/home/jelly/h10_sim/h10_sim/install/controls_movement/lib/python3.10/site-packages/controls_movement-0.0.0-py3.10.egg-info' (and everything under it)
[1.508s] Copying ../../build/controls_movement/controls_movement.egg-info to /home/jelly/h10_sim/h10_sim/install/controls_movement/lib/python3.10/site-packages/controls_movement-0.0.0-py3.10.egg-info
[1.509s] running install_scripts
[1.544s] Installing moveBack script to /home/jelly/h10_sim/h10_sim/install/controls_movement/lib/controls_movement
[1.544s] Installing moveDown script to /home/jelly/h10_sim/h10_sim/install/controls_movement/lib/controls_movement
[1.545s] Installing moveFront script to /home/jelly/h10_sim/h10_sim/install/controls_movement/lib/controls_movement
[1.545s] Installing moveLeft script to /home/jelly/h10_sim/h10_sim/install/controls_movement/lib/controls_movement
[1.545s] Installing moveRight script to /home/jelly/h10_sim/h10_sim/install/controls_movement/lib/controls_movement
[1.545s] Installing moveUp script to /home/jelly/h10_sim/h10_sim/install/controls_movement/lib/controls_movement
[1.545s] writing list of installed files to '/home/jelly/h10_sim/h10_sim/build/controls_movement/install.log'
[1.580s] Invoked command in '/home/jelly/h10_sim/h10_sim/control/controls_movement' returned '0': PYTHONPATH=/home/jelly/h10_sim/h10_sim/build/controls_movement/prefix_override:/usr/lib/python3/dist-packages/colcon_core/task/python/colcon_distutils_commands:/home/jelly/h10_sim/h10_sim/install/controls_movement/lib/python3.10/site-packages:${PYTHONPATH} /usr/bin/python3 -W ignore:setup.py install is deprecated -W ignore:easy_install command is deprecated setup.py egg_info --egg-base ../../build/controls_movement build --build-base /home/jelly/h10_sim/h10_sim/build/controls_movement/build install --record /home/jelly/h10_sim/h10_sim/build/controls_movement/install.log --single-version-externally-managed install_data
