[0.465s] Invoking command in '/home/jelly/h10_sim/h10_sim/build/simple_auv': /usr/bin/cmake --build /home/jelly/h10_sim/h10_sim/build/simple_auv -- -j8 -l8
[0.497s] [0m/home/jelly/h10_sim/h10_sim[0m
[0.497s] [0m/home/jelly/h10_sim/h10_sim/gazebo[0m
[0.497s] [0m/home/jelly/h10_sim/h10_sim/build/simple_auv[0m
[0.497s] [0mCMAKE_INSTALL_PREFIX is: /home/jelly/h10_sim/h10_sim/install[0m
[0.497s] [0mInstalling models, worlds, and hooks directories to share/simple_auv[0m
[0.498s] -- Configuring done
[0.499s] -- Generating done
[0.499s] -- Build files have been written to: /home/jelly/h10_sim/h10_sim/build/simple_auv
[0.529s] Invoked command in '/home/jelly/h10_sim/h10_sim/build/simple_auv' returned '0': /usr/bin/cmake --build /home/jelly/h10_sim/h10_sim/build/simple_auv -- -j8 -l8
[0.598s] Invoking command in '/home/jelly/h10_sim/h10_sim/build/simple_auv': /usr/bin/cmake --install /home/jelly/h10_sim/h10_sim/build/simple_auv
[0.608s] -- Install configuration: ""
[0.608s] -- Up-to-date: /home/jelly/h10_sim/h10_sim/install/share/simple_auv/models
[0.609s] -- Up-to-date: /home/jelly/h10_sim/h10_sim/install/share/simple_auv/models/dynamics
[0.609s] -- Up-to-date: /home/jelly/h10_sim/h10_sim/install/share/simple_auv/models/dynamics/model.sdf
[0.609s] -- Up-to-date: /home/jelly/h10_sim/h10_sim/install/share/simple_auv/models/dynamics/model.config
[0.609s] -- Up-to-date: /home/jelly/h10_sim/h10_sim/install/share/simple_auv/models/geometry
[0.609s] -- Up-to-date: /home/jelly/h10_sim/h10_sim/install/share/simple_auv/models/geometry/model.sdf
[0.609s] -- Up-to-date: /home/jelly/h10_sim/h10_sim/install/share/simple_auv/models/geometry/model.config
[0.610s] -- Up-to-date: /home/jelly/h10_sim/h10_sim/install/share/simple_auv/models/geometry/meshes
[0.610s] -- Up-to-date: /home/jelly/h10_sim/h10_sim/install/share/simple_auv/models/geometry/meshes/master assembly.SLDASM
[0.610s] -- Up-to-date: /home/jelly/h10_sim/h10_sim/install/share/simple_auv/models/geometry/meshes/auv_flipped.dae
[0.610s] -- Up-to-date: /home/jelly/h10_sim/h10_sim/install/share/simple_auv/models/geometry/meshes/auv.blend
[0.610s] -- Up-to-date: /home/jelly/h10_sim/h10_sim/install/share/simple_auv/models/geometry/meshes/master assembly (COM at origin).SLDASM
[0.610s] -- Up-to-date: /home/jelly/h10_sim/h10_sim/install/share/simple_auv/models/geometry/meshes/auv.dae
[0.611s] -- Up-to-date: /home/jelly/h10_sim/h10_sim/install/share/simple_auv/models/auv
[0.611s] -- Up-to-date: /home/jelly/h10_sim/h10_sim/install/share/simple_auv/models/auv/model.sdf
[0.611s] -- Up-to-date: /home/jelly/h10_sim/h10_sim/install/share/simple_auv/models/auv/model.config
[0.611s] -- Up-to-date: /home/jelly/h10_sim/h10_sim/install/share/simple_auv/worlds
[0.612s] -- Up-to-date: /home/jelly/h10_sim/h10_sim/install/share/simple_auv/worlds/h10pool.config
[0.612s] -- Up-to-date: /home/jelly/h10_sim/h10_sim/install/share/simple_auv/worlds/media
[0.612s] -- Up-to-date: /home/jelly/h10_sim/h10_sim/install/share/simple_auv/worlds/media/materials
[0.613s] -- Up-to-date: /home/jelly/h10_sim/h10_sim/install/share/simple_auv/worlds/media/materials/scripts
[0.613s] -- Up-to-date: /home/jelly/h10_sim/h10_sim/install/share/simple_auv/worlds/media/materials/scripts/colors.material
[0.613s] -- Up-to-date: /home/jelly/h10_sim/h10_sim/install/share/simple_auv/worlds/media/materials/scripts/tiles.material
[0.613s] -- Up-to-date: /home/jelly/h10_sim/h10_sim/install/share/simple_auv/worlds/media/materials/scripts/water.material
[0.614s] -- Up-to-date: /home/jelly/h10_sim/h10_sim/install/share/simple_auv/worlds/h10pool.sdf
[0.614s] Invoked command in '/home/jelly/h10_sim/h10_sim/build/simple_auv' returned '0': /usr/bin/cmake --install /home/jelly/h10_sim/h10_sim/build/simple_auv
