-- Configuring done
-- Generating done
-- Build files have been written to: /home/jelly/h10/h10_sim/h10_sim/build/simple_auv
-- Install configuration: ""
-- Up-to-date: /home/jelly/h10/h10_sim/h10_sim/install/simple_auv/share/simple_auv/models
-- Up-to-date: /home/jelly/h10/h10_sim/h10_sim/install/simple_auv/share/simple_auv/models/dynamics
-- Up-to-date: /home/jelly/h10/h10_sim/h10_sim/install/simple_auv/share/simple_auv/models/dynamics/model.sdf
-- Up-to-date: /home/jelly/h10/h10_sim/h10_sim/install/simple_auv/share/simple_auv/models/dynamics/model.config
-- Up-to-date: /home/jelly/h10/h10_sim/h10_sim/install/simple_auv/share/simple_auv/models/geometry
-- Up-to-date: /home/jelly/h10/h10_sim/h10_sim/install/simple_auv/share/simple_auv/models/geometry/model.sdf
-- Up-to-date: /home/jelly/h10/h10_sim/h10_sim/install/simple_auv/share/simple_auv/models/geometry/model.config
-- Up-to-date: /home/jelly/h10/h10_sim/h10_sim/install/simple_auv/share/simple_auv/models/geometry/meshes
-- Up-to-date: /home/jelly/h10/h10_sim/h10_sim/install/simple_auv/share/simple_auv/models/geometry/meshes/master assembly.SLDASM
-- Up-to-date: /home/jelly/h10/h10_sim/h10_sim/install/simple_auv/share/simple_auv/models/geometry/meshes/auv_flipped.dae
-- Up-to-date: /home/jelly/h10/h10_sim/h10_sim/install/simple_auv/share/simple_auv/models/geometry/meshes/auv.blend
-- Up-to-date: /home/jelly/h10/h10_sim/h10_sim/install/simple_auv/share/simple_auv/models/geometry/meshes/master assembly (COM at origin).SLDASM
-- Up-to-date: /home/jelly/h10/h10_sim/h10_sim/install/simple_auv/share/simple_auv/models/geometry/meshes/auv.dae
-- Up-to-date: /home/jelly/h10/h10_sim/h10_sim/install/simple_auv/share/simple_auv/models/auv
-- Up-to-date: /home/jelly/h10/h10_sim/h10_sim/install/simple_auv/share/simple_auv/models/auv/model.sdf
-- Up-to-date: /home/jelly/h10/h10_sim/h10_sim/install/simple_auv/share/simple_auv/models/auv/model.config
-- Up-to-date: /home/jelly/h10/h10_sim/h10_sim/install/simple_auv/share/simple_auv/worlds
-- Up-to-date: /home/jelly/h10/h10_sim/h10_sim/install/simple_auv/share/simple_auv/worlds/h10pool.config
-- Up-to-date: /home/jelly/h10/h10_sim/h10_sim/install/simple_auv/share/simple_auv/worlds/media
-- Up-to-date: /home/jelly/h10/h10_sim/h10_sim/install/simple_auv/share/simple_auv/worlds/media/materials
-- Up-to-date: /home/jelly/h10/h10_sim/h10_sim/install/simple_auv/share/simple_auv/worlds/media/materials/scripts
-- Up-to-date: /home/jelly/h10/h10_sim/h10_sim/install/simple_auv/share/simple_auv/worlds/media/materials/scripts/colors.material
-- Up-to-date: /home/jelly/h10/h10_sim/h10_sim/install/simple_auv/share/simple_auv/worlds/media/materials/scripts/tiles.material
-- Up-to-date: /home/jelly/h10/h10_sim/h10_sim/install/simple_auv/share/simple_auv/worlds/media/materials/scripts/water.material
-- Up-to-date: /home/jelly/h10/h10_sim/h10_sim/install/simple_auv/share/simple_auv/worlds/h10pool.sdf
-- Up-to-date: /home/jelly/h10/h10_sim/h10_sim/install/simple_auv/share/simple_auv/hooks
-- Up-to-date: /home/jelly/h10/h10_sim/h10_sim/install/simple_auv/share/simple_auv/hooks/hook.dsv
-- Up-to-date: /home/jelly/h10/h10_sim/h10_sim/install/simple_auv/share/simple_auv/hooks/custom_setup.sh
-- Up-to-date: /home/jelly/h10/h10_sim/h10_sim/install/simple_auv/./custom_setup.sh
