[0.016s] Invoking command in '/home/jelly/h10/h10_sim/h10_sim/build/simple_auv': /usr/bin/cmake --build /home/jelly/h10/h10_sim/h10_sim/build/simple_auv -- -j8 -l8
[0.050s] [0mInstalling models, worlds, and hooks directories to share/simple_auv[0m
[0.050s] -- Configuring done
[0.053s] -- Generating done
[0.054s] -- Build files have been written to: /home/jelly/h10/h10_sim/h10_sim/build/simple_auv
[0.086s] Invoked command in '/home/jelly/h10/h10_sim/h10_sim/build/simple_auv' returned '0': /usr/bin/cmake --build /home/jelly/h10/h10_sim/h10_sim/build/simple_auv -- -j8 -l8
[0.161s] Invoking command in '/home/jelly/h10/h10_sim/h10_sim/build/simple_auv': /usr/bin/cmake --install /home/jelly/h10/h10_sim/h10_sim/build/simple_auv
[0.172s] -- Install configuration: ""
[0.172s] -- Up-to-date: /home/jelly/h10/h10_sim/h10_sim/install/simple_auv/share/simple_auv/models
[0.172s] -- Up-to-date: /home/jelly/h10/h10_sim/h10_sim/install/simple_auv/share/simple_auv/models/dynamics
[0.173s] -- Up-to-date: /home/jelly/h10/h10_sim/h10_sim/install/simple_auv/share/simple_auv/models/dynamics/model.sdf
[0.173s] -- Up-to-date: /home/jelly/h10/h10_sim/h10_sim/install/simple_auv/share/simple_auv/models/dynamics/model.config
[0.173s] -- Up-to-date: /home/jelly/h10/h10_sim/h10_sim/install/simple_auv/share/simple_auv/models/geometry
[0.173s] -- Up-to-date: /home/jelly/h10/h10_sim/h10_sim/install/simple_auv/share/simple_auv/models/geometry/model.sdf
[0.174s] -- Up-to-date: /home/jelly/h10/h10_sim/h10_sim/install/simple_auv/share/simple_auv/models/geometry/model.config
[0.174s] -- Up-to-date: /home/jelly/h10/h10_sim/h10_sim/install/simple_auv/share/simple_auv/models/geometry/meshes
[0.174s] -- Up-to-date: /home/jelly/h10/h10_sim/h10_sim/install/simple_auv/share/simple_auv/models/geometry/meshes/master assembly.SLDASM
[0.174s] -- Up-to-date: /home/jelly/h10/h10_sim/h10_sim/install/simple_auv/share/simple_auv/models/geometry/meshes/auv_flipped.dae
[0.174s] -- Up-to-date: /home/jelly/h10/h10_sim/h10_sim/install/simple_auv/share/simple_auv/models/geometry/meshes/auv.blend
[0.174s] -- Up-to-date: /home/jelly/h10/h10_sim/h10_sim/install/simple_auv/share/simple_auv/models/geometry/meshes/master assembly (COM at origin).SLDASM
[0.175s] -- Up-to-date: /home/jelly/h10/h10_sim/h10_sim/install/simple_auv/share/simple_auv/models/geometry/meshes/auv.dae
[0.175s] -- Up-to-date: /home/jelly/h10/h10_sim/h10_sim/install/simple_auv/share/simple_auv/models/auv
[0.176s] -- Up-to-date: /home/jelly/h10/h10_sim/h10_sim/install/simple_auv/share/simple_auv/models/auv/model.sdf
[0.177s] -- Up-to-date: /home/jelly/h10/h10_sim/h10_sim/install/simple_auv/share/simple_auv/models/auv/model.config
[0.177s] -- Up-to-date: /home/jelly/h10/h10_sim/h10_sim/install/simple_auv/share/simple_auv/worlds
[0.177s] -- Up-to-date: /home/jelly/h10/h10_sim/h10_sim/install/simple_auv/share/simple_auv/worlds/h10pool.config
[0.178s] -- Up-to-date: /home/jelly/h10/h10_sim/h10_sim/install/simple_auv/share/simple_auv/worlds/media
[0.178s] -- Up-to-date: /home/jelly/h10/h10_sim/h10_sim/install/simple_auv/share/simple_auv/worlds/media/materials
[0.178s] -- Up-to-date: /home/jelly/h10/h10_sim/h10_sim/install/simple_auv/share/simple_auv/worlds/media/materials/scripts
[0.178s] -- Up-to-date: /home/jelly/h10/h10_sim/h10_sim/install/simple_auv/share/simple_auv/worlds/media/materials/scripts/colors.material
[0.179s] -- Up-to-date: /home/jelly/h10/h10_sim/h10_sim/install/simple_auv/share/simple_auv/worlds/media/materials/scripts/tiles.material
[0.179s] -- Up-to-date: /home/jelly/h10/h10_sim/h10_sim/install/simple_auv/share/simple_auv/worlds/media/materials/scripts/water.material
[0.180s] -- Up-to-date: /home/jelly/h10/h10_sim/h10_sim/install/simple_auv/share/simple_auv/worlds/h10pool.sdf
[0.180s] -- Up-to-date: /home/jelly/h10/h10_sim/h10_sim/install/simple_auv/share/simple_auv/hooks
[0.180s] -- Up-to-date: /home/jelly/h10/h10_sim/h10_sim/install/simple_auv/share/simple_auv/hooks/hook.dsv
[0.180s] -- Up-to-date: /home/jelly/h10/h10_sim/h10_sim/install/simple_auv/share/simple_auv/hooks/custom_setup.sh
[0.181s] -- Up-to-date: /home/jelly/h10/h10_sim/h10_sim/install/simple_auv/./custom_setup.sh
[0.181s] Invoked command in '/home/jelly/h10/h10_sim/h10_sim/build/simple_auv' returned '0': /usr/bin/cmake --install /home/jelly/h10/h10_sim/h10_sim/build/simple_auv
