-- The C compiler identification is GNU 11.4.0
-- The CXX compiler identification is GNU 11.4.0
-- Detecting C compiler ABI info
-- Detecting C compiler ABI info - done
-- Check for working C compiler: /usr/bin/cc - skipped
-- Detecting C compile features
-- Detecting C compile features - done
-- Detecting CXX compiler ABI info
-- Detecting CXX compiler ABI info - done
-- Check for working CXX compiler: /usr/bin/c++ - skipped
-- Detecting CXX compile features
-- Detecting CXX compile features - done
[0mInstalling models, worlds, and hooks directories to share/simple_auv[0m
-- Configuring done
-- Generating done
[33mCMake Warning:
  Manually-specified variables were not used by the project:

    CATKIN_INSTALL_INTO_PREFIX_ROOT

[0m
-- Build files have been written to: /home/jelly/h10/h10_sim/h10_sim/build/simple_auv
-- Install configuration: ""
-- Installing: /home/jelly/h10/h10_sim/h10_sim/install/simple_auv/share/simple_auv/models
-- Installing: /home/jelly/h10/h10_sim/h10_sim/install/simple_auv/share/simple_auv/models/dynamics
-- Installing: /home/jelly/h10/h10_sim/h10_sim/install/simple_auv/share/simple_auv/models/dynamics/model.sdf
-- Installing: /home/jelly/h10/h10_sim/h10_sim/install/simple_auv/share/simple_auv/models/dynamics/model.config
-- Installing: /home/jelly/h10/h10_sim/h10_sim/install/simple_auv/share/simple_auv/models/geometry
-- Installing: /home/jelly/h10/h10_sim/h10_sim/install/simple_auv/share/simple_auv/models/geometry/model.sdf
-- Installing: /home/jelly/h10/h10_sim/h10_sim/install/simple_auv/share/simple_auv/models/geometry/model.config
-- Installing: /home/jelly/h10/h10_sim/h10_sim/install/simple_auv/share/simple_auv/models/geometry/meshes
-- Installing: /home/jelly/h10/h10_sim/h10_sim/install/simple_auv/share/simple_auv/models/geometry/meshes/master assembly.SLDASM
-- Installing: /home/jelly/h10/h10_sim/h10_sim/install/simple_auv/share/simple_auv/models/geometry/meshes/auv_flipped.dae
-- Installing: /home/jelly/h10/h10_sim/h10_sim/install/simple_auv/share/simple_auv/models/geometry/meshes/auv.blend
-- Installing: /home/jelly/h10/h10_sim/h10_sim/install/simple_auv/share/simple_auv/models/geometry/meshes/master assembly (COM at origin).SLDASM
-- Installing: /home/jelly/h10/h10_sim/h10_sim/install/simple_auv/share/simple_auv/models/geometry/meshes/auv.dae
-- Installing: /home/jelly/h10/h10_sim/h10_sim/install/simple_auv/share/simple_auv/models/auv
-- Installing: /home/jelly/h10/h10_sim/h10_sim/install/simple_auv/share/simple_auv/models/auv/model.sdf
-- Installing: /home/jelly/h10/h10_sim/h10_sim/install/simple_auv/share/simple_auv/models/auv/model.config
-- Installing: /home/jelly/h10/h10_sim/h10_sim/install/simple_auv/share/simple_auv/worlds
-- Installing: /home/jelly/h10/h10_sim/h10_sim/install/simple_auv/share/simple_auv/worlds/h10pool.config
-- Installing: /home/jelly/h10/h10_sim/h10_sim/install/simple_auv/share/simple_auv/worlds/media
-- Installing: /home/jelly/h10/h10_sim/h10_sim/install/simple_auv/share/simple_auv/worlds/media/materials
-- Installing: /home/jelly/h10/h10_sim/h10_sim/install/simple_auv/share/simple_auv/worlds/media/materials/scripts
-- Installing: /home/jelly/h10/h10_sim/h10_sim/install/simple_auv/share/simple_auv/worlds/media/materials/scripts/colors.material
-- Installing: /home/jelly/h10/h10_sim/h10_sim/install/simple_auv/share/simple_auv/worlds/media/materials/scripts/tiles.material
-- Installing: /home/jelly/h10/h10_sim/h10_sim/install/simple_auv/share/simple_auv/worlds/media/materials/scripts/water.material
-- Installing: /home/jelly/h10/h10_sim/h10_sim/install/simple_auv/share/simple_auv/worlds/h10pool.sdf
-- Installing: /home/jelly/h10/h10_sim/h10_sim/install/simple_auv/share/simple_auv/hooks
-- Installing: /home/jelly/h10/h10_sim/h10_sim/install/simple_auv/share/simple_auv/hooks/hook.dsv
-- Installing: /home/jelly/h10/h10_sim/h10_sim/install/simple_auv/share/simple_auv/hooks/custom_setup.sh
-- Installing: /home/jelly/h10/h10_sim/h10_sim/install/simple_auv/simple_auv/custom_setup.sh
