[0.017s] Invoking command in '/home/jelly/h10/h10_sim/h10_sim/build/simple_auv': /usr/bin/cmake /home/jelly/h10/h10_sim/h10_sim/gazebo -DCATKIN_INSTALL_INTO_PREFIX_ROOT=0 -DCMAKE_INSTALL_PREFIX=/home/jelly/h10/h10_sim/h10_sim/install/simple_auv
[0.101s] -- The C compiler identification is GNU 11.4.0
[0.190s] -- The CXX compiler identification is GNU 11.4.0
[0.201s] -- Detecting C compiler ABI info
[0.303s] -- Detecting C compiler ABI info - done
[0.316s] -- Check for working C compiler: /usr/bin/cc - skipped
[0.316s] -- Detecting C compile features
[0.317s] -- Detecting C compile features - done
[0.322s] -- Detecting CXX compiler ABI info
[0.448s] -- Detecting CXX compiler ABI info - done
[0.462s] -- Check for working CXX compiler: /usr/bin/c++ - skipped
[0.462s] -- Detecting CXX compile features
[0.463s] -- Detecting CXX compile features - done
[0.465s] [0mInstalling models, worlds, and hooks directories to share/simple_auv[0m
[0.465s] -- Configuring done
[0.466s] -- Generating done
[0.467s] [33mCMake Warning:
[0.467s]   Manually-specified variables were not used by the project:
[0.467s] 
[0.467s]     CATKIN_INSTALL_INTO_PREFIX_ROOT
[0.467s] 
[0.467s] [0m
[0.468s] -- Build files have been written to: /home/jelly/h10/h10_sim/h10_sim/build/simple_auv
[0.472s] Invoked command in '/home/jelly/h10/h10_sim/h10_sim/build/simple_auv' returned '0': /usr/bin/cmake /home/jelly/h10/h10_sim/h10_sim/gazebo -DCATKIN_INSTALL_INTO_PREFIX_ROOT=0 -DCMAKE_INSTALL_PREFIX=/home/jelly/h10/h10_sim/h10_sim/install/simple_auv
[0.475s] Invoking command in '/home/jelly/h10/h10_sim/h10_sim/build/simple_auv': /usr/bin/cmake --build /home/jelly/h10/h10_sim/h10_sim/build/simple_auv -- -j8 -l8
[0.530s] Invoked command in '/home/jelly/h10/h10_sim/h10_sim/build/simple_auv' returned '0': /usr/bin/cmake --build /home/jelly/h10/h10_sim/h10_sim/build/simple_auv -- -j8 -l8
[0.603s] Invoking command in '/home/jelly/h10/h10_sim/h10_sim/build/simple_auv': /usr/bin/cmake --install /home/jelly/h10/h10_sim/h10_sim/build/simple_auv
[0.613s] -- Install configuration: ""
[0.613s] -- Installing: /home/jelly/h10/h10_sim/h10_sim/install/simple_auv/share/simple_auv/models
[0.614s] -- Installing: /home/jelly/h10/h10_sim/h10_sim/install/simple_auv/share/simple_auv/models/dynamics
[0.614s] -- Installing: /home/jelly/h10/h10_sim/h10_sim/install/simple_auv/share/simple_auv/models/dynamics/model.sdf
[0.614s] -- Installing: /home/jelly/h10/h10_sim/h10_sim/install/simple_auv/share/simple_auv/models/dynamics/model.config
[0.614s] -- Installing: /home/jelly/h10/h10_sim/h10_sim/install/simple_auv/share/simple_auv/models/geometry
[0.614s] -- Installing: /home/jelly/h10/h10_sim/h10_sim/install/simple_auv/share/simple_auv/models/geometry/model.sdf
[0.614s] -- Installing: /home/jelly/h10/h10_sim/h10_sim/install/simple_auv/share/simple_auv/models/geometry/model.config
[0.614s] -- Installing: /home/jelly/h10/h10_sim/h10_sim/install/simple_auv/share/simple_auv/models/geometry/meshes
[0.614s] -- Installing: /home/jelly/h10/h10_sim/h10_sim/install/simple_auv/share/simple_auv/models/geometry/meshes/master assembly.SLDASM
[0.619s] -- Installing: /home/jelly/h10/h10_sim/h10_sim/install/simple_auv/share/simple_auv/models/geometry/meshes/auv_flipped.dae
[0.643s] -- Installing: /home/jelly/h10/h10_sim/h10_sim/install/simple_auv/share/simple_auv/models/geometry/meshes/auv.blend
[0.668s] -- Installing: /home/jelly/h10/h10_sim/h10_sim/install/simple_auv/share/simple_auv/models/geometry/meshes/master assembly (COM at origin).SLDASM
[0.678s] -- Installing: /home/jelly/h10/h10_sim/h10_sim/install/simple_auv/share/simple_auv/models/geometry/meshes/auv.dae
[0.702s] -- Installing: /home/jelly/h10/h10_sim/h10_sim/install/simple_auv/share/simple_auv/models/auv
[0.702s] -- Installing: /home/jelly/h10/h10_sim/h10_sim/install/simple_auv/share/simple_auv/models/auv/model.sdf
[0.703s] -- Installing: /home/jelly/h10/h10_sim/h10_sim/install/simple_auv/share/simple_auv/models/auv/model.config
[0.703s] -- Installing: /home/jelly/h10/h10_sim/h10_sim/install/simple_auv/share/simple_auv/worlds
[0.703s] -- Installing: /home/jelly/h10/h10_sim/h10_sim/install/simple_auv/share/simple_auv/worlds/h10pool.config
[0.703s] -- Installing: /home/jelly/h10/h10_sim/h10_sim/install/simple_auv/share/simple_auv/worlds/media
[0.703s] -- Installing: /home/jelly/h10/h10_sim/h10_sim/install/simple_auv/share/simple_auv/worlds/media/materials
[0.703s] -- Installing: /home/jelly/h10/h10_sim/h10_sim/install/simple_auv/share/simple_auv/worlds/media/materials/scripts
[0.704s] -- Installing: /home/jelly/h10/h10_sim/h10_sim/install/simple_auv/share/simple_auv/worlds/media/materials/scripts/colors.material
[0.704s] -- Installing: /home/jelly/h10/h10_sim/h10_sim/install/simple_auv/share/simple_auv/worlds/media/materials/scripts/tiles.material
[0.704s] -- Installing: /home/jelly/h10/h10_sim/h10_sim/install/simple_auv/share/simple_auv/worlds/media/materials/scripts/water.material
[0.704s] -- Installing: /home/jelly/h10/h10_sim/h10_sim/install/simple_auv/share/simple_auv/worlds/h10pool.sdf
[0.704s] -- Installing: /home/jelly/h10/h10_sim/h10_sim/install/simple_auv/share/simple_auv/hooks
[0.704s] -- Installing: /home/jelly/h10/h10_sim/h10_sim/install/simple_auv/share/simple_auv/hooks/hook.dsv
[0.704s] -- Installing: /home/jelly/h10/h10_sim/h10_sim/install/simple_auv/share/simple_auv/hooks/custom_setup.sh
[0.705s] -- Installing: /home/jelly/h10/h10_sim/h10_sim/install/simple_auv/simple_auv/custom_setup.sh
[0.707s] Invoked command in '/home/jelly/h10/h10_sim/h10_sim/build/simple_auv' returned '0': /usr/bin/cmake --install /home/jelly/h10/h10_sim/h10_sim/build/simple_auv
