[0.496s] Invoking command in '/home/jelly/h10_sim/h10_sim/build/gazebo_camera_bridge': CMAKE_PREFIX_PATH=/home/jelly/h10_sim/h10_sim/install/control:/opt/ros/humble /usr/bin/cmake /home/jelly/h10_sim/h10_sim/gazebo_camera_bridge -DAMENT_CMAKE_SYMLINK_INSTALL=1 -DCMAKE_INSTALL_PREFIX=/home/jelly/h10_sim/h10_sim/install/gazebo_camera_bridge
[0.631s] -- The C compiler identification is GNU 11.4.0
[0.762s] -- The CXX compiler identification is GNU 11.4.0
[0.777s] -- Detecting C compiler ABI info
[0.892s] -- Detecting C compiler ABI info - done
[0.918s] -- Check for working C compiler: /usr/bin/cc - skipped
[0.919s] -- Detecting C compile features
[0.920s] -- Detecting C compile features - done
[0.929s] -- Detecting CXX compiler ABI info
[1.064s] -- Detecting CXX compiler ABI info - done
[1.079s] -- Check for working CXX compiler: /usr/bin/c++ - skipped
[1.079s] -- Detecting CXX compile features
[1.080s] -- Detecting CXX compile features - done
[1.087s] -- Found ament_cmake: 1.3.10 (/opt/ros/humble/share/ament_cmake/cmake)
[1.386s] -- Found Python3: /usr/bin/python3 (found version "3.10.12") found components: Interpreter 
[1.513s] -- Override CMake install command with custom implementation using symlinks instead of copying resources
[1.570s] -- Found rclcpp: 16.0.10 (/opt/ros/humble/share/rclcpp/cmake)
[1.658s] -- Found rosidl_generator_c: 3.1.5 (/opt/ros/humble/share/rosidl_generator_c/cmake)
[1.669s] -- Found rosidl_adapter: 3.1.5 (/opt/ros/humble/share/rosidl_adapter/cmake)
[1.686s] -- Found rosidl_generator_cpp: 3.1.5 (/opt/ros/humble/share/rosidl_generator_cpp/cmake)
[1.712s] -- Using all available rosidl_typesupport_c: rosidl_typesupport_fastrtps_c;rosidl_typesupport_introspection_c
[1.749s] -- Using all available rosidl_typesupport_cpp: rosidl_typesupport_fastrtps_cpp;rosidl_typesupport_introspection_cpp
[1.844s] -- Found rmw_implementation_cmake: 6.1.2 (/opt/ros/humble/share/rmw_implementation_cmake/cmake)
[1.849s] -- Found rmw_fastrtps_cpp: 6.2.7 (/opt/ros/humble/share/rmw_fastrtps_cpp/cmake)
[1.999s] -- Found OpenSSL: /usr/lib/x86_64-linux-gnu/libcrypto.so (found version "3.0.2")  
[2.053s] -- Found FastRTPS: /opt/ros/humble/include  
[2.133s] -- Using RMW implementation 'rmw_fastrtps_cpp' as default
[2.152s] -- Looking for pthread.h
[2.278s] -- Looking for pthread.h - found
[2.279s] -- Performing Test CMAKE_HAVE_LIBC_PTHREAD
[2.397s] -- Performing Test CMAKE_HAVE_LIBC_PTHREAD - Success
[2.399s] -- Found Threads: TRUE  
[2.507s] -- Found sensor_msgs: 4.2.4 (/opt/ros/humble/share/sensor_msgs/cmake)
[2.596s] [31mCMake Error at CMakeLists.txt:12 (find_package):
[2.596s]   By not providing "Findgazebo_ros.cmake" in CMAKE_MODULE_PATH this project
[2.596s]   has asked CMake to find a package configuration file provided by
[2.596s]   "gazebo_ros", but CMake did not find one.
[2.597s] 
[2.597s]   Could not find a package configuration file provided by "gazebo_ros" with
[2.597s]   any of the following names:
[2.597s] 
[2.597s]     gazebo_rosConfig.cmake
[2.597s]     gazebo_ros-config.cmake
[2.597s] 
[2.597s]   Add the installation prefix of "gazebo_ros" to CMAKE_PREFIX_PATH or set
[2.597s]   "gazebo_ros_DIR" to a directory containing one of the above files.  If
[2.597s]   "gazebo_ros" provides a separate development package or SDK, be sure it has
[2.597s]   been installed.
[2.598s] 
[2.598s] [0m
[2.598s] -- Configuring incomplete, errors occurred!
[2.598s] See also "/home/jelly/h10_sim/h10_sim/build/gazebo_camera_bridge/CMakeFiles/CMakeOutput.log".
[2.609s] Invoked command in '/home/jelly/h10_sim/h10_sim/build/gazebo_camera_bridge' returned '1': CMAKE_PREFIX_PATH=/home/jelly/h10_sim/h10_sim/install/control:/opt/ros/humble /usr/bin/cmake /home/jelly/h10_sim/h10_sim/gazebo_camera_bridge -DAMENT_CMAKE_SYMLINK_INSTALL=1 -DCMAKE_INSTALL_PREFIX=/home/jelly/h10_sim/h10_sim/install/gazebo_camera_bridge
