[1.168s] Invoking command in '/home/jelly/h10_sim/h10_sim/build/control': PYTHONPATH=/home/jelly/h10_sim/h10_sim/build/control/prefix_override:/usr/lib/python3/dist-packages/colcon_core/task/python/colcon_distutils_commands:/home/jelly/h10_sim/h10_sim/install/control/lib/python3.10/site-packages:${PYTHONPATH} /usr/bin/python3 -W ignore:setup.py install is deprecated setup.py develop --uninstall --editable --build-directory /home/jelly/h10_sim/h10_sim/build/control/build
[1.685s] running develop
[1.685s] /usr/lib/python3/dist-packages/setuptools/command/easy_install.py:158: EasyInstallDeprecationWarning: easy_install command is deprecated. Use build and pip and other standards-based tools.
[1.686s]   warnings.warn(
[2.010s] Removing /home/jelly/h10_sim/h10_sim/install/control/lib/python3.10/site-packages/control.egg-link (link to .)
[2.048s] Invoked command in '/home/jelly/h10_sim/h10_sim/build/control' returned '0': PYTHONPATH=/home/jelly/h10_sim/h10_sim/build/control/prefix_override:/usr/lib/python3/dist-packages/colcon_core/task/python/colcon_distutils_commands:/home/jelly/h10_sim/h10_sim/install/control/lib/python3.10/site-packages:${PYTHONPATH} /usr/bin/python3 -W ignore:setup.py install is deprecated setup.py develop --uninstall --editable --build-directory /home/jelly/h10_sim/h10_sim/build/control/build
[2.051s] Invoking command in '/home/jelly/h10_sim/h10_sim/control': PYTHONPATH=/home/jelly/h10_sim/h10_sim/build/control/prefix_override:/usr/lib/python3/dist-packages/colcon_core/task/python/colcon_distutils_commands:/home/jelly/h10_sim/h10_sim/install/control/lib/python3.10/site-packages:${PYTHONPATH} /usr/bin/python3 -W ignore:setup.py install is deprecated setup.py egg_info --egg-base ../build/control build --build-base /home/jelly/h10_sim/h10_sim/build/control/build install --record /home/jelly/h10_sim/h10_sim/build/control/install.log --single-version-externally-managed install_data --force
[2.467s] running egg_info
[2.468s] writing ../build/control/control.egg-info/PKG-INFO
[2.469s] writing dependency_links to ../build/control/control.egg-info/dependency_links.txt
[2.469s] writing entry points to ../build/control/control.egg-info/entry_points.txt
[2.469s] writing requirements to ../build/control/control.egg-info/requires.txt
[2.469s] writing top-level names to ../build/control/control.egg-info/top_level.txt
[2.472s] reading manifest file '../build/control/control.egg-info/SOURCES.txt'
[2.473s] writing manifest file '../build/control/control.egg-info/SOURCES.txt'
[2.473s] running build
[2.474s] running build_py
[2.474s] running install
[2.474s] running install_lib
[2.476s] creating /home/jelly/h10_sim/h10_sim/install/control/lib/python3.10/site-packages/control
[2.476s] copying /home/jelly/h10_sim/h10_sim/build/control/build/lib/control/imu_sub.py -> /home/jelly/h10_sim/h10_sim/install/control/lib/python3.10/site-packages/control
[2.476s] copying /home/jelly/h10_sim/h10_sim/build/control/build/lib/control/__init__.py -> /home/jelly/h10_sim/h10_sim/install/control/lib/python3.10/site-packages/control
[2.477s] byte-compiling /home/jelly/h10_sim/h10_sim/install/control/lib/python3.10/site-packages/control/imu_sub.py to imu_sub.cpython-310.pyc
[2.477s] byte-compiling /home/jelly/h10_sim/h10_sim/install/control/lib/python3.10/site-packages/control/__init__.py to __init__.cpython-310.pyc
[2.478s] running install_data
[2.478s] copying resource/control -> /home/jelly/h10_sim/h10_sim/install/control/share/ament_index/resource_index/packages
[2.478s] copying package.xml -> /home/jelly/h10_sim/h10_sim/install/control/share/control
[2.478s] running install_egg_info
[2.481s] Copying ../build/control/control.egg-info to /home/jelly/h10_sim/h10_sim/install/control/lib/python3.10/site-packages/control-0.0.0-py3.10.egg-info
[2.482s] running install_scripts
[2.516s] Installing IMU script to /home/jelly/h10_sim/h10_sim/install/control/lib/control
[2.517s] writing list of installed files to '/home/jelly/h10_sim/h10_sim/build/control/install.log'
[2.552s] Invoked command in '/home/jelly/h10_sim/h10_sim/control' returned '0': PYTHONPATH=/home/jelly/h10_sim/h10_sim/build/control/prefix_override:/usr/lib/python3/dist-packages/colcon_core/task/python/colcon_distutils_commands:/home/jelly/h10_sim/h10_sim/install/control/lib/python3.10/site-packages:${PYTHONPATH} /usr/bin/python3 -W ignore:setup.py install is deprecated setup.py egg_info --egg-base ../build/control build --build-base /home/jelly/h10_sim/h10_sim/build/control/build install --record /home/jelly/h10_sim/h10_sim/build/control/install.log --single-version-externally-managed install_data --force
