[0.473s] Invoking command in '/home/jelly/h10_sim/h10_sim/build/simple_auv': /usr/bin/cmake /home/jelly/h10_sim/h10_sim/gazebo -DCATKIN_INSTALL_INTO_PREFIX_ROOT=0 -DCMAKE_INSTALL_PREFIX=/home/jelly/h10_sim/h10_sim/install/simple_auv
[0.555s] -- The C compiler identification is GNU 11.4.0
[0.641s] -- The CXX compiler identification is GNU 11.4.0
[0.653s] -- Detecting C compiler ABI info
[0.753s] -- Detecting C compiler ABI info - done
[0.765s] -- Check for working C compiler: /usr/bin/cc - skipped
[0.766s] -- Detecting C compile features
[0.766s] -- Detecting C compile features - done
[0.771s] -- Detecting CXX compiler ABI info
[0.892s] -- Detecting CXX compiler ABI info - done
[0.905s] -- Check for working CXX compiler: /usr/bin/c++ - skipped
[0.906s] -- Detecting CXX compile features
[0.907s] -- Detecting CXX compile features - done
[0.908s] [0m/home/jelly/h10_sim/h10_sim[0m
[0.908s] [0m/home/jelly/h10_sim/h10_sim/gazebo[0m
[0.908s] [0m/home/jelly/h10_sim/h10_sim/build/simple_auv[0m
[0.908s] [0mCMAKE_INSTALL_PREFIX is: /home/jelly/h10_sim/h10_sim/install[0m
[0.908s] [0mInstalling models, worlds, and hooks directories to share/simple_auv[0m
[0.908s] -- Configuring done
[0.909s] -- Generating done
[0.910s] [33mCMake Warning:
[0.910s]   Manually-specified variables were not used by the project:
[0.910s] 
[0.910s]     CATKIN_INSTALL_INTO_PREFIX_ROOT
[0.910s] 
[0.910s] [0m
[0.910s] -- Build files have been written to: /home/jelly/h10_sim/h10_sim/build/simple_auv
[0.916s] Invoked command in '/home/jelly/h10_sim/h10_sim/build/simple_auv' returned '0': /usr/bin/cmake /home/jelly/h10_sim/h10_sim/gazebo -DCATKIN_INSTALL_INTO_PREFIX_ROOT=0 -DCMAKE_INSTALL_PREFIX=/home/jelly/h10_sim/h10_sim/install/simple_auv
[0.919s] Invoking command in '/home/jelly/h10_sim/h10_sim/build/simple_auv': /usr/bin/cmake --build /home/jelly/h10_sim/h10_sim/build/simple_auv -- -j8 -l8
[0.972s] Invoked command in '/home/jelly/h10_sim/h10_sim/build/simple_auv' returned '0': /usr/bin/cmake --build /home/jelly/h10_sim/h10_sim/build/simple_auv -- -j8 -l8
[0.986s] Invoking command in '/home/jelly/h10_sim/h10_sim/build/simple_auv': /usr/bin/cmake --install /home/jelly/h10_sim/h10_sim/build/simple_auv
[0.997s] -- Install configuration: ""
[0.997s] -- Installing: /home/jelly/h10_sim/h10_sim/install/share/simple_auv/models
[0.998s] -- Installing: /home/jelly/h10_sim/h10_sim/install/share/simple_auv/models/dynamics
[0.998s] -- Installing: /home/jelly/h10_sim/h10_sim/install/share/simple_auv/models/dynamics/model.sdf
[0.998s] -- Installing: /home/jelly/h10_sim/h10_sim/install/share/simple_auv/models/dynamics/model.config
[0.998s] -- Installing: /home/jelly/h10_sim/h10_sim/install/share/simple_auv/models/geometry
[0.999s] -- Installing: /home/jelly/h10_sim/h10_sim/install/share/simple_auv/models/geometry/model.sdf
[0.999s] -- Installing: /home/jelly/h10_sim/h10_sim/install/share/simple_auv/models/geometry/model.config
[0.999s] -- Installing: /home/jelly/h10_sim/h10_sim/install/share/simple_auv/models/geometry/meshes
[0.999s] -- Installing: /home/jelly/h10_sim/h10_sim/install/share/simple_auv/models/geometry/meshes/master assembly.SLDASM
[1.004s] -- Installing: /home/jelly/h10_sim/h10_sim/install/share/simple_auv/models/geometry/meshes/auv_flipped.dae
[1.027s] -- Installing: /home/jelly/h10_sim/h10_sim/install/share/simple_auv/models/geometry/meshes/auv.blend
[1.055s] -- Installing: /home/jelly/h10_sim/h10_sim/install/share/simple_auv/models/geometry/meshes/master assembly (COM at origin).SLDASM
[1.065s] -- Installing: /home/jelly/h10_sim/h10_sim/install/share/simple_auv/models/geometry/meshes/auv.dae
[1.095s] -- Installing: /home/jelly/h10_sim/h10_sim/install/share/simple_auv/models/auv
[1.095s] -- Installing: /home/jelly/h10_sim/h10_sim/install/share/simple_auv/models/auv/model.sdf
[1.095s] -- Installing: /home/jelly/h10_sim/h10_sim/install/share/simple_auv/models/auv/model.config
[1.096s] -- Installing: /home/jelly/h10_sim/h10_sim/install/share/simple_auv/worlds
[1.096s] -- Installing: /home/jelly/h10_sim/h10_sim/install/share/simple_auv/worlds/h10pool.config
[1.097s] -- Installing: /home/jelly/h10_sim/h10_sim/install/share/simple_auv/worlds/media
[1.097s] -- Installing: /home/jelly/h10_sim/h10_sim/install/share/simple_auv/worlds/media/materials
[1.097s] -- Installing: /home/jelly/h10_sim/h10_sim/install/share/simple_auv/worlds/media/materials/scripts
[1.097s] -- Installing: /home/jelly/h10_sim/h10_sim/install/share/simple_auv/worlds/media/materials/scripts/colors.material
[1.097s] -- Installing: /home/jelly/h10_sim/h10_sim/install/share/simple_auv/worlds/media/materials/scripts/tiles.material
[1.098s] -- Installing: /home/jelly/h10_sim/h10_sim/install/share/simple_auv/worlds/media/materials/scripts/water.material
[1.098s] -- Installing: /home/jelly/h10_sim/h10_sim/install/share/simple_auv/worlds/h10pool.sdf
[1.098s] Invoked command in '/home/jelly/h10_sim/h10_sim/build/simple_auv' returned '0': /usr/bin/cmake --install /home/jelly/h10_sim/h10_sim/build/simple_auv
