[0.478s] Invoking command in '/home/jelly/h10_sim/h10_sim/build/simple_auv': /usr/bin/cmake --build /home/jelly/h10_sim/h10_sim/build/simple_auv -- -j8 -l8
[0.533s] Invoked command in '/home/jelly/h10_sim/h10_sim/build/simple_auv' returned '0': /usr/bin/cmake --build /home/jelly/h10_sim/h10_sim/build/simple_auv -- -j8 -l8
[0.601s] Invoking command in '/home/jelly/h10_sim/h10_sim/build/simple_auv': /usr/bin/cmake --install /home/jelly/h10_sim/h10_sim/build/simple_auv
[0.611s] -- Install configuration: ""
[0.611s] -- Up-to-date: /home/jelly/h10_sim/h10_sim/install/share/simple_auv/models
[0.611s] -- Up-to-date: /home/jelly/h10_sim/h10_sim/install/share/simple_auv/models/dynamics
[0.611s] -- Installing: /home/jelly/h10_sim/h10_sim/install/share/simple_auv/models/dynamics/model.sdf
[0.611s] -- Up-to-date: /home/jelly/h10_sim/h10_sim/install/share/simple_auv/models/dynamics/model.config
[0.612s] -- Up-to-date: /home/jelly/h10_sim/h10_sim/install/share/simple_auv/models/geometry
[0.612s] -- Up-to-date: /home/jelly/h10_sim/h10_sim/install/share/simple_auv/models/geometry/model.sdf
[0.612s] -- Up-to-date: /home/jelly/h10_sim/h10_sim/install/share/simple_auv/models/geometry/model.config
[0.612s] -- Up-to-date: /home/jelly/h10_sim/h10_sim/install/share/simple_auv/models/geometry/meshes
[0.612s] -- Up-to-date: /home/jelly/h10_sim/h10_sim/install/share/simple_auv/models/geometry/meshes/master assembly.SLDASM
[0.612s] -- Up-to-date: /home/jelly/h10_sim/h10_sim/install/share/simple_auv/models/geometry/meshes/auv_flipped.dae
[0.612s] -- Up-to-date: /home/jelly/h10_sim/h10_sim/install/share/simple_auv/models/geometry/meshes/auv.blend
[0.612s] -- Up-to-date: /home/jelly/h10_sim/h10_sim/install/share/simple_auv/models/geometry/meshes/master assembly (COM at origin).SLDASM
[0.612s] -- Up-to-date: /home/jelly/h10_sim/h10_sim/install/share/simple_auv/models/geometry/meshes/auv.dae
[0.613s] -- Up-to-date: /home/jelly/h10_sim/h10_sim/install/share/simple_auv/models/auv
[0.613s] -- Up-to-date: /home/jelly/h10_sim/h10_sim/install/share/simple_auv/models/auv/model.sdf
[0.613s] -- Up-to-date: /home/jelly/h10_sim/h10_sim/install/share/simple_auv/models/auv/model.config
[0.613s] -- Up-to-date: /home/jelly/h10_sim/h10_sim/install/share/simple_auv/worlds
[0.613s] -- Up-to-date: /home/jelly/h10_sim/h10_sim/install/share/simple_auv/worlds/h10pool.config
[0.613s] -- Up-to-date: /home/jelly/h10_sim/h10_sim/install/share/simple_auv/worlds/media
[0.613s] -- Up-to-date: /home/jelly/h10_sim/h10_sim/install/share/simple_auv/worlds/media/materials
[0.613s] -- Up-to-date: /home/jelly/h10_sim/h10_sim/install/share/simple_auv/worlds/media/materials/scripts
[0.613s] -- Up-to-date: /home/jelly/h10_sim/h10_sim/install/share/simple_auv/worlds/media/materials/scripts/colors.material
[0.613s] -- Up-to-date: /home/jelly/h10_sim/h10_sim/install/share/simple_auv/worlds/media/materials/scripts/tiles.material
[0.614s] -- Up-to-date: /home/jelly/h10_sim/h10_sim/install/share/simple_auv/worlds/media/materials/scripts/water.material
[0.614s] -- Up-to-date: /home/jelly/h10_sim/h10_sim/install/share/simple_auv/worlds/h10pool.sdf
[0.615s] Invoked command in '/home/jelly/h10_sim/h10_sim/build/simple_auv' returned '0': /usr/bin/cmake --install /home/jelly/h10_sim/h10_sim/build/simple_auv
