[0.181s] DEBUG:colcon:Command line arguments: ['/usr/bin/colcon', 'build']
[0.181s] DEBUG:colcon:Parsed command line arguments: Namespace(log_base=None, log_level=None, verb_name='build', build_base='build', install_base='install', merge_install=False, symlink_install=False, test_result_base=None, continue_on_error=False, executor='parallel', parallel_workers=8, event_handlers=None, ignore_user_meta=False, metas=['./colcon.meta'], base_paths=['.'], packages_ignore=None, packages_ignore_regex=None, paths=None, packages_up_to=None, packages_up_to_regex=None, packages_above=None, packages_above_and_dependencies=None, packages_above_depth=None, packages_select_by_dep=None, packages_skip_by_dep=None, packages_skip_up_to=None, packages_select_build_failed=False, packages_skip_build_finished=False, packages_select_test_failures=False, packages_skip_test_passed=False, packages_select=None, packages_skip=None, packages_select_regex=None, packages_skip_regex=None, packages_start=None, packages_end=None, allow_overriding=[], cmake_args=None, cmake_target=None, cmake_target_skip_unavailable=False, cmake_clean_cache=False, cmake_clean_first=False, cmake_force_configure=False, ament_cmake_args=None, catkin_cmake_args=None, catkin_skip_building_tests=False, verb_parser=<colcon_defaults.argument_parser.defaults.DefaultArgumentsDecorator object at 0x7b53c073eb00>, verb_extension=<colcon_core.verb.build.BuildVerb object at 0x7b53c073dcc0>, main=<bound method BuildVerb.main of <colcon_core.verb.build.BuildVerb object at 0x7b53c073dcc0>>)
[0.485s] Level 1:colcon.colcon_core.package_discovery:discover_packages(colcon_meta) check parameters
[0.486s] Level 1:colcon.colcon_core.package_discovery:discover_packages(recursive) check parameters
[0.486s] Level 1:colcon.colcon_core.package_discovery:discover_packages(ignore) check parameters
[0.486s] Level 1:colcon.colcon_core.package_discovery:discover_packages(path) check parameters
[0.486s] Level 1:colcon.colcon_core.package_discovery:discover_packages(colcon_meta) discover
[0.486s] Level 1:colcon.colcon_core.package_discovery:discover_packages(recursive) discover
[0.486s] INFO:colcon.colcon_core.package_discovery:Crawling recursively for packages in '/home/jelly/h10_sim/h10_sim'
[0.486s] Level 1:colcon.colcon_core.package_identification:_identify(.) by extensions ['ignore', 'ignore_ament_install']
[0.486s] Level 1:colcon.colcon_core.package_identification:_identify(.) by extension 'ignore'
[0.487s] Level 1:colcon.colcon_core.package_identification:_identify(.) by extension 'ignore_ament_install'
[0.487s] Level 1:colcon.colcon_core.package_identification:_identify(.) by extensions ['colcon_pkg']
[0.487s] Level 1:colcon.colcon_core.package_identification:_identify(.) by extension 'colcon_pkg'
[0.487s] Level 1:colcon.colcon_core.package_identification:_identify(.) by extensions ['colcon_meta']
[0.487s] Level 1:colcon.colcon_core.package_identification:_identify(.) by extension 'colcon_meta'
[0.487s] Level 1:colcon.colcon_core.package_identification:_identify(.) by extensions ['ros']
[0.487s] Level 1:colcon.colcon_core.package_identification:_identify(.) by extension 'ros'
[0.505s] Level 1:colcon.colcon_core.package_identification:_identify(.) by extensions ['cmake', 'python']
[0.505s] Level 1:colcon.colcon_core.package_identification:_identify(.) by extension 'cmake'
[0.506s] Level 1:colcon.colcon_core.package_identification:_identify(.) by extension 'python'
[0.506s] Level 1:colcon.colcon_core.package_identification:_identify(.) by extensions ['python_setup_py']
[0.506s] Level 1:colcon.colcon_core.package_identification:_identify(.) by extension 'python_setup_py'
[0.506s] Level 1:colcon.colcon_core.package_identification:_identify(build) by extensions ['ignore', 'ignore_ament_install']
[0.506s] Level 1:colcon.colcon_core.package_identification:_identify(build) by extension 'ignore'
[0.506s] Level 1:colcon.colcon_core.package_identification:_identify(build) ignored
[0.506s] Level 1:colcon.colcon_core.package_identification:_identify(control) by extensions ['ignore', 'ignore_ament_install']
[0.506s] Level 1:colcon.colcon_core.package_identification:_identify(control) by extension 'ignore'
[0.507s] Level 1:colcon.colcon_core.package_identification:_identify(control) by extension 'ignore_ament_install'
[0.507s] Level 1:colcon.colcon_core.package_identification:_identify(control) by extensions ['colcon_pkg']
[0.507s] Level 1:colcon.colcon_core.package_identification:_identify(control) by extension 'colcon_pkg'
[0.507s] Level 1:colcon.colcon_core.package_identification:_identify(control) by extensions ['colcon_meta']
[0.507s] Level 1:colcon.colcon_core.package_identification:_identify(control) by extension 'colcon_meta'
[0.507s] Level 1:colcon.colcon_core.package_identification:_identify(control) by extensions ['ros']
[0.507s] Level 1:colcon.colcon_core.package_identification:_identify(control) by extension 'ros'
[0.507s] Level 1:colcon.colcon_core.package_identification:_identify(control) by extensions ['cmake', 'python']
[0.507s] Level 1:colcon.colcon_core.package_identification:_identify(control) by extension 'cmake'
[0.507s] Level 1:colcon.colcon_core.package_identification:_identify(control) by extension 'python'
[0.507s] Level 1:colcon.colcon_core.package_identification:_identify(control) by extensions ['python_setup_py']
[0.507s] Level 1:colcon.colcon_core.package_identification:_identify(control) by extension 'python_setup_py'
[0.507s] Level 1:colcon.colcon_core.package_identification:_identify(control/controls_movement) by extensions ['ignore', 'ignore_ament_install']
[0.508s] Level 1:colcon.colcon_core.package_identification:_identify(control/controls_movement) by extension 'ignore'
[0.508s] Level 1:colcon.colcon_core.package_identification:_identify(control/controls_movement) by extension 'ignore_ament_install'
[0.508s] Level 1:colcon.colcon_core.package_identification:_identify(control/controls_movement) by extensions ['colcon_pkg']
[0.508s] Level 1:colcon.colcon_core.package_identification:_identify(control/controls_movement) by extension 'colcon_pkg'
[0.508s] Level 1:colcon.colcon_core.package_identification:_identify(control/controls_movement) by extensions ['colcon_meta']
[0.508s] Level 1:colcon.colcon_core.package_identification:_identify(control/controls_movement) by extension 'colcon_meta'
[0.508s] Level 1:colcon.colcon_core.package_identification:_identify(control/controls_movement) by extensions ['ros']
[0.508s] Level 1:colcon.colcon_core.package_identification:_identify(control/controls_movement) by extension 'ros'
[0.513s] DEBUG:colcon.colcon_core.package_identification:Package 'control/controls_movement' with type 'ros.ament_python' and name 'controls_movement'
[0.513s] Level 1:colcon.colcon_core.package_identification:_identify(control/launch_files) by extensions ['ignore', 'ignore_ament_install']
[0.513s] Level 1:colcon.colcon_core.package_identification:_identify(control/launch_files) by extension 'ignore'
[0.513s] Level 1:colcon.colcon_core.package_identification:_identify(control/launch_files) by extension 'ignore_ament_install'
[0.513s] Level 1:colcon.colcon_core.package_identification:_identify(control/launch_files) by extensions ['colcon_pkg']
[0.513s] Level 1:colcon.colcon_core.package_identification:_identify(control/launch_files) by extension 'colcon_pkg'
[0.513s] Level 1:colcon.colcon_core.package_identification:_identify(control/launch_files) by extensions ['colcon_meta']
[0.513s] Level 1:colcon.colcon_core.package_identification:_identify(control/launch_files) by extension 'colcon_meta'
[0.513s] Level 1:colcon.colcon_core.package_identification:_identify(control/launch_files) by extensions ['ros']
[0.513s] Level 1:colcon.colcon_core.package_identification:_identify(control/launch_files) by extension 'ros'
[0.514s] Level 1:colcon.colcon_core.package_identification:_identify(control/launch_files) by extensions ['cmake', 'python']
[0.514s] Level 1:colcon.colcon_core.package_identification:_identify(control/launch_files) by extension 'cmake'
[0.514s] Level 1:colcon.colcon_core.package_identification:_identify(control/launch_files) by extension 'python'
[0.514s] Level 1:colcon.colcon_core.package_identification:_identify(control/launch_files) by extensions ['python_setup_py']
[0.514s] Level 1:colcon.colcon_core.package_identification:_identify(control/launch_files) by extension 'python_setup_py'
[0.514s] Level 1:colcon.colcon_core.package_identification:_identify(gazebo) by extensions ['ignore', 'ignore_ament_install']
[0.514s] Level 1:colcon.colcon_core.package_identification:_identify(gazebo) by extension 'ignore'
[0.514s] Level 1:colcon.colcon_core.package_identification:_identify(gazebo) by extension 'ignore_ament_install'
[0.514s] Level 1:colcon.colcon_core.package_identification:_identify(gazebo) by extensions ['colcon_pkg']
[0.514s] Level 1:colcon.colcon_core.package_identification:_identify(gazebo) by extension 'colcon_pkg'
[0.514s] Level 1:colcon.colcon_core.package_identification:_identify(gazebo) by extensions ['colcon_meta']
[0.514s] Level 1:colcon.colcon_core.package_identification:_identify(gazebo) by extension 'colcon_meta'
[0.514s] Level 1:colcon.colcon_core.package_identification:_identify(gazebo) by extensions ['ros']
[0.514s] Level 1:colcon.colcon_core.package_identification:_identify(gazebo) by extension 'ros'
[0.515s] DEBUG:colcon.colcon_core.package_identification:Package 'gazebo' with type 'ros.catkin' and name 'simple_auv'
[0.515s] Level 1:colcon.colcon_core.package_identification:_identify(install) by extensions ['ignore', 'ignore_ament_install']
[0.516s] Level 1:colcon.colcon_core.package_identification:_identify(install) by extension 'ignore'
[0.516s] Level 1:colcon.colcon_core.package_identification:_identify(install) ignored
[0.516s] Level 1:colcon.colcon_core.package_identification:_identify(log) by extensions ['ignore', 'ignore_ament_install']
[0.516s] Level 1:colcon.colcon_core.package_identification:_identify(log) by extension 'ignore'
[0.516s] Level 1:colcon.colcon_core.package_identification:_identify(log) ignored
[0.516s] Level 1:colcon.colcon_core.package_discovery:discover_packages(recursive) using defaults
[0.516s] Level 1:colcon.colcon_core.package_discovery:discover_packages(ignore) discover
[0.516s] Level 1:colcon.colcon_core.package_discovery:discover_packages(ignore) using defaults
[0.516s] Level 1:colcon.colcon_core.package_discovery:discover_packages(path) discover
[0.516s] Level 1:colcon.colcon_core.package_discovery:discover_packages(path) using defaults
[0.566s] Level 1:colcon.colcon_core.package_discovery:discover_packages(prefix_path) check parameters
[0.566s] Level 1:colcon.colcon_core.package_discovery:discover_packages(prefix_path) discover
[0.568s] DEBUG:colcon.colcon_installed_package_information.package_discovery:Found 2 installed packages in /home/jelly/h10_sim/h10_sim/install
[0.571s] DEBUG:colcon.colcon_installed_package_information.package_discovery:Found 298 installed packages in /opt/ros/humble
[0.574s] Level 1:colcon.colcon_core.package_discovery:discover_packages(prefix_path) using defaults
[0.640s] Level 5:colcon.colcon_core.verb:set package 'controls_movement' build argument 'cmake_args' from command line to 'None'
[0.640s] Level 5:colcon.colcon_core.verb:set package 'controls_movement' build argument 'cmake_target' from command line to 'None'
[0.640s] Level 5:colcon.colcon_core.verb:set package 'controls_movement' build argument 'cmake_target_skip_unavailable' from command line to 'False'
[0.640s] Level 5:colcon.colcon_core.verb:set package 'controls_movement' build argument 'cmake_clean_cache' from command line to 'False'
[0.640s] Level 5:colcon.colcon_core.verb:set package 'controls_movement' build argument 'cmake_clean_first' from command line to 'False'
[0.640s] Level 5:colcon.colcon_core.verb:set package 'controls_movement' build argument 'cmake_force_configure' from command line to 'False'
[0.640s] Level 5:colcon.colcon_core.verb:set package 'controls_movement' build argument 'ament_cmake_args' from command line to 'None'
[0.640s] Level 5:colcon.colcon_core.verb:set package 'controls_movement' build argument 'catkin_cmake_args' from command line to 'None'
[0.640s] Level 5:colcon.colcon_core.verb:set package 'controls_movement' build argument 'catkin_skip_building_tests' from command line to 'False'
[0.641s] DEBUG:colcon.colcon_core.verb:Building package 'controls_movement' with the following arguments: {'ament_cmake_args': None, 'build_base': '/home/jelly/h10_sim/h10_sim/build/controls_movement', 'catkin_cmake_args': None, 'catkin_skip_building_tests': False, 'cmake_args': None, 'cmake_clean_cache': False, 'cmake_clean_first': False, 'cmake_force_configure': False, 'cmake_target': None, 'cmake_target_skip_unavailable': False, 'install_base': '/home/jelly/h10_sim/h10_sim/install/controls_movement', 'merge_install': False, 'path': '/home/jelly/h10_sim/h10_sim/control/controls_movement', 'symlink_install': False, 'test_result_base': None}
[0.641s] Level 5:colcon.colcon_core.verb:set package 'simple_auv' build argument 'cmake_args' from command line to 'None'
[0.641s] Level 5:colcon.colcon_core.verb:set package 'simple_auv' build argument 'cmake_target' from command line to 'None'
[0.641s] Level 5:colcon.colcon_core.verb:set package 'simple_auv' build argument 'cmake_target_skip_unavailable' from command line to 'False'
[0.641s] Level 5:colcon.colcon_core.verb:set package 'simple_auv' build argument 'cmake_clean_cache' from command line to 'False'
[0.641s] Level 5:colcon.colcon_core.verb:set package 'simple_auv' build argument 'cmake_clean_first' from command line to 'False'
[0.641s] Level 5:colcon.colcon_core.verb:set package 'simple_auv' build argument 'cmake_force_configure' from command line to 'False'
[0.641s] Level 5:colcon.colcon_core.verb:set package 'simple_auv' build argument 'ament_cmake_args' from command line to 'None'
[0.641s] Level 5:colcon.colcon_core.verb:set package 'simple_auv' build argument 'catkin_cmake_args' from command line to 'None'
[0.641s] Level 5:colcon.colcon_core.verb:set package 'simple_auv' build argument 'catkin_skip_building_tests' from command line to 'False'
[0.642s] DEBUG:colcon.colcon_core.verb:Building package 'simple_auv' with the following arguments: {'ament_cmake_args': None, 'build_base': '/home/jelly/h10_sim/h10_sim/build/simple_auv', 'catkin_cmake_args': None, 'catkin_skip_building_tests': False, 'cmake_args': None, 'cmake_clean_cache': False, 'cmake_clean_first': False, 'cmake_force_configure': False, 'cmake_target': None, 'cmake_target_skip_unavailable': False, 'install_base': '/home/jelly/h10_sim/h10_sim/install/simple_auv', 'merge_install': False, 'path': '/home/jelly/h10_sim/h10_sim/gazebo', 'symlink_install': False, 'test_result_base': None}
[0.642s] INFO:colcon.colcon_core.executor:Executing jobs using 'parallel' executor
[0.643s] DEBUG:colcon.colcon_parallel_executor.executor.parallel:run_until_complete
[0.644s] INFO:colcon.colcon_ros.task.ament_python.build:Building ROS package in '/home/jelly/h10_sim/h10_sim/control/controls_movement' with build type 'ament_python'
[0.644s] Level 1:colcon.colcon_core.shell:create_environment_hook('controls_movement', 'ament_prefix_path')
[0.647s] INFO:colcon.colcon_core.plugin_system:Skipping extension 'colcon_core.shell.bat': Not used on non-Windows systems
[0.647s] INFO:colcon.colcon_core.shell:Creating environment hook '/home/jelly/h10_sim/h10_sim/install/controls_movement/share/controls_movement/hook/ament_prefix_path.ps1'
[0.648s] INFO:colcon.colcon_core.shell:Creating environment descriptor '/home/jelly/h10_sim/h10_sim/install/controls_movement/share/controls_movement/hook/ament_prefix_path.dsv'
[0.649s] INFO:colcon.colcon_core.shell:Creating environment hook '/home/jelly/h10_sim/h10_sim/install/controls_movement/share/controls_movement/hook/ament_prefix_path.sh'
[0.650s] INFO:colcon.colcon_core.shell:Skip shell extension 'powershell' for command environment: Not usable outside of PowerShell
[0.650s] DEBUG:colcon.colcon_core.shell:Skip shell extension 'dsv' for command environment
[0.655s] INFO:colcon.colcon_ros.task.catkin.build:Building ROS package in '/home/jelly/h10_sim/h10_sim/gazebo' with build type 'catkin'
[0.655s] INFO:colcon.colcon_cmake.task.cmake.build:Building CMake package in '/home/jelly/h10_sim/h10_sim/gazebo'
[0.656s] INFO:colcon.colcon_core.shell:Skip shell extension 'powershell' for command environment: Not usable outside of PowerShell
[0.656s] DEBUG:colcon.colcon_core.shell:Skip shell extension 'dsv' for command environment
[1.147s] INFO:colcon.colcon_core.task.python.build:Building Python package in '/home/jelly/h10_sim/h10_sim/control/controls_movement'
[1.148s] INFO:colcon.colcon_core.shell:Skip shell extension 'powershell' for command environment: Not usable outside of PowerShell
[1.148s] DEBUG:colcon.colcon_core.shell:Skip shell extension 'dsv' for command environment
[1.161s] DEBUG:colcon.colcon_core.event_handler.log_command:Invoking command in '/home/jelly/h10_sim/h10_sim/build/simple_auv': /usr/bin/cmake --build /home/jelly/h10_sim/h10_sim/build/simple_auv -- -j8 -l8
[1.214s] DEBUG:colcon.colcon_core.event_handler.log_command:Invoked command in '/home/jelly/h10_sim/h10_sim/build/simple_auv' returned '0': /usr/bin/cmake --build /home/jelly/h10_sim/h10_sim/build/simple_auv -- -j8 -l8
[1.228s] DEBUG:colcon.colcon_core.event_handler.log_command:Invoking command in '/home/jelly/h10_sim/h10_sim/build/simple_auv': /usr/bin/cmake --install /home/jelly/h10_sim/h10_sim/build/simple_auv
[1.243s] DEBUG:colcon.colcon_core.event_handler.log_command:Invoked command in '/home/jelly/h10_sim/h10_sim/build/simple_auv' returned '0': /usr/bin/cmake --install /home/jelly/h10_sim/h10_sim/build/simple_auv
[1.244s] Level 1:colcon.colcon_core.shell:create_environment_hook('simple_auv', 'ros_package_path')
[1.244s] INFO:colcon.colcon_core.shell:Creating environment hook '/home/jelly/h10_sim/h10_sim/install/simple_auv/share/simple_auv/hook/ros_package_path.ps1'
[1.245s] INFO:colcon.colcon_core.shell:Creating environment descriptor '/home/jelly/h10_sim/h10_sim/install/simple_auv/share/simple_auv/hook/ros_package_path.dsv'
[1.246s] INFO:colcon.colcon_core.shell:Creating environment hook '/home/jelly/h10_sim/h10_sim/install/simple_auv/share/simple_auv/hook/ros_package_path.sh'
[1.247s] Level 1:colcon.colcon_core.shell:create_environment_hook('simple_auv', 'pkg_config_path')
[1.247s] INFO:colcon.colcon_core.shell:Creating environment hook '/home/jelly/h10_sim/h10_sim/install/simple_auv/share/simple_auv/hook/pkg_config_path.ps1'
[1.248s] INFO:colcon.colcon_core.shell:Creating environment descriptor '/home/jelly/h10_sim/h10_sim/install/simple_auv/share/simple_auv/hook/pkg_config_path.dsv'
[1.248s] INFO:colcon.colcon_core.shell:Creating environment hook '/home/jelly/h10_sim/h10_sim/install/simple_auv/share/simple_auv/hook/pkg_config_path.sh'
[1.251s] Level 1:colcon.colcon_core.shell:create_environment_hook('simple_auv', 'pkg_config_path_multiarch')
[1.251s] INFO:colcon.colcon_core.shell:Creating environment hook '/home/jelly/h10_sim/h10_sim/install/simple_auv/share/simple_auv/hook/pkg_config_path_multiarch.ps1'
[1.252s] INFO:colcon.colcon_core.shell:Creating environment descriptor '/home/jelly/h10_sim/h10_sim/install/simple_auv/share/simple_auv/hook/pkg_config_path_multiarch.dsv'
[1.252s] INFO:colcon.colcon_core.shell:Creating environment hook '/home/jelly/h10_sim/h10_sim/install/simple_auv/share/simple_auv/hook/pkg_config_path_multiarch.sh'
[1.254s] Level 1:colcon.colcon_core.environment:create_environment_scripts_only(simple_auv)
[1.257s] Level 1:colcon.colcon_core.environment:checking '/home/jelly/h10_sim/h10_sim/install/simple_auv' for CMake module files
[1.258s] Level 1:colcon.colcon_core.environment:checking '/home/jelly/h10_sim/h10_sim/install/simple_auv' for CMake config files
[1.259s] Level 1:colcon.colcon_core.environment:checking '/home/jelly/h10_sim/h10_sim/install/simple_auv/bin'
[1.259s] Level 1:colcon.colcon_core.environment:checking '/home/jelly/h10_sim/h10_sim/install/simple_auv/lib/pkgconfig/simple_auv.pc'
[1.259s] Level 1:colcon.colcon_core.environment:checking '/home/jelly/h10_sim/h10_sim/install/simple_auv/lib/python3.10/site-packages'
[1.260s] Level 1:colcon.colcon_core.environment:checking '/home/jelly/h10_sim/h10_sim/install/simple_auv/bin'
[1.260s] INFO:colcon.colcon_core.shell:Creating package script '/home/jelly/h10_sim/h10_sim/install/simple_auv/share/simple_auv/package.ps1'
[1.262s] INFO:colcon.colcon_core.shell:Creating package descriptor '/home/jelly/h10_sim/h10_sim/install/simple_auv/share/simple_auv/package.dsv'
[1.263s] INFO:colcon.colcon_core.shell:Creating package script '/home/jelly/h10_sim/h10_sim/install/simple_auv/share/simple_auv/package.sh'
[1.264s] INFO:colcon.colcon_core.shell:Creating package script '/home/jelly/h10_sim/h10_sim/install/simple_auv/share/simple_auv/package.bash'
[1.265s] INFO:colcon.colcon_core.shell:Creating package script '/home/jelly/h10_sim/h10_sim/install/simple_auv/share/simple_auv/package.zsh'
[1.266s] Level 1:colcon.colcon_core.environment:create_file_with_runtime_dependencies(/home/jelly/h10_sim/h10_sim/install/simple_auv/share/colcon-core/packages/simple_auv)
[1.776s] DEBUG:colcon.colcon_core.event_handler.log_command:Invoking command in '/home/jelly/h10_sim/h10_sim/control/controls_movement': PYTHONPATH=/home/jelly/h10_sim/h10_sim/build/controls_movement/prefix_override:/usr/lib/python3/dist-packages/colcon_core/task/python/colcon_distutils_commands:/home/jelly/h10_sim/h10_sim/install/controls_movement/lib/python3.10/site-packages:${PYTHONPATH} /usr/bin/python3 -W ignore:setup.py install is deprecated -W ignore:easy_install command is deprecated setup.py egg_info --egg-base ../../build/controls_movement build --build-base /home/jelly/h10_sim/h10_sim/build/controls_movement/build install --record /home/jelly/h10_sim/h10_sim/build/controls_movement/install.log --single-version-externally-managed install_data
[2.285s] Level 1:colcon.colcon_core.environment:checking '/home/jelly/h10_sim/h10_sim/install/controls_movement' for CMake module files
[2.286s] DEBUG:colcon.colcon_core.event_handler.log_command:Invoked command in '/home/jelly/h10_sim/h10_sim/control/controls_movement' returned '0': PYTHONPATH=/home/jelly/h10_sim/h10_sim/build/controls_movement/prefix_override:/usr/lib/python3/dist-packages/colcon_core/task/python/colcon_distutils_commands:/home/jelly/h10_sim/h10_sim/install/controls_movement/lib/python3.10/site-packages:${PYTHONPATH} /usr/bin/python3 -W ignore:setup.py install is deprecated -W ignore:easy_install command is deprecated setup.py egg_info --egg-base ../../build/controls_movement build --build-base /home/jelly/h10_sim/h10_sim/build/controls_movement/build install --record /home/jelly/h10_sim/h10_sim/build/controls_movement/install.log --single-version-externally-managed install_data
[2.287s] Level 1:colcon.colcon_core.environment:checking '/home/jelly/h10_sim/h10_sim/install/controls_movement' for CMake config files
[2.288s] Level 1:colcon.colcon_core.environment:checking '/home/jelly/h10_sim/h10_sim/install/controls_movement/lib'
[2.288s] Level 1:colcon.colcon_core.environment:checking '/home/jelly/h10_sim/h10_sim/install/controls_movement/bin'
[2.288s] Level 1:colcon.colcon_core.environment:checking '/home/jelly/h10_sim/h10_sim/install/controls_movement/lib/pkgconfig/controls_movement.pc'
[2.289s] Level 1:colcon.colcon_core.environment:checking '/home/jelly/h10_sim/h10_sim/install/controls_movement/lib/python3.10/site-packages'
[2.289s] Level 1:colcon.colcon_core.shell:create_environment_hook('controls_movement', 'pythonpath')
[2.289s] INFO:colcon.colcon_core.shell:Creating environment hook '/home/jelly/h10_sim/h10_sim/install/controls_movement/share/controls_movement/hook/pythonpath.ps1'
[2.290s] INFO:colcon.colcon_core.shell:Creating environment descriptor '/home/jelly/h10_sim/h10_sim/install/controls_movement/share/controls_movement/hook/pythonpath.dsv'
[2.291s] INFO:colcon.colcon_core.shell:Creating environment hook '/home/jelly/h10_sim/h10_sim/install/controls_movement/share/controls_movement/hook/pythonpath.sh'
[2.292s] Level 1:colcon.colcon_core.environment:checking '/home/jelly/h10_sim/h10_sim/install/controls_movement/bin'
[2.292s] Level 1:colcon.colcon_core.environment:create_environment_scripts_only(controls_movement)
[2.292s] INFO:colcon.colcon_core.shell:Creating package script '/home/jelly/h10_sim/h10_sim/install/controls_movement/share/controls_movement/package.ps1'
[2.293s] INFO:colcon.colcon_core.shell:Creating package descriptor '/home/jelly/h10_sim/h10_sim/install/controls_movement/share/controls_movement/package.dsv'
[2.294s] INFO:colcon.colcon_core.shell:Creating package script '/home/jelly/h10_sim/h10_sim/install/controls_movement/share/controls_movement/package.sh'
[2.295s] INFO:colcon.colcon_core.shell:Creating package script '/home/jelly/h10_sim/h10_sim/install/controls_movement/share/controls_movement/package.bash'
[2.295s] INFO:colcon.colcon_core.shell:Creating package script '/home/jelly/h10_sim/h10_sim/install/controls_movement/share/controls_movement/package.zsh'
[2.296s] Level 1:colcon.colcon_core.environment:create_file_with_runtime_dependencies(/home/jelly/h10_sim/h10_sim/install/controls_movement/share/colcon-core/packages/controls_movement)
[2.296s] DEBUG:colcon.colcon_parallel_executor.executor.parallel:closing loop
[2.296s] DEBUG:colcon.colcon_parallel_executor.executor.parallel:loop closed
[2.297s] DEBUG:colcon.colcon_parallel_executor.executor.parallel:run_until_complete finished with '0'
[2.297s] DEBUG:colcon.colcon_core.event_reactor:joining thread
[2.305s] INFO:colcon.colcon_core.plugin_system:Skipping extension 'colcon_notification.desktop_notification.terminal_notifier': Not used on non-Darwin systems
[2.305s] INFO:colcon.colcon_core.plugin_system:Skipping extension 'colcon_notification.desktop_notification.win32': Not used on non-Windows systems
[2.305s] INFO:colcon.colcon_notification.desktop_notification:Sending desktop notification using 'notify2'
[2.318s] DEBUG:colcon.colcon_core.event_reactor:joined thread
[2.319s] INFO:colcon.colcon_core.shell:Creating prefix script '/home/jelly/h10_sim/h10_sim/install/local_setup.ps1'
[2.321s] INFO:colcon.colcon_core.shell:Creating prefix util module '/home/jelly/h10_sim/h10_sim/install/_local_setup_util_ps1.py'
[2.323s] INFO:colcon.colcon_core.shell:Creating prefix chain script '/home/jelly/h10_sim/h10_sim/install/setup.ps1'
[2.325s] INFO:colcon.colcon_core.shell:Creating prefix script '/home/jelly/h10_sim/h10_sim/install/local_setup.sh'
[2.326s] INFO:colcon.colcon_core.shell:Creating prefix util module '/home/jelly/h10_sim/h10_sim/install/_local_setup_util_sh.py'
[2.327s] INFO:colcon.colcon_core.shell:Creating prefix chain script '/home/jelly/h10_sim/h10_sim/install/setup.sh'
[2.328s] INFO:colcon.colcon_core.shell:Creating prefix script '/home/jelly/h10_sim/h10_sim/install/local_setup.bash'
[2.329s] INFO:colcon.colcon_core.shell:Creating prefix chain script '/home/jelly/h10_sim/h10_sim/install/setup.bash'
[2.331s] INFO:colcon.colcon_core.shell:Creating prefix script '/home/jelly/h10_sim/h10_sim/install/local_setup.zsh'
[2.332s] INFO:colcon.colcon_core.shell:Creating prefix chain script '/home/jelly/h10_sim/h10_sim/install/setup.zsh'
