[0.183s] DEBUG:colcon:Command line arguments: ['/usr/bin/colcon', 'build', '--symlink-install']
[0.183s] DEBUG:colcon:Parsed command line arguments: Namespace(log_base=None, log_level=None, verb_name='build', build_base='build', install_base='install', merge_install=False, symlink_install=True, test_result_base=None, continue_on_error=False, executor='parallel', parallel_workers=8, event_handlers=None, ignore_user_meta=False, metas=['./colcon.meta'], base_paths=['.'], packages_ignore=None, packages_ignore_regex=None, paths=None, packages_up_to=None, packages_up_to_regex=None, packages_above=None, packages_above_and_dependencies=None, packages_above_depth=None, packages_select_by_dep=None, packages_skip_by_dep=None, packages_skip_up_to=None, packages_select_build_failed=False, packages_skip_build_finished=False, packages_select_test_failures=False, packages_skip_test_passed=False, packages_select=None, packages_skip=None, packages_select_regex=None, packages_skip_regex=None, packages_start=None, packages_end=None, allow_overriding=[], cmake_args=None, cmake_target=None, cmake_target_skip_unavailable=False, cmake_clean_cache=False, cmake_clean_first=False, cmake_force_configure=False, ament_cmake_args=None, catkin_cmake_args=None, catkin_skip_building_tests=False, verb_parser=<colcon_defaults.argument_parser.defaults.DefaultArgumentsDecorator object at 0x7cc9290027a0>, verb_extension=<colcon_core.verb.build.BuildVerb object at 0x7cc92916e4d0>, main=<bound method BuildVerb.main of <colcon_core.verb.build.BuildVerb object at 0x7cc92916e4d0>>)
[0.498s] Level 1:colcon.colcon_core.package_discovery:discover_packages(colcon_meta) check parameters
[0.498s] Level 1:colcon.colcon_core.package_discovery:discover_packages(recursive) check parameters
[0.498s] Level 1:colcon.colcon_core.package_discovery:discover_packages(ignore) check parameters
[0.498s] Level 1:colcon.colcon_core.package_discovery:discover_packages(path) check parameters
[0.498s] Level 1:colcon.colcon_core.package_discovery:discover_packages(colcon_meta) discover
[0.499s] Level 1:colcon.colcon_core.package_discovery:discover_packages(recursive) discover
[0.499s] INFO:colcon.colcon_core.package_discovery:Crawling recursively for packages in '/home/jelly/h10_sim/h10_sim'
[0.499s] Level 1:colcon.colcon_core.package_identification:_identify(.) by extensions ['ignore', 'ignore_ament_install']
[0.499s] Level 1:colcon.colcon_core.package_identification:_identify(.) by extension 'ignore'
[0.499s] Level 1:colcon.colcon_core.package_identification:_identify(.) by extension 'ignore_ament_install'
[0.499s] Level 1:colcon.colcon_core.package_identification:_identify(.) by extensions ['colcon_pkg']
[0.499s] Level 1:colcon.colcon_core.package_identification:_identify(.) by extension 'colcon_pkg'
[0.499s] Level 1:colcon.colcon_core.package_identification:_identify(.) by extensions ['colcon_meta']
[0.499s] Level 1:colcon.colcon_core.package_identification:_identify(.) by extension 'colcon_meta'
[0.499s] Level 1:colcon.colcon_core.package_identification:_identify(.) by extensions ['ros']
[0.500s] Level 1:colcon.colcon_core.package_identification:_identify(.) by extension 'ros'
[0.519s] Level 1:colcon.colcon_core.package_identification:_identify(.) by extensions ['cmake', 'python']
[0.519s] Level 1:colcon.colcon_core.package_identification:_identify(.) by extension 'cmake'
[0.519s] Level 1:colcon.colcon_core.package_identification:_identify(.) by extension 'python'
[0.519s] Level 1:colcon.colcon_core.package_identification:_identify(.) by extensions ['python_setup_py']
[0.519s] Level 1:colcon.colcon_core.package_identification:_identify(.) by extension 'python_setup_py'
[0.519s] Level 1:colcon.colcon_core.package_identification:_identify(build) by extensions ['ignore', 'ignore_ament_install']
[0.519s] Level 1:colcon.colcon_core.package_identification:_identify(build) by extension 'ignore'
[0.519s] Level 1:colcon.colcon_core.package_identification:_identify(build) ignored
[0.520s] Level 1:colcon.colcon_core.package_identification:_identify(control) by extensions ['ignore', 'ignore_ament_install']
[0.520s] Level 1:colcon.colcon_core.package_identification:_identify(control) by extension 'ignore'
[0.520s] Level 1:colcon.colcon_core.package_identification:_identify(control) by extension 'ignore_ament_install'
[0.520s] Level 1:colcon.colcon_core.package_identification:_identify(control) by extensions ['colcon_pkg']
[0.520s] Level 1:colcon.colcon_core.package_identification:_identify(control) by extension 'colcon_pkg'
[0.520s] Level 1:colcon.colcon_core.package_identification:_identify(control) by extensions ['colcon_meta']
[0.520s] Level 1:colcon.colcon_core.package_identification:_identify(control) by extension 'colcon_meta'
[0.520s] Level 1:colcon.colcon_core.package_identification:_identify(control) by extensions ['ros']
[0.520s] Level 1:colcon.colcon_core.package_identification:_identify(control) by extension 'ros'
[0.525s] DEBUG:colcon.colcon_core.package_identification:Package 'control' with type 'ros.ament_python' and name 'control'
[0.525s] Level 1:colcon.colcon_core.package_identification:_identify(gazebo) by extensions ['ignore', 'ignore_ament_install']
[0.525s] Level 1:colcon.colcon_core.package_identification:_identify(gazebo) by extension 'ignore'
[0.525s] Level 1:colcon.colcon_core.package_identification:_identify(gazebo) by extension 'ignore_ament_install'
[0.525s] Level 1:colcon.colcon_core.package_identification:_identify(gazebo) by extensions ['colcon_pkg']
[0.525s] Level 1:colcon.colcon_core.package_identification:_identify(gazebo) by extension 'colcon_pkg'
[0.525s] Level 1:colcon.colcon_core.package_identification:_identify(gazebo) by extensions ['colcon_meta']
[0.525s] Level 1:colcon.colcon_core.package_identification:_identify(gazebo) by extension 'colcon_meta'
[0.525s] Level 1:colcon.colcon_core.package_identification:_identify(gazebo) by extensions ['ros']
[0.525s] Level 1:colcon.colcon_core.package_identification:_identify(gazebo) by extension 'ros'
[0.526s] DEBUG:colcon.colcon_core.package_identification:Package 'gazebo' with type 'ros.catkin' and name 'simple_auv'
[0.526s] Level 1:colcon.colcon_core.package_identification:_identify(gazebo_camera_bridge) by extensions ['ignore', 'ignore_ament_install']
[0.527s] Level 1:colcon.colcon_core.package_identification:_identify(gazebo_camera_bridge) by extension 'ignore'
[0.527s] Level 1:colcon.colcon_core.package_identification:_identify(gazebo_camera_bridge) by extension 'ignore_ament_install'
[0.527s] Level 1:colcon.colcon_core.package_identification:_identify(gazebo_camera_bridge) by extensions ['colcon_pkg']
[0.527s] Level 1:colcon.colcon_core.package_identification:_identify(gazebo_camera_bridge) by extension 'colcon_pkg'
[0.527s] Level 1:colcon.colcon_core.package_identification:_identify(gazebo_camera_bridge) by extensions ['colcon_meta']
[0.527s] Level 1:colcon.colcon_core.package_identification:_identify(gazebo_camera_bridge) by extension 'colcon_meta'
[0.527s] Level 1:colcon.colcon_core.package_identification:_identify(gazebo_camera_bridge) by extensions ['ros']
[0.527s] Level 1:colcon.colcon_core.package_identification:_identify(gazebo_camera_bridge) by extension 'ros'
[0.529s] DEBUG:colcon.colcon_core.package_identification:Package 'gazebo_camera_bridge' with type 'ros.ament_cmake' and name 'gazebo_camera_bridge'
[0.529s] Level 1:colcon.colcon_core.package_identification:_identify(install) by extensions ['ignore', 'ignore_ament_install']
[0.529s] Level 1:colcon.colcon_core.package_identification:_identify(install) by extension 'ignore'
[0.529s] Level 1:colcon.colcon_core.package_identification:_identify(install) ignored
[0.529s] Level 1:colcon.colcon_core.package_identification:_identify(log) by extensions ['ignore', 'ignore_ament_install']
[0.529s] Level 1:colcon.colcon_core.package_identification:_identify(log) by extension 'ignore'
[0.529s] Level 1:colcon.colcon_core.package_identification:_identify(log) ignored
[0.530s] Level 1:colcon.colcon_core.package_discovery:discover_packages(recursive) using defaults
[0.530s] Level 1:colcon.colcon_core.package_discovery:discover_packages(ignore) discover
[0.530s] Level 1:colcon.colcon_core.package_discovery:discover_packages(ignore) using defaults
[0.530s] Level 1:colcon.colcon_core.package_discovery:discover_packages(path) discover
[0.530s] Level 1:colcon.colcon_core.package_discovery:discover_packages(path) using defaults
[0.585s] Level 1:colcon.colcon_core.package_discovery:discover_packages(prefix_path) check parameters
[0.585s] Level 1:colcon.colcon_core.package_discovery:discover_packages(prefix_path) discover
[0.587s] WARNING:colcon.colcon_ros.prefix_path.ament:The path '/home/jelly/h10_sim/h10_sim/install/control' in the environment variable AMENT_PREFIX_PATH doesn't exist
[0.588s] DEBUG:colcon.colcon_installed_package_information.package_discovery:Found 0 installed packages in /home/jelly/h10_sim/h10_sim/install
[0.590s] DEBUG:colcon.colcon_installed_package_information.package_discovery:Found 312 installed packages in /opt/ros/humble
[0.593s] Level 1:colcon.colcon_core.package_discovery:discover_packages(prefix_path) using defaults
[0.667s] Level 5:colcon.colcon_core.verb:set package 'control' build argument 'cmake_args' from command line to 'None'
[0.667s] Level 5:colcon.colcon_core.verb:set package 'control' build argument 'cmake_target' from command line to 'None'
[0.667s] Level 5:colcon.colcon_core.verb:set package 'control' build argument 'cmake_target_skip_unavailable' from command line to 'False'
[0.667s] Level 5:colcon.colcon_core.verb:set package 'control' build argument 'cmake_clean_cache' from command line to 'False'
[0.667s] Level 5:colcon.colcon_core.verb:set package 'control' build argument 'cmake_clean_first' from command line to 'False'
[0.668s] Level 5:colcon.colcon_core.verb:set package 'control' build argument 'cmake_force_configure' from command line to 'False'
[0.668s] Level 5:colcon.colcon_core.verb:set package 'control' build argument 'ament_cmake_args' from command line to 'None'
[0.668s] Level 5:colcon.colcon_core.verb:set package 'control' build argument 'catkin_cmake_args' from command line to 'None'
[0.668s] Level 5:colcon.colcon_core.verb:set package 'control' build argument 'catkin_skip_building_tests' from command line to 'False'
[0.668s] DEBUG:colcon.colcon_core.verb:Building package 'control' with the following arguments: {'ament_cmake_args': None, 'build_base': '/home/jelly/h10_sim/h10_sim/build/control', 'catkin_cmake_args': None, 'catkin_skip_building_tests': False, 'cmake_args': None, 'cmake_clean_cache': False, 'cmake_clean_first': False, 'cmake_force_configure': False, 'cmake_target': None, 'cmake_target_skip_unavailable': False, 'install_base': '/home/jelly/h10_sim/h10_sim/install/control', 'merge_install': False, 'path': '/home/jelly/h10_sim/h10_sim/control', 'symlink_install': True, 'test_result_base': None}
[0.668s] Level 5:colcon.colcon_core.verb:set package 'gazebo_camera_bridge' build argument 'cmake_args' from command line to 'None'
[0.668s] Level 5:colcon.colcon_core.verb:set package 'gazebo_camera_bridge' build argument 'cmake_target' from command line to 'None'
[0.668s] Level 5:colcon.colcon_core.verb:set package 'gazebo_camera_bridge' build argument 'cmake_target_skip_unavailable' from command line to 'False'
[0.668s] Level 5:colcon.colcon_core.verb:set package 'gazebo_camera_bridge' build argument 'cmake_clean_cache' from command line to 'False'
[0.669s] Level 5:colcon.colcon_core.verb:set package 'gazebo_camera_bridge' build argument 'cmake_clean_first' from command line to 'False'
[0.669s] Level 5:colcon.colcon_core.verb:set package 'gazebo_camera_bridge' build argument 'cmake_force_configure' from command line to 'False'
[0.669s] Level 5:colcon.colcon_core.verb:set package 'gazebo_camera_bridge' build argument 'ament_cmake_args' from command line to 'None'
[0.669s] Level 5:colcon.colcon_core.verb:set package 'gazebo_camera_bridge' build argument 'catkin_cmake_args' from command line to 'None'
[0.669s] Level 5:colcon.colcon_core.verb:set package 'gazebo_camera_bridge' build argument 'catkin_skip_building_tests' from command line to 'False'
[0.669s] DEBUG:colcon.colcon_core.verb:Building package 'gazebo_camera_bridge' with the following arguments: {'ament_cmake_args': None, 'build_base': '/home/jelly/h10_sim/h10_sim/build/gazebo_camera_bridge', 'catkin_cmake_args': None, 'catkin_skip_building_tests': False, 'cmake_args': None, 'cmake_clean_cache': False, 'cmake_clean_first': False, 'cmake_force_configure': False, 'cmake_target': None, 'cmake_target_skip_unavailable': False, 'install_base': '/home/jelly/h10_sim/h10_sim/install/gazebo_camera_bridge', 'merge_install': False, 'path': '/home/jelly/h10_sim/h10_sim/gazebo_camera_bridge', 'symlink_install': True, 'test_result_base': None}
[0.669s] Level 5:colcon.colcon_core.verb:set package 'simple_auv' build argument 'cmake_args' from command line to 'None'
[0.669s] Level 5:colcon.colcon_core.verb:set package 'simple_auv' build argument 'cmake_target' from command line to 'None'
[0.669s] Level 5:colcon.colcon_core.verb:set package 'simple_auv' build argument 'cmake_target_skip_unavailable' from command line to 'False'
[0.669s] Level 5:colcon.colcon_core.verb:set package 'simple_auv' build argument 'cmake_clean_cache' from command line to 'False'
[0.670s] Level 5:colcon.colcon_core.verb:set package 'simple_auv' build argument 'cmake_clean_first' from command line to 'False'
[0.670s] Level 5:colcon.colcon_core.verb:set package 'simple_auv' build argument 'cmake_force_configure' from command line to 'False'
[0.670s] Level 5:colcon.colcon_core.verb:set package 'simple_auv' build argument 'ament_cmake_args' from command line to 'None'
[0.670s] Level 5:colcon.colcon_core.verb:set package 'simple_auv' build argument 'catkin_cmake_args' from command line to 'None'
[0.670s] Level 5:colcon.colcon_core.verb:set package 'simple_auv' build argument 'catkin_skip_building_tests' from command line to 'False'
[0.670s] DEBUG:colcon.colcon_core.verb:Building package 'simple_auv' with the following arguments: {'ament_cmake_args': None, 'build_base': '/home/jelly/h10_sim/h10_sim/build/simple_auv', 'catkin_cmake_args': None, 'catkin_skip_building_tests': False, 'cmake_args': None, 'cmake_clean_cache': False, 'cmake_clean_first': False, 'cmake_force_configure': False, 'cmake_target': None, 'cmake_target_skip_unavailable': False, 'install_base': '/home/jelly/h10_sim/h10_sim/install/simple_auv', 'merge_install': False, 'path': '/home/jelly/h10_sim/h10_sim/gazebo', 'symlink_install': True, 'test_result_base': None}
[0.670s] INFO:colcon.colcon_core.executor:Executing jobs using 'parallel' executor
[0.671s] DEBUG:colcon.colcon_parallel_executor.executor.parallel:run_until_complete
[0.672s] INFO:colcon.colcon_ros.task.ament_python.build:Building ROS package in '/home/jelly/h10_sim/h10_sim/control' with build type 'ament_python'
[0.672s] Level 1:colcon.colcon_core.shell:create_environment_hook('control', 'ament_prefix_path')
[0.675s] INFO:colcon.colcon_core.plugin_system:Skipping extension 'colcon_core.shell.bat': Not used on non-Windows systems
[0.676s] INFO:colcon.colcon_core.shell:Creating environment hook '/home/jelly/h10_sim/h10_sim/install/control/share/control/hook/ament_prefix_path.ps1'
[0.677s] INFO:colcon.colcon_core.shell:Creating environment descriptor '/home/jelly/h10_sim/h10_sim/install/control/share/control/hook/ament_prefix_path.dsv'
[0.678s] INFO:colcon.colcon_core.shell:Creating environment hook '/home/jelly/h10_sim/h10_sim/install/control/share/control/hook/ament_prefix_path.sh'
[0.680s] INFO:colcon.colcon_core.shell:Skip shell extension 'powershell' for command environment: Not usable outside of PowerShell
[0.680s] DEBUG:colcon.colcon_core.shell:Skip shell extension 'dsv' for command environment
[0.685s] INFO:colcon.colcon_ros.task.ament_cmake.build:Building ROS package in '/home/jelly/h10_sim/h10_sim/gazebo_camera_bridge' with build type 'ament_cmake'
[0.685s] INFO:colcon.colcon_cmake.task.cmake.build:Building CMake package in '/home/jelly/h10_sim/h10_sim/gazebo_camera_bridge'
[0.686s] INFO:colcon.colcon_core.shell:Skip shell extension 'powershell' for command environment: Not usable outside of PowerShell
[0.686s] DEBUG:colcon.colcon_core.shell:Skip shell extension 'dsv' for command environment
[0.690s] INFO:colcon.colcon_ros.task.catkin.build:Building ROS package in '/home/jelly/h10_sim/h10_sim/gazebo' with build type 'catkin'
[0.691s] INFO:colcon.colcon_cmake.task.cmake.build:Building CMake package in '/home/jelly/h10_sim/h10_sim/gazebo'
[0.691s] INFO:colcon.colcon_core.shell:Skip shell extension 'powershell' for command environment: Not usable outside of PowerShell
[0.691s] DEBUG:colcon.colcon_core.shell:Skip shell extension 'dsv' for command environment
[1.170s] INFO:colcon.colcon_core.task.python.build:Building Python package in '/home/jelly/h10_sim/h10_sim/control'
[1.171s] INFO:colcon.colcon_core.shell:Skip shell extension 'powershell' for command environment: Not usable outside of PowerShell
[1.171s] DEBUG:colcon.colcon_core.shell:Skip shell extension 'dsv' for command environment
[1.183s] DEBUG:colcon.colcon_core.event_handler.log_command:Invoking command in '/home/jelly/h10_sim/h10_sim/build/gazebo_camera_bridge': CMAKE_PREFIX_PATH=/home/jelly/h10_sim/h10_sim/install/control:/opt/ros/humble /usr/bin/cmake /home/jelly/h10_sim/h10_sim/gazebo_camera_bridge -DAMENT_CMAKE_SYMLINK_INSTALL=1 -DCMAKE_INSTALL_PREFIX=/home/jelly/h10_sim/h10_sim/install/gazebo_camera_bridge
[1.188s] DEBUG:colcon.colcon_core.event_handler.log_command:Invoking command in '/home/jelly/h10_sim/h10_sim/build/simple_auv': /usr/bin/cmake /home/jelly/h10_sim/h10_sim/gazebo -DCATKIN_INSTALL_INTO_PREFIX_ROOT=0 -DCATKIN_SYMLINK_INSTALL=ON -DCMAKE_INSTALL_PREFIX=/home/jelly/h10_sim/h10_sim/install/simple_auv
[1.777s] DEBUG:colcon.colcon_core.event_handler.log_command:Invoked command in '/home/jelly/h10_sim/h10_sim/build/simple_auv' returned '0': /usr/bin/cmake /home/jelly/h10_sim/h10_sim/gazebo -DCATKIN_INSTALL_INTO_PREFIX_ROOT=0 -DCATKIN_SYMLINK_INSTALL=ON -DCMAKE_INSTALL_PREFIX=/home/jelly/h10_sim/h10_sim/install/simple_auv
[1.781s] DEBUG:colcon.colcon_core.event_handler.log_command:Invoking command in '/home/jelly/h10_sim/h10_sim/build/simple_auv': /usr/bin/cmake --build /home/jelly/h10_sim/h10_sim/build/simple_auv -- -j8 -l8
[1.841s] DEBUG:colcon.colcon_core.event_handler.log_command:Invoked command in '/home/jelly/h10_sim/h10_sim/build/simple_auv' returned '0': /usr/bin/cmake --build /home/jelly/h10_sim/h10_sim/build/simple_auv -- -j8 -l8
[1.926s] DEBUG:colcon.colcon_core.event_handler.log_command:Invoking command in '/home/jelly/h10_sim/h10_sim/build/simple_auv': /usr/bin/cmake --install /home/jelly/h10_sim/h10_sim/build/simple_auv
[1.932s] DEBUG:colcon.colcon_core.event_handler.log_command:Invoking command in '/home/jelly/h10_sim/h10_sim/build/control': PYTHONPATH=/home/jelly/h10_sim/h10_sim/build/control/prefix_override:/usr/lib/python3/dist-packages/colcon_core/task/python/colcon_distutils_commands:/home/jelly/h10_sim/h10_sim/install/control/lib/python3.10/site-packages:${PYTHONPATH} /usr/bin/python3 -W ignore:setup.py install is deprecated setup.py develop --editable --build-directory /home/jelly/h10_sim/h10_sim/build/control/build --no-deps symlink_data
[2.041s] DEBUG:colcon.colcon_core.event_handler.log_command:Invoked command in '/home/jelly/h10_sim/h10_sim/build/simple_auv' returned '0': /usr/bin/cmake --install /home/jelly/h10_sim/h10_sim/build/simple_auv
[2.071s] Level 1:colcon.colcon_core.shell:create_environment_hook('simple_auv', 'ros_package_path')
[2.072s] INFO:colcon.colcon_core.shell:Creating environment hook '/home/jelly/h10_sim/h10_sim/install/simple_auv/share/simple_auv/hook/ros_package_path.ps1'
[2.073s] INFO:colcon.colcon_core.shell:Creating environment descriptor '/home/jelly/h10_sim/h10_sim/install/simple_auv/share/simple_auv/hook/ros_package_path.dsv'
[2.074s] INFO:colcon.colcon_core.shell:Creating environment hook '/home/jelly/h10_sim/h10_sim/install/simple_auv/share/simple_auv/hook/ros_package_path.sh'
[2.075s] Level 1:colcon.colcon_core.shell:create_environment_hook('simple_auv', 'pkg_config_path')
[2.076s] INFO:colcon.colcon_core.shell:Creating environment hook '/home/jelly/h10_sim/h10_sim/install/simple_auv/share/simple_auv/hook/pkg_config_path.ps1'
[2.076s] INFO:colcon.colcon_core.shell:Creating environment descriptor '/home/jelly/h10_sim/h10_sim/install/simple_auv/share/simple_auv/hook/pkg_config_path.dsv'
[2.077s] INFO:colcon.colcon_core.shell:Creating environment hook '/home/jelly/h10_sim/h10_sim/install/simple_auv/share/simple_auv/hook/pkg_config_path.sh'
[2.080s] Level 1:colcon.colcon_core.shell:create_environment_hook('simple_auv', 'pkg_config_path_multiarch')
[2.081s] INFO:colcon.colcon_core.shell:Creating environment hook '/home/jelly/h10_sim/h10_sim/install/simple_auv/share/simple_auv/hook/pkg_config_path_multiarch.ps1'
[2.082s] INFO:colcon.colcon_core.shell:Creating environment descriptor '/home/jelly/h10_sim/h10_sim/install/simple_auv/share/simple_auv/hook/pkg_config_path_multiarch.dsv'
[2.082s] INFO:colcon.colcon_core.shell:Creating environment hook '/home/jelly/h10_sim/h10_sim/install/simple_auv/share/simple_auv/hook/pkg_config_path_multiarch.sh'
[2.085s] Level 1:colcon.colcon_core.environment:create_environment_scripts_only(simple_auv)
[2.091s] Level 1:colcon.colcon_core.environment:checking '/home/jelly/h10_sim/h10_sim/install/simple_auv' for CMake module files
[2.092s] Level 1:colcon.colcon_core.environment:checking '/home/jelly/h10_sim/h10_sim/install/simple_auv' for CMake config files
[2.093s] Level 1:colcon.colcon_core.environment:checking '/home/jelly/h10_sim/h10_sim/install/simple_auv/bin'
[2.093s] Level 1:colcon.colcon_core.environment:checking '/home/jelly/h10_sim/h10_sim/install/simple_auv/lib/pkgconfig/simple_auv.pc'
[2.094s] Level 1:colcon.colcon_core.environment:checking '/home/jelly/h10_sim/h10_sim/install/simple_auv/lib/python3.10/site-packages'
[2.094s] Level 1:colcon.colcon_core.environment:checking '/home/jelly/h10_sim/h10_sim/install/simple_auv/bin'
[2.095s] INFO:colcon.colcon_core.shell:Creating package script '/home/jelly/h10_sim/h10_sim/install/simple_auv/share/simple_auv/package.ps1'
[2.099s] INFO:colcon.colcon_core.shell:Creating package descriptor '/home/jelly/h10_sim/h10_sim/install/simple_auv/share/simple_auv/package.dsv'
[2.100s] INFO:colcon.colcon_core.shell:Creating package script '/home/jelly/h10_sim/h10_sim/install/simple_auv/share/simple_auv/package.sh'
[2.102s] INFO:colcon.colcon_core.shell:Creating package script '/home/jelly/h10_sim/h10_sim/install/simple_auv/share/simple_auv/package.bash'
[2.104s] INFO:colcon.colcon_core.shell:Creating package script '/home/jelly/h10_sim/h10_sim/install/simple_auv/share/simple_auv/package.zsh'
[2.106s] Level 1:colcon.colcon_core.environment:create_file_with_runtime_dependencies(/home/jelly/h10_sim/h10_sim/install/simple_auv/share/colcon-core/packages/simple_auv)
[2.862s] Level 1:colcon.colcon_core.shell:create_environment_hook('control', 'pythonpath_develop')
[2.862s] INFO:colcon.colcon_core.shell:Creating environment hook '/home/jelly/h10_sim/h10_sim/build/control/share/control/hook/pythonpath_develop.ps1'
[2.863s] DEBUG:colcon.colcon_core.event_handler.log_command:Invoked command in '/home/jelly/h10_sim/h10_sim/build/control' returned '0': PYTHONPATH=/home/jelly/h10_sim/h10_sim/build/control/prefix_override:/usr/lib/python3/dist-packages/colcon_core/task/python/colcon_distutils_commands:/home/jelly/h10_sim/h10_sim/install/control/lib/python3.10/site-packages:${PYTHONPATH} /usr/bin/python3 -W ignore:setup.py install is deprecated setup.py develop --editable --build-directory /home/jelly/h10_sim/h10_sim/build/control/build --no-deps symlink_data
[2.864s] INFO:colcon.colcon_core.shell:Creating environment descriptor '/home/jelly/h10_sim/h10_sim/build/control/share/control/hook/pythonpath_develop.dsv'
[2.865s] INFO:colcon.colcon_core.shell:Creating environment hook '/home/jelly/h10_sim/h10_sim/build/control/share/control/hook/pythonpath_develop.sh'
[2.866s] Level 1:colcon.colcon_core.environment:checking '/home/jelly/h10_sim/h10_sim/install/control' for CMake module files
[2.866s] Level 1:colcon.colcon_core.environment:checking '/home/jelly/h10_sim/h10_sim/install/control' for CMake config files
[2.867s] Level 1:colcon.colcon_core.environment:checking '/home/jelly/h10_sim/h10_sim/install/control/lib'
[2.867s] Level 1:colcon.colcon_core.environment:checking '/home/jelly/h10_sim/h10_sim/install/control/bin'
[2.867s] Level 1:colcon.colcon_core.environment:checking '/home/jelly/h10_sim/h10_sim/install/control/lib/pkgconfig/control.pc'
[2.868s] Level 1:colcon.colcon_core.environment:checking '/home/jelly/h10_sim/h10_sim/install/control/lib/python3.10/site-packages'
[2.868s] Level 1:colcon.colcon_core.shell:create_environment_hook('control', 'pythonpath')
[2.868s] INFO:colcon.colcon_core.shell:Creating environment hook '/home/jelly/h10_sim/h10_sim/install/control/share/control/hook/pythonpath.ps1'
[2.869s] INFO:colcon.colcon_core.shell:Creating environment descriptor '/home/jelly/h10_sim/h10_sim/install/control/share/control/hook/pythonpath.dsv'
[2.869s] INFO:colcon.colcon_core.shell:Creating environment hook '/home/jelly/h10_sim/h10_sim/install/control/share/control/hook/pythonpath.sh'
[2.870s] Level 1:colcon.colcon_core.environment:checking '/home/jelly/h10_sim/h10_sim/install/control/bin'
[2.870s] Level 1:colcon.colcon_core.environment:create_environment_scripts_only(control)
[2.871s] INFO:colcon.colcon_core.shell:Creating package script '/home/jelly/h10_sim/h10_sim/install/control/share/control/package.ps1'
[2.872s] INFO:colcon.colcon_core.shell:Creating package descriptor '/home/jelly/h10_sim/h10_sim/install/control/share/control/package.dsv'
[2.873s] INFO:colcon.colcon_core.shell:Creating package script '/home/jelly/h10_sim/h10_sim/install/control/share/control/package.sh'
[2.873s] INFO:colcon.colcon_core.shell:Creating package script '/home/jelly/h10_sim/h10_sim/install/control/share/control/package.bash'
[2.874s] INFO:colcon.colcon_core.shell:Creating package script '/home/jelly/h10_sim/h10_sim/install/control/share/control/package.zsh'
[2.874s] Level 1:colcon.colcon_core.environment:create_file_with_runtime_dependencies(/home/jelly/h10_sim/h10_sim/install/control/share/colcon-core/packages/control)
[3.295s] DEBUG:colcon.colcon_core.event_handler.log_command:Invoked command in '/home/jelly/h10_sim/h10_sim/build/gazebo_camera_bridge' returned '1': CMAKE_PREFIX_PATH=/home/jelly/h10_sim/h10_sim/install/control:/opt/ros/humble /usr/bin/cmake /home/jelly/h10_sim/h10_sim/gazebo_camera_bridge -DAMENT_CMAKE_SYMLINK_INSTALL=1 -DCMAKE_INSTALL_PREFIX=/home/jelly/h10_sim/h10_sim/install/gazebo_camera_bridge
[3.314s] Level 1:colcon.colcon_core.environment:create_environment_scripts_only(gazebo_camera_bridge)
[3.315s] Level 1:colcon.colcon_core.environment:checking '/home/jelly/h10_sim/h10_sim/install/gazebo_camera_bridge' for CMake module files
[3.315s] Level 1:colcon.colcon_core.environment:checking '/home/jelly/h10_sim/h10_sim/install/gazebo_camera_bridge' for CMake config files
[3.316s] Level 1:colcon.colcon_core.environment:checking '/home/jelly/h10_sim/h10_sim/install/gazebo_camera_bridge/bin'
[3.316s] Level 1:colcon.colcon_core.environment:checking '/home/jelly/h10_sim/h10_sim/install/gazebo_camera_bridge/lib/pkgconfig/gazebo_camera_bridge.pc'
[3.316s] Level 1:colcon.colcon_core.environment:checking '/home/jelly/h10_sim/h10_sim/install/gazebo_camera_bridge/lib/python3.10/site-packages'
[3.317s] Level 1:colcon.colcon_core.environment:checking '/home/jelly/h10_sim/h10_sim/install/gazebo_camera_bridge/bin'
[3.317s] INFO:colcon.colcon_core.shell:Creating package script '/home/jelly/h10_sim/h10_sim/install/gazebo_camera_bridge/share/gazebo_camera_bridge/package.ps1'
[3.318s] INFO:colcon.colcon_core.shell:Creating package descriptor '/home/jelly/h10_sim/h10_sim/install/gazebo_camera_bridge/share/gazebo_camera_bridge/package.dsv'
[3.319s] INFO:colcon.colcon_core.shell:Creating package script '/home/jelly/h10_sim/h10_sim/install/gazebo_camera_bridge/share/gazebo_camera_bridge/package.sh'
[3.319s] INFO:colcon.colcon_core.shell:Creating package script '/home/jelly/h10_sim/h10_sim/install/gazebo_camera_bridge/share/gazebo_camera_bridge/package.bash'
[3.320s] INFO:colcon.colcon_core.shell:Creating package script '/home/jelly/h10_sim/h10_sim/install/gazebo_camera_bridge/share/gazebo_camera_bridge/package.zsh'
[3.320s] Level 1:colcon.colcon_core.environment:create_file_with_runtime_dependencies(/home/jelly/h10_sim/h10_sim/install/gazebo_camera_bridge/share/colcon-core/packages/gazebo_camera_bridge)
[3.331s] DEBUG:colcon.colcon_parallel_executor.executor.parallel:closing loop
[3.331s] DEBUG:colcon.colcon_parallel_executor.executor.parallel:loop closed
[3.331s] DEBUG:colcon.colcon_parallel_executor.executor.parallel:run_until_complete finished with '1'
[3.331s] DEBUG:colcon.colcon_core.event_reactor:joining thread
[3.340s] INFO:colcon.colcon_core.plugin_system:Skipping extension 'colcon_notification.desktop_notification.terminal_notifier': Not used on non-Darwin systems
[3.340s] INFO:colcon.colcon_core.plugin_system:Skipping extension 'colcon_notification.desktop_notification.win32': Not used on non-Windows systems
[3.340s] INFO:colcon.colcon_notification.desktop_notification:Sending desktop notification using 'notify2'
[3.353s] DEBUG:colcon.colcon_core.event_reactor:joined thread
[3.354s] INFO:colcon.colcon_core.shell:Creating prefix script '/home/jelly/h10_sim/h10_sim/install/local_setup.ps1'
[3.356s] INFO:colcon.colcon_core.shell:Creating prefix util module '/home/jelly/h10_sim/h10_sim/install/_local_setup_util_ps1.py'
[3.358s] INFO:colcon.colcon_core.shell:Creating prefix chain script '/home/jelly/h10_sim/h10_sim/install/setup.ps1'
[3.360s] INFO:colcon.colcon_core.shell:Creating prefix script '/home/jelly/h10_sim/h10_sim/install/local_setup.sh'
[3.361s] INFO:colcon.colcon_core.shell:Creating prefix util module '/home/jelly/h10_sim/h10_sim/install/_local_setup_util_sh.py'
[3.362s] INFO:colcon.colcon_core.shell:Creating prefix chain script '/home/jelly/h10_sim/h10_sim/install/setup.sh'
[3.364s] INFO:colcon.colcon_core.shell:Creating prefix script '/home/jelly/h10_sim/h10_sim/install/local_setup.bash'
[3.365s] INFO:colcon.colcon_core.shell:Creating prefix chain script '/home/jelly/h10_sim/h10_sim/install/setup.bash'
[3.366s] INFO:colcon.colcon_core.shell:Creating prefix script '/home/jelly/h10_sim/h10_sim/install/local_setup.zsh'
[3.367s] INFO:colcon.colcon_core.shell:Creating prefix chain script '/home/jelly/h10_sim/h10_sim/install/setup.zsh'
